#
# There is insufficient memory for the Java Runtime Environment to continue.
# Native memory allocation (malloc) failed to allocate 840976 bytes for Chunk::new
# Possible reasons:
#   The system is out of physical RAM or swap space
#   The process is running with CompressedOops enabled, and the Java Heap may be blocking the growth of the native heap
# Possible solutions:
#   Reduce memory load on the system
#   Increase physical memory or swap space
#   Check if swap backing store is full
#   Decrease Java heap size (-Xmx/-Xms)
#   Decrease number of Java threads
#   Decrease Java thread stack sizes (-Xss)
#   Set larger code cache with -XX:ReservedCodeCacheSize=
#   JVM is running with Unscaled Compressed Oops mode in which the Java heap is
#     placed in the first 4GB address space. The Java Heap base address is the
#     maximum limit for the native heap growth. Please use -XX:HeapBaseMinAddress
#     to set the Java Heap base and to place the Java Heap above 4GB virtual address.
# This output file may be truncated or incomplete.
#
#  Out of Memory Error (arena.cpp:189), pid=6464, tid=4396
#
# JRE version: Java(TM) SE Runtime Environment (17.0.9+11) (build 17.0.9+11-LTS-201)
# Java VM: Java HotSpot(TM) 64-Bit Server VM (17.0.9+11-LTS-201, mixed mode, sharing, tiered, compressed oops, compressed class ptrs, g1 gc, windows-amd64)
# No core dump will be written. Minidumps are not enabled by default on client versions of Windows
#

---------------  S U M M A R Y ------------

Command Line: -javaagent:C:\Program Files\JetBrains\IntelliJ IDEA Community Edition 2023.3.2\lib\idea_rt.jar=52990:C:\Program Files\JetBrains\IntelliJ IDEA Community Edition 2023.3.2\bin -Dfile.encoding=UTF-8 com.microservices.transaccion_service.TransaccionServiceApplication

Host: Intel(R) Core(TM) i3-7020U CPU @ 2.30GHz, 4 cores, 7G,  Windows 10 , 64 bit Build 19041 (10.0.19041.5438)
Time: Thu Feb 27 23:07:37 2025 Hora estándar de Argentina elapsed time: 34.479939 seconds (0d 0h 0m 34s)

---------------  T H R E A D  ---------------

Current thread (0x000002ce7ebdc010):  JavaThread "C2 CompilerThread1" daemon [_thread_in_native, id=4396, stack(0x000000dab8000000,0x000000dab8100000)]


Current CompileTask:
C2:  34480 7498   !   4       org.springframework.aop.aspectj.AspectJExpressionPointcut::getTargetShadowMatch (98 bytes)

Stack: [0x000000dab8000000,0x000000dab8100000]
Native frames: (J=compiled Java code, j=interpreted, Vv=VM code, C=native code)
V  [jvm.dll+0x678a4a]
V  [jvm.dll+0x7d9cfd]
V  [jvm.dll+0x7db60e]
V  [jvm.dll+0x7dbc73]
V  [jvm.dll+0x245e1f]
V  [jvm.dll+0xaaafb]
V  [jvm.dll+0xab09c]
V  [jvm.dll+0x2ab7ef]
V  [jvm.dll+0x5812e5]
V  [jvm.dll+0x220c52]
V  [jvm.dll+0x219b15]
V  [jvm.dll+0x217459]
V  [jvm.dll+0x1a3bc0]
V  [jvm.dll+0x2272de]
V  [jvm.dll+0x22548b]
V  [jvm.dll+0x78f58c]
V  [jvm.dll+0x78998a]
V  [jvm.dll+0x677875]
C  [ucrtbase.dll+0x21bb2]
C  [KERNEL32.DLL+0x17374]
C  [ntdll.dll+0x4cc91]


---------------  P R O C E S S  ---------------

Threads class SMR info:
_java_thread_list=0x000002ce7dd749c0, length=23, elements={
0x000002ce5840d370, 0x000002ce75c5df60, 0x000002ce75c5f300, 0x000002ce75c6ff90,
0x000002ce75c73880, 0x000002ce75c74150, 0x000002ce75c74a20, 0x000002ce75c75620,
0x000002ce75c767f0, 0x000002ce7a010060, 0x000002ce7a032300, 0x000002ce7a48bf60,
0x000002ce7a48c440, 0x000002ce7b421160, 0x000002ce7b4226f0, 0x000002ce75cc3b50,
0x000002ce7d623170, 0x000002ce7d621d30, 0x000002ce7d6245b0, 0x000002ce7d622750,
0x000002ce7d623b90, 0x000002ce7ebdc010, 0x000002ce7d621310
}

Java Threads: ( => current thread )
  0x000002ce5840d370 JavaThread "main" [_thread_blocked, id=492, stack(0x000000dab5e00000,0x000000dab5f00000)]
  0x000002ce75c5df60 JavaThread "Reference Handler" daemon [_thread_blocked, id=17956, stack(0x000000dab6500000,0x000000dab6600000)]
  0x000002ce75c5f300 JavaThread "Finalizer" daemon [_thread_blocked, id=9680, stack(0x000000dab6600000,0x000000dab6700000)]
  0x000002ce75c6ff90 JavaThread "Signal Dispatcher" daemon [_thread_blocked, id=12196, stack(0x000000dab6700000,0x000000dab6800000)]
  0x000002ce75c73880 JavaThread "Attach Listener" daemon [_thread_blocked, id=15016, stack(0x000000dab6800000,0x000000dab6900000)]
  0x000002ce75c74150 JavaThread "Service Thread" daemon [_thread_blocked, id=20740, stack(0x000000dab6900000,0x000000dab6a00000)]
  0x000002ce75c74a20 JavaThread "Monitor Deflation Thread" daemon [_thread_blocked, id=21248, stack(0x000000dab6a00000,0x000000dab6b00000)]
  0x000002ce75c75620 JavaThread "C2 CompilerThread0" daemon [_thread_in_native, id=17316, stack(0x000000dab6b00000,0x000000dab6c00000)]
  0x000002ce75c767f0 JavaThread "C1 CompilerThread0" daemon [_thread_blocked, id=15768, stack(0x000000dab6c00000,0x000000dab6d00000)]
  0x000002ce7a010060 JavaThread "Sweeper thread" daemon [_thread_blocked, id=20184, stack(0x000000dab6d00000,0x000000dab6e00000)]
  0x000002ce7a032300 JavaThread "Common-Cleaner" daemon [_thread_blocked, id=14476, stack(0x000000dab6e00000,0x000000dab6f00000)]
  0x000002ce7a48bf60 JavaThread "Monitor Ctrl-Break" daemon [_thread_in_native, id=8532, stack(0x000000dab6f00000,0x000000dab7000000)]
  0x000002ce7a48c440 JavaThread "Notification Thread" daemon [_thread_blocked, id=10080, stack(0x000000dab7000000,0x000000dab7100000)]
  0x000002ce7b421160 JavaThread "Thread-0" [_thread_blocked, id=20444, stack(0x000000dab7600000,0x000000dab7700000)]
  0x000002ce7b4226f0 JavaThread "restartedMain" [_thread_in_Java, id=3184, stack(0x000000dab7700000,0x000000dab7800000)]
  0x000002ce75cc3b50 JavaThread "Keep-Alive-Timer" daemon [_thread_blocked, id=14992, stack(0x000000dab7900000,0x000000dab7a00000)]
  0x000002ce7d623170 JavaThread "Catalina-utility-1" [_thread_blocked, id=15420, stack(0x000000dab7a00000,0x000000dab7b00000)]
  0x000002ce7d621d30 JavaThread "Catalina-utility-2" [_thread_blocked, id=8580, stack(0x000000dab7c00000,0x000000dab7d00000)]
  0x000002ce7d6245b0 JavaThread "container-0" [_thread_blocked, id=19220, stack(0x000000dab7d00000,0x000000dab7e00000)]
  0x000002ce7d622750 JavaThread "mysql-cj-abandoned-connection-cleanup" daemon [_thread_blocked, id=22372, stack(0x000000dab7e00000,0x000000dab7f00000)]
  0x000002ce7d623b90 JavaThread "HikariPool-1 housekeeper" daemon [_thread_blocked, id=4148, stack(0x000000dab7b00000,0x000000dab7c00000)]
=>0x000002ce7ebdc010 JavaThread "C2 CompilerThread1" daemon [_thread_in_native, id=4396, stack(0x000000dab8000000,0x000000dab8100000)]
  0x000002ce7d621310 JavaThread "spring.cloud.inetutils" daemon [_thread_blocked, id=21604, stack(0x000000dab5b00000,0x000000dab5c00000)]

Other Threads:
  0x000002ce75c57fe0 VMThread "VM Thread" [stack: 0x000000dab6400000,0x000000dab6500000] [id=8048]
  0x000002ce7a25a1b0 WatcherThread [stack: 0x000000dab7100000,0x000000dab7200000] [id=17108]
  0x000002ce58466d50 GCTaskThread "GC Thread#0" [stack: 0x000000dab5f00000,0x000000dab6000000] [id=6216]
  0x000002ce7a460b80 GCTaskThread "GC Thread#1" [stack: 0x000000dab7200000,0x000000dab7300000] [id=11740]
  0x000002ce7a461ec0 GCTaskThread "GC Thread#2" [stack: 0x000000dab7300000,0x000000dab7400000] [id=5580]
  0x000002ce7a462180 GCTaskThread "GC Thread#3" [stack: 0x000000dab7400000,0x000000dab7500000] [id=2984]
  0x000002ce58478c00 ConcurrentGCThread "G1 Main Marker" [stack: 0x000000dab6000000,0x000000dab6100000] [id=20532]
  0x000002ce58479520 ConcurrentGCThread "G1 Conc#0" [stack: 0x000000dab6100000,0x000000dab6200000] [id=20716]
  0x000002ce584cd690 ConcurrentGCThread "G1 Refine#0" [stack: 0x000000dab6200000,0x000000dab6300000] [id=14548]
  0x000002ce7abfeaa0 ConcurrentGCThread "G1 Refine#1" [stack: 0x000000dab7500000,0x000000dab7600000] [id=19312]
  0x000002ce584cdfd0 ConcurrentGCThread "G1 Service" [stack: 0x000000dab6300000,0x000000dab6400000] [id=10828]

Threads with active compile tasks:
C2 CompilerThread0    34561 7499       4       org.springframework.aop.aspectj.AspectJExpressionPointcut::matches (69 bytes)
C2 CompilerThread1    34561 7498   !   4       org.springframework.aop.aspectj.AspectJExpressionPointcut::getTargetShadowMatch (98 bytes)

VM state: not at safepoint (normal execution)

VM Mutex/Monitor currently owned by a thread: None

Heap address: 0x0000000081e00000, size: 2018 MB, Compressed Oops mode: 32-bit

CDS archive(s) mapped at: [0x000002ce00000000-0x000002ce00bd0000-0x000002ce00bd0000), size 12386304, SharedBaseAddress: 0x000002ce00000000, ArchiveRelocationMode: 1.
Compressed class space mapped at: 0x000002ce01000000-0x000002ce41000000, reserved size: 1073741824
Narrow klass base: 0x000002ce00000000, Narrow klass shift: 0, Narrow klass range: 0x100000000

GC Precious Log:
 CPUs: 4 total, 4 available
 Memory: 8071M
 Large Page Support: Disabled
 NUMA Support: Disabled
 Compressed Oops: Enabled (32-bit)
 Heap Region Size: 1M
 Heap Min Capacity: 8M
 Heap Initial Capacity: 128M
 Heap Max Capacity: 2018M
 Pre-touch: Disabled
 Parallel Workers: 4
 Concurrent Workers: 1
 Concurrent Refinement Workers: 4
 Periodic GC: Disabled

Heap:
 garbage-first heap   total 178176K, used 54260K [0x0000000081e00000, 0x0000000100000000)
  region size 1024K, 7 young (7168K), 2 survivors (2048K)
 Metaspace       used 79363K, committed 80000K, reserved 1179648K
  class space    used 10910K, committed 11200K, reserved 1048576K

Heap Regions: E=young(eden), S=young(survivor), O=old, HS=humongous(starts), HC=humongous(continues), CS=collection set, F=free, OA=open archive, CA=closed archive, TAMS=top-at-mark-start (previous, next)
|   0|0x0000000081e00000, 0x0000000081f00000, 0x0000000081f00000|100%|HS|  |TAMS 0x0000000081f00000, 0x0000000081e00000| Complete 
|   1|0x0000000081f00000, 0x0000000082000000, 0x0000000082000000|100%|HS|  |TAMS 0x0000000082000000, 0x0000000081f00000| Complete 
|   2|0x0000000082000000, 0x0000000082100000, 0x0000000082100000|100%|HS|  |TAMS 0x0000000082100000, 0x0000000082000000| Complete 
|   3|0x0000000082100000, 0x0000000082200000, 0x0000000082200000|100%| O|  |TAMS 0x0000000082200000, 0x0000000082100000| Untracked 
|   4|0x0000000082200000, 0x0000000082300000, 0x0000000082300000|100%| O|  |TAMS 0x0000000082300000, 0x0000000082200000| Untracked 
|   5|0x0000000082300000, 0x0000000082400000, 0x0000000082400000|100%| O|  |TAMS 0x0000000082400000, 0x0000000082300000| Untracked 
|   6|0x0000000082400000, 0x0000000082500000, 0x0000000082500000|100%| O|  |TAMS 0x0000000082500000, 0x0000000082400000| Untracked 
|   7|0x0000000082500000, 0x0000000082600000, 0x0000000082600000|100%| O|  |TAMS 0x0000000082600000, 0x0000000082500000| Untracked 
|   8|0x0000000082600000, 0x0000000082700000, 0x0000000082700000|100%| O|  |TAMS 0x0000000082700000, 0x0000000082600000| Untracked 
|   9|0x0000000082700000, 0x0000000082800000, 0x0000000082800000|100%| O|  |TAMS 0x0000000082800000, 0x0000000082700000| Untracked 
|  10|0x0000000082800000, 0x0000000082900000, 0x0000000082900000|100%| O|  |TAMS 0x0000000082900000, 0x0000000082800000| Untracked 
|  11|0x0000000082900000, 0x0000000082a00000, 0x0000000082a00000|100%| O|  |TAMS 0x0000000082a00000, 0x0000000082900000| Untracked 
|  12|0x0000000082a00000, 0x0000000082b00000, 0x0000000082b00000|100%| O|  |TAMS 0x0000000082b00000, 0x0000000082a00000| Untracked 
|  13|0x0000000082b00000, 0x0000000082c00000, 0x0000000082c00000|100%| O|  |TAMS 0x0000000082c00000, 0x0000000082b00000| Untracked 
|  14|0x0000000082c00000, 0x0000000082d00000, 0x0000000082d00000|100%| O|  |TAMS 0x0000000082d00000, 0x0000000082c00000| Untracked 
|  15|0x0000000082d00000, 0x0000000082e00000, 0x0000000082e00000|100%| O|  |TAMS 0x0000000082e00000, 0x0000000082d00000| Untracked 
|  16|0x0000000082e00000, 0x0000000082f00000, 0x0000000082f00000|100%| O|  |TAMS 0x0000000082f00000, 0x0000000082e00000| Untracked 
|  17|0x0000000082f00000, 0x0000000083000000, 0x0000000083000000|100%| O|  |TAMS 0x0000000083000000, 0x0000000082f00000| Untracked 
|  18|0x0000000083000000, 0x0000000083100000, 0x0000000083100000|100%| O|  |TAMS 0x0000000083100000, 0x0000000083000000| Untracked 
|  19|0x0000000083100000, 0x0000000083200000, 0x0000000083200000|100%| O|  |TAMS 0x0000000083200000, 0x0000000083100000| Untracked 
|  20|0x0000000083200000, 0x0000000083300000, 0x0000000083300000|100%| O|  |TAMS 0x0000000083300000, 0x0000000083200000| Untracked 
|  21|0x0000000083300000, 0x0000000083400000, 0x0000000083400000|100%| O|  |TAMS 0x0000000083400000, 0x0000000083300000| Untracked 
|  22|0x0000000083400000, 0x0000000083500000, 0x0000000083500000|100%| O|  |TAMS 0x0000000083500000, 0x0000000083400000| Untracked 
|  23|0x0000000083500000, 0x0000000083500000, 0x0000000083600000|  0%| F|  |TAMS 0x0000000083500000, 0x0000000083500000| Untracked 
|  24|0x0000000083600000, 0x0000000083700000, 0x0000000083700000|100%| O|  |TAMS 0x0000000083700000, 0x0000000083600000| Untracked 
|  25|0x0000000083700000, 0x0000000083800000, 0x0000000083800000|100%| O|  |TAMS 0x0000000083800000, 0x0000000083700000| Untracked 
|  26|0x0000000083800000, 0x0000000083900000, 0x0000000083900000|100%| O|  |TAMS 0x0000000083900000, 0x0000000083800000| Untracked 
|  27|0x0000000083900000, 0x0000000083a00000, 0x0000000083a00000|100%| O|  |TAMS 0x0000000083a00000, 0x0000000083900000| Untracked 
|  28|0x0000000083a00000, 0x0000000083b00000, 0x0000000083b00000|100%| O|  |TAMS 0x0000000083b00000, 0x0000000083a00000| Untracked 
|  29|0x0000000083b00000, 0x0000000083c00000, 0x0000000083c00000|100%| O|  |TAMS 0x0000000083c00000, 0x0000000083b00000| Complete 
|  30|0x0000000083c00000, 0x0000000083d00000, 0x0000000083d00000|100%| O|  |TAMS 0x0000000083d00000, 0x0000000083c00000| Untracked 
|  31|0x0000000083d00000, 0x0000000083e00000, 0x0000000083e00000|100%| O|  |TAMS 0x0000000083e00000, 0x0000000083d00000| Untracked 
|  32|0x0000000083e00000, 0x0000000083f00000, 0x0000000083f00000|100%| O|  |TAMS 0x0000000083f00000, 0x0000000083e00000| Untracked 
|  33|0x0000000083f00000, 0x0000000084000000, 0x0000000084000000|100%| O|  |TAMS 0x0000000084000000, 0x0000000083f00000| Untracked 
|  34|0x0000000084000000, 0x0000000084100000, 0x0000000084100000|100%| O|  |TAMS 0x0000000084100000, 0x0000000084000000| Untracked 
|  35|0x0000000084100000, 0x0000000084200000, 0x0000000084200000|100%| O|  |TAMS 0x0000000084200000, 0x0000000084100000| Untracked 
|  36|0x0000000084200000, 0x0000000084300000, 0x0000000084300000|100%| O|  |TAMS 0x0000000084300000, 0x0000000084200000| Untracked 
|  37|0x0000000084300000, 0x0000000084400000, 0x0000000084400000|100%| O|  |TAMS 0x0000000084400000, 0x0000000084300000| Untracked 
|  38|0x0000000084400000, 0x0000000084500000, 0x0000000084500000|100%| O|  |TAMS 0x0000000084500000, 0x0000000084400000| Untracked 
|  39|0x0000000084500000, 0x0000000084600000, 0x0000000084600000|100%| O|  |TAMS 0x0000000084600000, 0x0000000084500000| Untracked 
|  40|0x0000000084600000, 0x0000000084700000, 0x0000000084700000|100%| O|  |TAMS 0x0000000084700000, 0x0000000084600000| Untracked 
|  41|0x0000000084700000, 0x0000000084800000, 0x0000000084800000|100%| O|  |TAMS 0x0000000084800000, 0x0000000084700000| Untracked 
|  42|0x0000000084800000, 0x0000000084900000, 0x0000000084900000|100%| O|  |TAMS 0x0000000084900000, 0x0000000084800000| Untracked 
|  43|0x0000000084900000, 0x0000000084a00000, 0x0000000084a00000|100%| O|  |TAMS 0x0000000084a00000, 0x0000000084900000| Untracked 
|  44|0x0000000084a00000, 0x0000000084b00000, 0x0000000084b00000|100%| O|  |TAMS 0x0000000084b00000, 0x0000000084a00000| Untracked 
|  45|0x0000000084b00000, 0x0000000084c00000, 0x0000000084c00000|100%| O|  |TAMS 0x0000000084c00000, 0x0000000084b00000| Untracked 
|  46|0x0000000084c00000, 0x0000000084d00000, 0x0000000084d00000|100%| O|  |TAMS 0x0000000084d00000, 0x0000000084c00000| Untracked 
|  47|0x0000000084d00000, 0x0000000084e00000, 0x0000000084e00000|100%| O|  |TAMS 0x0000000084e00000, 0x0000000084d00000| Untracked 
|  48|0x0000000084e00000, 0x0000000084eacc00, 0x0000000084f00000| 67%| O|  |TAMS 0x0000000084eacc00, 0x0000000084e00000| Untracked 
|  49|0x0000000084f00000, 0x0000000084f00000, 0x0000000085000000|  0%| F|  |TAMS 0x0000000084f00000, 0x0000000084f00000| Untracked 
|  50|0x0000000085000000, 0x0000000085000000, 0x0000000085100000|  0%| F|  |TAMS 0x0000000085000000, 0x0000000085000000| Untracked 
|  51|0x0000000085100000, 0x0000000085100000, 0x0000000085200000|  0%| F|  |TAMS 0x0000000085100000, 0x0000000085100000| Untracked 
|  52|0x0000000085200000, 0x0000000085200000, 0x0000000085300000|  0%| F|  |TAMS 0x0000000085200000, 0x0000000085200000| Untracked 
|  53|0x0000000085300000, 0x0000000085300000, 0x0000000085400000|  0%| F|  |TAMS 0x0000000085300000, 0x0000000085300000| Untracked 
|  54|0x0000000085400000, 0x0000000085400000, 0x0000000085500000|  0%| F|  |TAMS 0x0000000085400000, 0x0000000085400000| Untracked 
|  55|0x0000000085500000, 0x0000000085500000, 0x0000000085600000|  0%| F|  |TAMS 0x0000000085500000, 0x0000000085500000| Untracked 
|  56|0x0000000085600000, 0x0000000085600000, 0x0000000085700000|  0%| F|  |TAMS 0x0000000085600000, 0x0000000085600000| Untracked 
|  57|0x0000000085700000, 0x0000000085700000, 0x0000000085800000|  0%| F|  |TAMS 0x0000000085700000, 0x0000000085700000| Untracked 
|  58|0x0000000085800000, 0x0000000085800000, 0x0000000085900000|  0%| F|  |TAMS 0x0000000085800000, 0x0000000085800000| Untracked 
|  59|0x0000000085900000, 0x0000000085900000, 0x0000000085a00000|  0%| F|  |TAMS 0x0000000085900000, 0x0000000085900000| Untracked 
|  60|0x0000000085a00000, 0x0000000085a506e8, 0x0000000085b00000| 31%| S|CS|TAMS 0x0000000085a00000, 0x0000000085a00000| Complete 
|  61|0x0000000085b00000, 0x0000000085c00000, 0x0000000085c00000|100%| S|CS|TAMS 0x0000000085b00000, 0x0000000085b00000| Complete 
|  62|0x0000000085c00000, 0x0000000085c00000, 0x0000000085d00000|  0%| F|  |TAMS 0x0000000085c00000, 0x0000000085c00000| Untracked 
|  63|0x0000000085d00000, 0x0000000085d00000, 0x0000000085e00000|  0%| F|  |TAMS 0x0000000085d00000, 0x0000000085d00000| Untracked 
|  64|0x0000000085e00000, 0x0000000085e00000, 0x0000000085f00000|  0%| F|  |TAMS 0x0000000085e00000, 0x0000000085e00000| Untracked 
|  65|0x0000000085f00000, 0x0000000085f00000, 0x0000000086000000|  0%| F|  |TAMS 0x0000000085f00000, 0x0000000085f00000| Untracked 
|  66|0x0000000086000000, 0x0000000086000000, 0x0000000086100000|  0%| F|  |TAMS 0x0000000086000000, 0x0000000086000000| Untracked 
|  67|0x0000000086100000, 0x0000000086100000, 0x0000000086200000|  0%| F|  |TAMS 0x0000000086100000, 0x0000000086100000| Untracked 
|  68|0x0000000086200000, 0x0000000086200000, 0x0000000086300000|  0%| F|  |TAMS 0x0000000086200000, 0x0000000086200000| Untracked 
|  69|0x0000000086300000, 0x0000000086300000, 0x0000000086400000|  0%| F|  |TAMS 0x0000000086300000, 0x0000000086300000| Untracked 
|  70|0x0000000086400000, 0x0000000086400000, 0x0000000086500000|  0%| F|  |TAMS 0x0000000086400000, 0x0000000086400000| Untracked 
|  71|0x0000000086500000, 0x0000000086500000, 0x0000000086600000|  0%| F|  |TAMS 0x0000000086500000, 0x0000000086500000| Untracked 
|  72|0x0000000086600000, 0x0000000086600000, 0x0000000086700000|  0%| F|  |TAMS 0x0000000086600000, 0x0000000086600000| Untracked 
|  73|0x0000000086700000, 0x0000000086700000, 0x0000000086800000|  0%| F|  |TAMS 0x0000000086700000, 0x0000000086700000| Untracked 
|  74|0x0000000086800000, 0x0000000086800000, 0x0000000086900000|  0%| F|  |TAMS 0x0000000086800000, 0x0000000086800000| Untracked 
|  75|0x0000000086900000, 0x0000000086900000, 0x0000000086a00000|  0%| F|  |TAMS 0x0000000086900000, 0x0000000086900000| Untracked 
|  76|0x0000000086a00000, 0x0000000086a00000, 0x0000000086b00000|  0%| F|  |TAMS 0x0000000086a00000, 0x0000000086a00000| Untracked 
|  77|0x0000000086b00000, 0x0000000086b00000, 0x0000000086c00000|  0%| F|  |TAMS 0x0000000086b00000, 0x0000000086b00000| Untracked 
|  78|0x0000000086c00000, 0x0000000086c00000, 0x0000000086d00000|  0%| F|  |TAMS 0x0000000086c00000, 0x0000000086c00000| Untracked 
|  79|0x0000000086d00000, 0x0000000086d00000, 0x0000000086e00000|  0%| F|  |TAMS 0x0000000086d00000, 0x0000000086d00000| Untracked 
|  80|0x0000000086e00000, 0x0000000086e00000, 0x0000000086f00000|  0%| F|  |TAMS 0x0000000086e00000, 0x0000000086e00000| Untracked 
|  81|0x0000000086f00000, 0x0000000086f00000, 0x0000000087000000|  0%| F|  |TAMS 0x0000000086f00000, 0x0000000086f00000| Untracked 
|  82|0x0000000087000000, 0x0000000087000000, 0x0000000087100000|  0%| F|  |TAMS 0x0000000087000000, 0x0000000087000000| Untracked 
|  83|0x0000000087100000, 0x0000000087100000, 0x0000000087200000|  0%| F|  |TAMS 0x0000000087100000, 0x0000000087100000| Untracked 
|  84|0x0000000087200000, 0x0000000087200000, 0x0000000087300000|  0%| F|  |TAMS 0x0000000087200000, 0x0000000087200000| Untracked 
|  85|0x0000000087300000, 0x0000000087300000, 0x0000000087400000|  0%| F|  |TAMS 0x0000000087300000, 0x0000000087300000| Untracked 
|  86|0x0000000087400000, 0x0000000087400000, 0x0000000087500000|  0%| F|  |TAMS 0x0000000087400000, 0x0000000087400000| Untracked 
|  87|0x0000000087500000, 0x0000000087500000, 0x0000000087600000|  0%| F|  |TAMS 0x0000000087500000, 0x0000000087500000| Untracked 
|  88|0x0000000087600000, 0x0000000087600000, 0x0000000087700000|  0%| F|  |TAMS 0x0000000087600000, 0x0000000087600000| Untracked 
|  89|0x0000000087700000, 0x0000000087700000, 0x0000000087800000|  0%| F|  |TAMS 0x0000000087700000, 0x0000000087700000| Untracked 
|  90|0x0000000087800000, 0x0000000087800000, 0x0000000087900000|  0%| F|  |TAMS 0x0000000087800000, 0x0000000087800000| Untracked 
|  91|0x0000000087900000, 0x0000000087900000, 0x0000000087a00000|  0%| F|  |TAMS 0x0000000087900000, 0x0000000087900000| Untracked 
|  92|0x0000000087a00000, 0x0000000087a00000, 0x0000000087b00000|  0%| F|  |TAMS 0x0000000087a00000, 0x0000000087a00000| Untracked 
|  93|0x0000000087b00000, 0x0000000087b00000, 0x0000000087c00000|  0%| F|  |TAMS 0x0000000087b00000, 0x0000000087b00000| Untracked 
|  94|0x0000000087c00000, 0x0000000087c00000, 0x0000000087d00000|  0%| F|  |TAMS 0x0000000087c00000, 0x0000000087c00000| Untracked 
|  95|0x0000000087d00000, 0x0000000087d00000, 0x0000000087e00000|  0%| F|  |TAMS 0x0000000087d00000, 0x0000000087d00000| Untracked 
|  96|0x0000000087e00000, 0x0000000087e00000, 0x0000000087f00000|  0%| F|  |TAMS 0x0000000087e00000, 0x0000000087e00000| Untracked 
|  97|0x0000000087f00000, 0x0000000087f00000, 0x0000000088000000|  0%| F|  |TAMS 0x0000000087f00000, 0x0000000087f00000| Untracked 
|  98|0x0000000088000000, 0x0000000088000000, 0x0000000088100000|  0%| F|  |TAMS 0x0000000088000000, 0x0000000088000000| Untracked 
|  99|0x0000000088100000, 0x0000000088100000, 0x0000000088200000|  0%| F|  |TAMS 0x0000000088100000, 0x0000000088100000| Untracked 
| 100|0x0000000088200000, 0x0000000088200000, 0x0000000088300000|  0%| F|  |TAMS 0x0000000088200000, 0x0000000088200000| Untracked 
| 101|0x0000000088300000, 0x0000000088300000, 0x0000000088400000|  0%| F|  |TAMS 0x0000000088300000, 0x0000000088300000| Untracked 
| 102|0x0000000088400000, 0x0000000088400000, 0x0000000088500000|  0%| F|  |TAMS 0x0000000088400000, 0x0000000088400000| Untracked 
| 103|0x0000000088500000, 0x0000000088500000, 0x0000000088600000|  0%| F|  |TAMS 0x0000000088500000, 0x0000000088500000| Untracked 
| 104|0x0000000088600000, 0x0000000088600000, 0x0000000088700000|  0%| F|  |TAMS 0x0000000088600000, 0x0000000088600000| Untracked 
| 105|0x0000000088700000, 0x0000000088700000, 0x0000000088800000|  0%| F|  |TAMS 0x0000000088700000, 0x0000000088700000| Untracked 
| 106|0x0000000088800000, 0x0000000088800000, 0x0000000088900000|  0%| F|  |TAMS 0x0000000088800000, 0x0000000088800000| Untracked 
| 107|0x0000000088900000, 0x0000000088900000, 0x0000000088a00000|  0%| F|  |TAMS 0x0000000088900000, 0x0000000088900000| Untracked 
| 108|0x0000000088a00000, 0x0000000088a00000, 0x0000000088b00000|  0%| F|  |TAMS 0x0000000088a00000, 0x0000000088a00000| Untracked 
| 109|0x0000000088b00000, 0x0000000088b00000, 0x0000000088c00000|  0%| F|  |TAMS 0x0000000088b00000, 0x0000000088b00000| Untracked 
| 110|0x0000000088c00000, 0x0000000088c00000, 0x0000000088d00000|  0%| F|  |TAMS 0x0000000088c00000, 0x0000000088c00000| Untracked 
| 111|0x0000000088d00000, 0x0000000088d00000, 0x0000000088e00000|  0%| F|  |TAMS 0x0000000088d00000, 0x0000000088d00000| Untracked 
| 112|0x0000000088e00000, 0x0000000088e00000, 0x0000000088f00000|  0%| F|  |TAMS 0x0000000088e00000, 0x0000000088e00000| Untracked 
| 113|0x0000000088f00000, 0x0000000088f00000, 0x0000000089000000|  0%| F|  |TAMS 0x0000000088f00000, 0x0000000088f00000| Untracked 
| 114|0x0000000089000000, 0x0000000089000000, 0x0000000089100000|  0%| F|  |TAMS 0x0000000089000000, 0x0000000089000000| Untracked 
| 115|0x0000000089100000, 0x0000000089100000, 0x0000000089200000|  0%| F|  |TAMS 0x0000000089100000, 0x0000000089100000| Untracked 
| 116|0x0000000089200000, 0x0000000089200000, 0x0000000089300000|  0%| F|  |TAMS 0x0000000089200000, 0x0000000089200000| Untracked 
| 117|0x0000000089300000, 0x0000000089300000, 0x0000000089400000|  0%| F|  |TAMS 0x0000000089300000, 0x0000000089300000| Untracked 
| 118|0x0000000089400000, 0x0000000089400000, 0x0000000089500000|  0%| F|  |TAMS 0x0000000089400000, 0x0000000089400000| Untracked 
| 119|0x0000000089500000, 0x0000000089500000, 0x0000000089600000|  0%| F|  |TAMS 0x0000000089500000, 0x0000000089500000| Untracked 
| 120|0x0000000089600000, 0x0000000089600000, 0x0000000089700000|  0%| F|  |TAMS 0x0000000089600000, 0x0000000089600000| Untracked 
| 121|0x0000000089700000, 0x0000000089700000, 0x0000000089800000|  0%| F|  |TAMS 0x0000000089700000, 0x0000000089700000| Untracked 
| 122|0x0000000089800000, 0x0000000089800000, 0x0000000089900000|  0%| F|  |TAMS 0x0000000089800000, 0x0000000089800000| Untracked 
| 123|0x0000000089900000, 0x0000000089900000, 0x0000000089a00000|  0%| F|  |TAMS 0x0000000089900000, 0x0000000089900000| Untracked 
| 124|0x0000000089a00000, 0x0000000089a00000, 0x0000000089b00000|  0%| F|  |TAMS 0x0000000089a00000, 0x0000000089a00000| Untracked 
| 125|0x0000000089b00000, 0x0000000089b00000, 0x0000000089c00000|  0%| F|  |TAMS 0x0000000089b00000, 0x0000000089b00000| Untracked 
| 126|0x0000000089c00000, 0x0000000089c00000, 0x0000000089d00000|  0%| F|  |TAMS 0x0000000089c00000, 0x0000000089c00000| Untracked 
| 127|0x0000000089d00000, 0x0000000089d00000, 0x0000000089e00000|  0%| F|  |TAMS 0x0000000089d00000, 0x0000000089d00000| Untracked 
| 128|0x0000000089e00000, 0x0000000089e00000, 0x0000000089f00000|  0%| F|  |TAMS 0x0000000089e00000, 0x0000000089e00000| Untracked 
| 129|0x0000000089f00000, 0x0000000089f00000, 0x000000008a000000|  0%| F|  |TAMS 0x0000000089f00000, 0x0000000089f00000| Untracked 
| 130|0x000000008a000000, 0x000000008a000000, 0x000000008a100000|  0%| F|  |TAMS 0x000000008a000000, 0x000000008a000000| Untracked 
| 131|0x000000008a100000, 0x000000008a100000, 0x000000008a200000|  0%| F|  |TAMS 0x000000008a100000, 0x000000008a100000| Untracked 
| 132|0x000000008a200000, 0x000000008a200000, 0x000000008a300000|  0%| F|  |TAMS 0x000000008a200000, 0x000000008a200000| Untracked 
| 133|0x000000008a300000, 0x000000008a300000, 0x000000008a400000|  0%| F|  |TAMS 0x000000008a300000, 0x000000008a300000| Untracked 
| 134|0x000000008a400000, 0x000000008a400000, 0x000000008a500000|  0%| F|  |TAMS 0x000000008a400000, 0x000000008a400000| Untracked 
| 135|0x000000008a500000, 0x000000008a500000, 0x000000008a600000|  0%| F|  |TAMS 0x000000008a500000, 0x000000008a500000| Untracked 
| 136|0x000000008a600000, 0x000000008a600000, 0x000000008a700000|  0%| F|  |TAMS 0x000000008a600000, 0x000000008a600000| Untracked 
| 137|0x000000008a700000, 0x000000008a700000, 0x000000008a800000|  0%| F|  |TAMS 0x000000008a700000, 0x000000008a700000| Untracked 
| 138|0x000000008a800000, 0x000000008a800000, 0x000000008a900000|  0%| F|  |TAMS 0x000000008a800000, 0x000000008a800000| Untracked 
| 139|0x000000008a900000, 0x000000008a900000, 0x000000008aa00000|  0%| F|  |TAMS 0x000000008a900000, 0x000000008a900000| Untracked 
| 140|0x000000008aa00000, 0x000000008aa00000, 0x000000008ab00000|  0%| F|  |TAMS 0x000000008aa00000, 0x000000008aa00000| Untracked 
| 141|0x000000008ab00000, 0x000000008ab00000, 0x000000008ac00000|  0%| F|  |TAMS 0x000000008ab00000, 0x000000008ab00000| Untracked 
| 142|0x000000008ac00000, 0x000000008ac00000, 0x000000008ad00000|  0%| F|  |TAMS 0x000000008ac00000, 0x000000008ac00000| Untracked 
| 143|0x000000008ad00000, 0x000000008ad00000, 0x000000008ae00000|  0%| F|  |TAMS 0x000000008ad00000, 0x000000008ad00000| Untracked 
| 144|0x000000008ae00000, 0x000000008ae00000, 0x000000008af00000|  0%| F|  |TAMS 0x000000008ae00000, 0x000000008ae00000| Untracked 
| 145|0x000000008af00000, 0x000000008af00000, 0x000000008b000000|  0%| F|  |TAMS 0x000000008af00000, 0x000000008af00000| Untracked 
| 146|0x000000008b000000, 0x000000008b000000, 0x000000008b100000|  0%| F|  |TAMS 0x000000008b000000, 0x000000008b000000| Untracked 
| 147|0x000000008b100000, 0x000000008b100000, 0x000000008b200000|  0%| F|  |TAMS 0x000000008b100000, 0x000000008b100000| Untracked 
| 148|0x000000008b200000, 0x000000008b200000, 0x000000008b300000|  0%| F|  |TAMS 0x000000008b200000, 0x000000008b200000| Untracked 
| 149|0x000000008b300000, 0x000000008b300000, 0x000000008b400000|  0%| F|  |TAMS 0x000000008b300000, 0x000000008b300000| Untracked 
| 150|0x000000008b400000, 0x000000008b400000, 0x000000008b500000|  0%| F|  |TAMS 0x000000008b400000, 0x000000008b400000| Untracked 
| 151|0x000000008b500000, 0x000000008b500000, 0x000000008b600000|  0%| F|  |TAMS 0x000000008b500000, 0x000000008b500000| Untracked 
| 152|0x000000008b600000, 0x000000008b600000, 0x000000008b700000|  0%| F|  |TAMS 0x000000008b600000, 0x000000008b600000| Untracked 
| 153|0x000000008b700000, 0x000000008b700000, 0x000000008b800000|  0%| F|  |TAMS 0x000000008b700000, 0x000000008b700000| Untracked 
| 154|0x000000008b800000, 0x000000008b800000, 0x000000008b900000|  0%| F|  |TAMS 0x000000008b800000, 0x000000008b800000| Untracked 
| 155|0x000000008b900000, 0x000000008b900000, 0x000000008ba00000|  0%| F|  |TAMS 0x000000008b900000, 0x000000008b900000| Untracked 
| 156|0x000000008ba00000, 0x000000008ba00000, 0x000000008bb00000|  0%| F|  |TAMS 0x000000008ba00000, 0x000000008ba00000| Untracked 
| 157|0x000000008bb00000, 0x000000008bb00000, 0x000000008bc00000|  0%| F|  |TAMS 0x000000008bb00000, 0x000000008bb00000| Untracked 
| 158|0x000000008bc00000, 0x000000008bc00000, 0x000000008bd00000|  0%| F|  |TAMS 0x000000008bc00000, 0x000000008bc00000| Untracked 
| 159|0x000000008bd00000, 0x000000008bd00000, 0x000000008be00000|  0%| F|  |TAMS 0x000000008bd00000, 0x000000008bd00000| Untracked 
| 160|0x000000008be00000, 0x000000008be00000, 0x000000008bf00000|  0%| F|  |TAMS 0x000000008be00000, 0x000000008be00000| Untracked 
| 161|0x000000008bf00000, 0x000000008bf00000, 0x000000008c000000|  0%| F|  |TAMS 0x000000008bf00000, 0x000000008bf00000| Untracked 
| 162|0x000000008c000000, 0x000000008c000000, 0x000000008c100000|  0%| F|  |TAMS 0x000000008c000000, 0x000000008c000000| Untracked 
| 163|0x000000008c100000, 0x000000008c100000, 0x000000008c200000|  0%| F|  |TAMS 0x000000008c100000, 0x000000008c100000| Untracked 
| 164|0x000000008c200000, 0x000000008c200000, 0x000000008c300000|  0%| F|  |TAMS 0x000000008c200000, 0x000000008c200000| Untracked 
| 165|0x000000008c300000, 0x000000008c300000, 0x000000008c400000|  0%| F|  |TAMS 0x000000008c300000, 0x000000008c300000| Untracked 
| 166|0x000000008c400000, 0x000000008c400000, 0x000000008c500000|  0%| F|  |TAMS 0x000000008c400000, 0x000000008c400000| Untracked 
| 167|0x000000008c500000, 0x000000008c500000, 0x000000008c600000|  0%| F|  |TAMS 0x000000008c500000, 0x000000008c500000| Untracked 
| 168|0x000000008c600000, 0x000000008c600000, 0x000000008c700000|  0%| F|  |TAMS 0x000000008c600000, 0x000000008c600000| Untracked 
| 169|0x000000008c700000, 0x000000008c800000, 0x000000008c800000|100%| E|  |TAMS 0x000000008c700000, 0x000000008c700000| Complete 
| 170|0x000000008c800000, 0x000000008c900000, 0x000000008c900000|100%| E|CS|TAMS 0x000000008c800000, 0x000000008c800000| Complete 
| 171|0x000000008c900000, 0x000000008ca00000, 0x000000008ca00000|100%| E|CS|TAMS 0x000000008c900000, 0x000000008c900000| Complete 
| 217|0x000000008f700000, 0x000000008f800000, 0x000000008f800000|100%| E|CS|TAMS 0x000000008f700000, 0x000000008f700000| Complete 
| 218|0x000000008f800000, 0x000000008f900000, 0x000000008f900000|100%| E|CS|TAMS 0x000000008f800000, 0x000000008f800000| Complete 

Card table byte_map: [0x000002ce6f0a0000,0x000002ce6f4a0000] _byte_map_base: 0x000002ce6ec91000

Marking Bits (Prev, Next): (CMBitMap*) 0x000002ce584686d0, (CMBitMap*) 0x000002ce58468690
 Prev Bits: [0x000002ce71830000, 0x000002ce737b8000)
 Next Bits: [0x000002ce6f8a0000, 0x000002ce71828000)

Polling page: 0x000002ce56380000

Metaspace:

Usage:
  Non-class:     66.86 MB used.
      Class:     10.66 MB used.
       Both:     77.51 MB used.

Virtual space:
  Non-class space:      128.00 MB reserved,      67.19 MB ( 52%) committed,  2 nodes.
      Class space:        1.00 GB reserved,      10.94 MB (  1%) committed,  1 nodes.
             Both:        1.12 GB reserved,      78.12 MB (  7%) committed. 

Chunk freelists:
   Non-Class:  12.48 MB
       Class:  5.10 MB
        Both:  17.58 MB

MaxMetaspaceSize: unlimited
CompressedClassSpaceSize: 1.00 GB
Initial GC threshold: 21.00 MB
Current GC threshold: 129.94 MB
CDS: on
MetaspaceReclaimPolicy: balanced
 - commit_granule_bytes: 65536.
 - commit_granule_words: 8192.
 - virtual_space_node_default_size: 8388608.
 - enlarge_chunks_in_place: 1.
 - new_chunks_are_fully_committed: 0.
 - uncommit_free_chunks: 1.
 - use_allocation_guard: 0.
 - handle_deallocations: 1.


Internal statistics:

num_allocs_failed_limit: 6.
num_arena_births: 860.
num_arena_deaths: 0.
num_vsnodes_births: 3.
num_vsnodes_deaths: 0.
num_space_committed: 1250.
num_space_uncommitted: 0.
num_chunks_returned_to_freelist: 6.
num_chunks_taken_from_freelist: 3727.
num_chunk_merges: 6.
num_chunk_splits: 2686.
num_chunks_enlarged: 2107.
num_inconsistent_stats: 0.

CodeHeap 'non-profiled nmethods': size=120000Kb used=5012Kb max_used=5149Kb free=114987Kb
 bounds [0x000002ce67770000, 0x000002ce67c90000, 0x000002ce6eca0000]
CodeHeap 'profiled nmethods': size=120000Kb used=13067Kb max_used=13569Kb free=106932Kb
 bounds [0x000002ce5fca0000, 0x000002ce609f0000, 0x000002ce671d0000]
CodeHeap 'non-nmethods': size=5760Kb used=1362Kb max_used=1473Kb free=4397Kb
 bounds [0x000002ce671d0000, 0x000002ce67440000, 0x000002ce67770000]
 total_blobs=7021 nmethods=6325 adapters=608
 compilation: enabled
              stopped_count=0, restarted_count=0
 full_count=0

Compilation events (20 events):
Event: 34.259 Thread 0x000002ce75c767f0 7633       2       java.lang.invoke.InvokerBytecodeGenerator::generateCustomizedCodeBytes (44 bytes)
Event: 34.259 Thread 0x000002ce75c767f0 nmethod 7633 0x000002ce5ff4c790 code [0x000002ce5ff4c980, 0x000002ce5ff4cbd8]
Event: 34.259 Thread 0x000002ce75c767f0 7634       2       java.lang.invoke.InvokerBytecodeGenerator::classDataValues (265 bytes)
Event: 34.261 Thread 0x000002ce75c767f0 nmethod 7634 0x000002ce5ff4a510 code [0x000002ce5ff4a8c0, 0x000002ce5ff4bef8]
Event: 34.269 Thread 0x000002ce75c767f0 7635       2       sun.reflect.annotation.AnnotatedTypeFactory$AnnotatedTypeBaseImpl::<init> (39 bytes)
Event: 34.269 Thread 0x000002ce75c767f0 nmethod 7635 0x000002ce5fd70c10 code [0x000002ce5fd70dc0, 0x000002ce5fd710d8]
Event: 34.269 Thread 0x000002ce75c767f0 7636       2       sun.reflect.annotation.AnnotatedTypeFactory::nestingForType (125 bytes)
Event: 34.270 Thread 0x000002ce75c767f0 nmethod 7636 0x000002ce5fd6ff10 code [0x000002ce5fd70180, 0x000002ce5fd70908]
Event: 34.270 Thread 0x000002ce75c767f0 7637       2       sun.reflect.annotation.AnnotatedTypeFactory::buildAnnotatedType (154 bytes)
Event: 34.272 Thread 0x000002ce75c767f0 nmethod 7637 0x000002ce5fd6ec10 code [0x000002ce5fd6eee0, 0x000002ce5fd6fa78]
Event: 34.272 Thread 0x000002ce75c767f0 7638       2       org.hibernate.validator.internal.properties.javabean.JavaBeanExecutable::getDeclaringClass (8 bytes)
Event: 34.272 Thread 0x000002ce75c767f0 nmethod 7638 0x000002ce5ff4a090 code [0x000002ce5ff4a220, 0x000002ce5ff4a348]
Event: 34.273 Thread 0x000002ce7ebdc010 nmethod 7575 0x000002ce677f8490 code [0x000002ce677f8700, 0x000002ce677f9f40]
Event: 34.273 Thread 0x000002ce7ebdc010 7613       4       org.springframework.core.ResolvableType::isArray (59 bytes)
Event: 34.306 Thread 0x000002ce7ebdc010 nmethod 7613 0x000002ce67999990 code [0x000002ce67999ce0, 0x000002ce6799ac50]
Event: 34.306 Thread 0x000002ce7ebdc010 7639       4       org.springframework.core.annotation.TypeMappedAnnotations::<init> (42 bytes)
Event: 34.317 Thread 0x000002ce7ebdc010 nmethod 7639 0x000002ce677fba90 code [0x000002ce677fbc00, 0x000002ce677fc2b8]
Event: 34.317 Thread 0x000002ce7ebdc010 7498   !   4       org.springframework.aop.aspectj.AspectJExpressionPointcut::getTargetShadowMatch (98 bytes)
Event: 34.321 Thread 0x000002ce75c75620 nmethod 7572 0x000002ce677b9410 code [0x000002ce677b9760, 0x000002ce677baf40]
Event: 34.321 Thread 0x000002ce75c75620 7499       4       org.springframework.aop.aspectj.AspectJExpressionPointcut::matches (69 bytes)

GC Heap History (20 events):
Event: 27.430 GC heap before
{Heap before GC invocations=26 (full 0):
 garbage-first heap   total 76800K, used 43361K [0x0000000081e00000, 0x0000000100000000)
  region size 1024K, 3 young (3072K), 2 survivors (2048K)
 Metaspace       used 65980K, committed 66560K, reserved 1114112K
  class space    used 8840K, committed 9152K, reserved 1048576K
}
Event: 27.434 GC heap after
{Heap after GC invocations=27 (full 0):
 garbage-first heap   total 76800K, used 42568K [0x0000000081e00000, 0x0000000100000000)
  region size 1024K, 1 young (1024K), 1 survivors (1024K)
 Metaspace       used 65980K, committed 66560K, reserved 1114112K
  class space    used 8840K, committed 9152K, reserved 1048576K
}
Event: 28.360 GC heap before
{Heap before GC invocations=27 (full 0):
 garbage-first heap   total 76800K, used 61000K [0x0000000081e00000, 0x0000000100000000)
  region size 1024K, 20 young (20480K), 1 survivors (1024K)
 Metaspace       used 70740K, committed 71360K, reserved 1114112K
  class space    used 9650K, committed 9920K, reserved 1048576K
}
Event: 28.365 GC heap after
{Heap after GC invocations=28 (full 0):
 garbage-first heap   total 76800K, used 43119K [0x0000000081e00000, 0x0000000100000000)
  region size 1024K, 1 young (1024K), 1 survivors (1024K)
 Metaspace       used 70740K, committed 71360K, reserved 1114112K
  class space    used 9650K, committed 9920K, reserved 1048576K
}
Event: 29.428 GC heap before
{Heap before GC invocations=29 (full 0):
 garbage-first heap   total 76800K, used 63599K [0x0000000081e00000, 0x0000000100000000)
  region size 1024K, 21 young (21504K), 1 survivors (1024K)
 Metaspace       used 73197K, committed 73792K, reserved 1114112K
  class space    used 9952K, committed 10240K, reserved 1048576K
}
Event: 29.434 GC heap after
{Heap after GC invocations=30 (full 0):
 garbage-first heap   total 76800K, used 44959K [0x0000000081e00000, 0x0000000100000000)
  region size 1024K, 3 young (3072K), 3 survivors (3072K)
 Metaspace       used 73197K, committed 73792K, reserved 1114112K
  class space    used 9952K, committed 10240K, reserved 1048576K
}
Event: 30.293 GC heap before
{Heap before GC invocations=30 (full 0):
 garbage-first heap   total 76800K, used 61343K [0x0000000081e00000, 0x0000000100000000)
  region size 1024K, 20 young (20480K), 3 survivors (3072K)
 Metaspace       used 75212K, committed 75776K, reserved 1179648K
  class space    used 10273K, committed 10560K, reserved 1048576K
}
Event: 30.304 GC heap after
{Heap after GC invocations=31 (full 0):
 garbage-first heap   total 76800K, used 46289K [0x0000000081e00000, 0x0000000100000000)
  region size 1024K, 2 young (2048K), 2 survivors (2048K)
 Metaspace       used 75212K, committed 75776K, reserved 1179648K
  class space    used 10273K, committed 10560K, reserved 1048576K
}
Event: 31.488 GC heap before
{Heap before GC invocations=32 (full 0):
 garbage-first heap   total 80896K, used 63697K [0x0000000081e00000, 0x0000000100000000)
  region size 1024K, 19 young (19456K), 2 survivors (2048K)
 Metaspace       used 76033K, committed 76672K, reserved 1179648K
  class space    used 10395K, committed 10688K, reserved 1048576K
}
Event: 31.493 GC heap after
{Heap after GC invocations=33 (full 0):
 garbage-first heap   total 80896K, used 47329K [0x0000000081e00000, 0x0000000100000000)
  region size 1024K, 3 young (3072K), 3 survivors (3072K)
 Metaspace       used 76033K, committed 76672K, reserved 1179648K
  class space    used 10395K, committed 10688K, reserved 1048576K
}
Event: 31.513 GC heap before
{Heap before GC invocations=33 (full 0):
 garbage-first heap   total 80896K, used 48353K [0x0000000081e00000, 0x0000000100000000)
  region size 1024K, 4 young (4096K), 3 survivors (3072K)
 Metaspace       used 76047K, committed 76672K, reserved 1179648K
  class space    used 10397K, committed 10688K, reserved 1048576K
}
Event: 31.525 GC heap after
{Heap after GC invocations=34 (full 0):
 garbage-first heap   total 80896K, used 46926K [0x0000000081e00000, 0x0000000100000000)
  region size 1024K, 1 young (1024K), 1 survivors (1024K)
 Metaspace       used 76047K, committed 76672K, reserved 1179648K
  class space    used 10397K, committed 10688K, reserved 1048576K
}
Event: 32.437 GC heap before
{Heap before GC invocations=34 (full 0):
 garbage-first heap   total 80896K, used 66382K [0x0000000081e00000, 0x0000000100000000)
  region size 1024K, 20 young (20480K), 1 survivors (1024K)
 Metaspace       used 77655K, committed 78208K, reserved 1179648K
  class space    used 10625K, committed 10880K, reserved 1048576K
}
Event: 32.445 GC heap after
{Heap after GC invocations=35 (full 0):
 garbage-first heap   total 80896K, used 48238K [0x0000000081e00000, 0x0000000100000000)
  region size 1024K, 2 young (2048K), 2 survivors (2048K)
 Metaspace       used 77655K, committed 78208K, reserved 1179648K
  class space    used 10625K, committed 10880K, reserved 1048576K
}
Event: 33.349 GC heap before
{Heap before GC invocations=36 (full 0):
 garbage-first heap   total 86016K, used 66670K [0x0000000081e00000, 0x0000000100000000)
  region size 1024K, 20 young (20480K), 2 survivors (2048K)
 Metaspace       used 78350K, committed 78912K, reserved 1179648K
  class space    used 10736K, committed 11008K, reserved 1048576K
}
Event: 33.356 GC heap after
{Heap after GC invocations=37 (full 0):
 garbage-first heap   total 86016K, used 49579K [0x0000000081e00000, 0x0000000100000000)
  region size 1024K, 3 young (3072K), 3 survivors (3072K)
 Metaspace       used 78350K, committed 78912K, reserved 1179648K
  class space    used 10736K, committed 11008K, reserved 1048576K
}
Event: 33.370 GC heap before
{Heap before GC invocations=37 (full 0):
 garbage-first heap   total 86016K, used 50603K [0x0000000081e00000, 0x0000000100000000)
  region size 1024K, 4 young (4096K), 3 survivors (3072K)
 Metaspace       used 78350K, committed 78912K, reserved 1179648K
  class space    used 10736K, committed 11008K, reserved 1048576K
}
Event: 33.379 GC heap after
{Heap after GC invocations=38 (full 0):
 garbage-first heap   total 86016K, used 49164K [0x0000000081e00000, 0x0000000100000000)
  region size 1024K, 1 young (1024K), 1 survivors (1024K)
 Metaspace       used 78350K, committed 78912K, reserved 1179648K
  class space    used 10736K, committed 11008K, reserved 1048576K
}
Event: 34.280 GC heap before
{Heap before GC invocations=38 (full 0):
 garbage-first heap   total 86016K, used 70668K [0x0000000081e00000, 0x0000000100000000)
  region size 1024K, 22 young (22528K), 1 survivors (1024K)
 Metaspace       used 79190K, committed 79808K, reserved 1179648K
  class space    used 10886K, committed 11200K, reserved 1048576K
}
Event: 34.286 GC heap after
{Heap after GC invocations=39 (full 0):
 garbage-first heap   total 224256K, used 50164K [0x0000000081e00000, 0x0000000100000000)
  region size 1024K, 2 young (2048K), 2 survivors (2048K)
 Metaspace       used 79190K, committed 79808K, reserved 1179648K
  class space    used 10886K, committed 11200K, reserved 1048576K
}

Deoptimization events (20 events):
Event: 33.721 Thread 0x000002ce7b4226f0 Uncommon trap: trap_request=0xffffffde fr.pc=0x000002ce67c18488 relative=0x0000000000000168
Event: 33.721 Thread 0x000002ce7b4226f0 Uncommon trap: reason=class_check action=maybe_recompile pc=0x000002ce67c18488 method=java.lang.reflect.Method.equals(Ljava/lang/Object;)Z @ 1 c2
Event: 33.721 Thread 0x000002ce7b4226f0 DEOPT PACKING pc=0x000002ce67c18488 sp=0x000000dab77fa740
Event: 33.721 Thread 0x000002ce7b4226f0 DEOPT UNPACKING pc=0x000002ce672223a3 sp=0x000000dab77fa6c8 mode 2
Event: 33.721 Thread 0x000002ce7b4226f0 Uncommon trap: trap_request=0xffffffde fr.pc=0x000002ce67c18488 relative=0x0000000000000168
Event: 33.721 Thread 0x000002ce7b4226f0 Uncommon trap: reason=class_check action=maybe_recompile pc=0x000002ce67c18488 method=java.lang.reflect.Method.equals(Ljava/lang/Object;)Z @ 1 c2
Event: 33.721 Thread 0x000002ce7b4226f0 DEOPT PACKING pc=0x000002ce67c18488 sp=0x000000dab77fa740
Event: 33.721 Thread 0x000002ce7b4226f0 DEOPT UNPACKING pc=0x000002ce672223a3 sp=0x000000dab77fa6c8 mode 2
Event: 34.104 Thread 0x000002ce7b4226f0 Uncommon trap: trap_request=0xffffff45 fr.pc=0x000002ce67a178d0 relative=0x0000000000000210
Event: 34.104 Thread 0x000002ce7b4226f0 Uncommon trap: reason=unstable_if action=reinterpret pc=0x000002ce67a178d0 method=org.springframework.beans.factory.support.AbstractAutowireCapableBeanFactory.determineTargetType(Ljava/lang/String;Lorg/springframework/beans/factory/support/RootBeanDefinit
Event: 34.104 Thread 0x000002ce7b4226f0 DEOPT PACKING pc=0x000002ce67a178d0 sp=0x000000dab77fd310
Event: 34.104 Thread 0x000002ce7b4226f0 DEOPT UNPACKING pc=0x000002ce672223a3 sp=0x000000dab77fd2c8 mode 2
Event: 34.120 Thread 0x000002ce7b4226f0 Uncommon trap: trap_request=0xffffff45 fr.pc=0x000002ce6777afb4 relative=0x00000000000001b4
Event: 34.120 Thread 0x000002ce7b4226f0 Uncommon trap: reason=unstable_if action=reinterpret pc=0x000002ce6777afb4 method=java.lang.String.isLatin1()Z @ 10 c2
Event: 34.120 Thread 0x000002ce7b4226f0 DEOPT PACKING pc=0x000002ce6777afb4 sp=0x000000dab77fc090
Event: 34.120 Thread 0x000002ce7b4226f0 DEOPT UNPACKING pc=0x000002ce672223a3 sp=0x000000dab77fbfc0 mode 2
Event: 34.335 Thread 0x000002ce7b4226f0 Uncommon trap: trap_request=0xffffffde fr.pc=0x000002ce67c18488 relative=0x0000000000000168
Event: 34.335 Thread 0x000002ce7b4226f0 Uncommon trap: reason=class_check action=maybe_recompile pc=0x000002ce67c18488 method=java.lang.reflect.Method.equals(Ljava/lang/Object;)Z @ 1 c2
Event: 34.335 Thread 0x000002ce7b4226f0 DEOPT PACKING pc=0x000002ce67c18488 sp=0x000000dab77fd750
Event: 34.335 Thread 0x000002ce7b4226f0 DEOPT UNPACKING pc=0x000002ce672223a3 sp=0x000000dab77fd6d8 mode 2

Classes unloaded (0 events):
No events

Classes redefined (0 events):
No events

Internal exceptions (20 events):
Event: 29.468 Thread 0x000002ce7b4226f0 Exception <a 'java/lang/IncompatibleClassChangeError'{0x00000000868a7ba0}: Found class java.lang.Object, but interface was expected> (0x00000000868a7ba0) 
thrown [s\open\src\hotspot\share\interpreter\linkResolver.cpp, line 826]
Event: 29.599 Thread 0x000002ce7b4226f0 Exception <a 'java/lang/reflect/InvocationTargetException'{0x0000000086515da0}> (0x0000000086515da0) 
thrown [s\open\src\hotspot\share\runtime\reflection.cpp, line 1121]
Event: 29.615 Thread 0x000002ce7b4226f0 Exception <a 'java/lang/NoSuchMethodError'{0x000000008657ae68}: 'int java.lang.invoke.DirectMethodHandle$Holder.invokeStatic(java.lang.Object, java.lang.Object, int)'> (0x000000008657ae68) 
thrown [s\open\src\hotspot\share\interpreter\linkResolver.cpp, line 759]
Event: 29.627 Thread 0x000002ce7b4226f0 Exception <a 'java/lang/IncompatibleClassChangeError'{0x00000000865be2e0}: Found class java.lang.Object, but interface was expected> (0x00000000865be2e0) 
thrown [s\open\src\hotspot\share\interpreter\linkResolver.cpp, line 826]
Event: 29.628 Thread 0x000002ce7b4226f0 Exception <a 'java/lang/IncompatibleClassChangeError'{0x00000000865c4b88}: Found class java.lang.Object, but interface was expected> (0x00000000865c4b88) 
thrown [s\open\src\hotspot\share\interpreter\linkResolver.cpp, line 826]
Event: 29.726 Thread 0x000002ce7b4226f0 Exception <a 'java/lang/NoSuchMethodError'{0x000000008637f7b0}: 'java.lang.Object java.lang.invoke.DirectMethodHandle$Holder.invokeStatic(java.lang.Object, int, java.lang.Object)'> (0x000000008637f7b0) 
thrown [s\open\src\hotspot\share\interpreter\linkResolver.cpp, line 759]
Event: 29.736 Thread 0x000002ce7b4226f0 Exception <a 'java/lang/reflect/InvocationTargetException'{0x00000000863b9820}> (0x00000000863b9820) 
thrown [s\open\src\hotspot\share\runtime\reflection.cpp, line 1121]
Event: 29.942 Thread 0x000002ce7b4226f0 Exception <a 'java/lang/reflect/InvocationTargetException'{0x0000000085e82c18}> (0x0000000085e82c18) 
thrown [s\open\src\hotspot\share\runtime\reflection.cpp, line 1121]
Event: 30.133 Thread 0x000002ce7b4226f0 Exception <a 'java/lang/NoSuchMethodError'{0x0000000085b82520}: 'java.lang.Object java.lang.invoke.DirectMethodHandle$Holder.newInvokeSpecial(java.lang.Object, java.lang.Object, int, java.lang.Object, java.lang.Object)'> (0x0000000085b82520) 
thrown [s\open\src\hotspot\share\interpreter\linkResolver.cpp, line 759]
Event: 30.672 Thread 0x000002ce7b4226f0 Exception <a 'java/net/BindException'{0x000000008690c050}: Address already in use: bind> (0x000000008690c050) 
thrown [s\open\src\hotspot\share\prims\jni.cpp, line 535]
Event: 30.672 Thread 0x000002ce7b4226f0 Exception <a 'java/net/SocketException'{0x000000008690cc88}: Socket is not connected: shutdown> (0x000000008690cc88) 
thrown [s\open\src\hotspot\share\prims\jni.cpp, line 535]
Event: 31.185 Thread 0x000002ce7b4226f0 Exception <a 'java/lang/IncompatibleClassChangeError'{0x000000008602a4e0}: Found class java.lang.Object, but interface was expected> (0x000000008602a4e0) 
thrown [s\open\src\hotspot\share\interpreter\linkResolver.cpp, line 826]
Event: 31.233 Thread 0x000002ce7b4226f0 Exception <a 'java/lang/NoSuchMethodError'{0x00000000860e7488}: 'java.lang.Object java.lang.invoke.DirectMethodHandle$Holder.invokeStatic(java.lang.Object, int, java.lang.Object, java.lang.Object, java.lang.Object)'> (0x00000000860e7488) 
thrown [s\open\src\hotspot\share\interpreter\linkResolver.cpp, line 759]
Event: 31.334 Thread 0x000002ce7b4226f0 Exception <a 'java/lang/reflect/InvocationTargetException'{0x0000000085ef1058}> (0x0000000085ef1058) 
thrown [s\open\src\hotspot\share\runtime\reflection.cpp, line 1121]
Event: 32.602 Thread 0x000002ce7b4226f0 Exception <a 'sun/nio/fs/WindowsException'{0x0000000086ba32c0}> (0x0000000086ba32c0) 
thrown [s\open\src\hotspot\share\prims\jni.cpp, line 516]
Event: 32.944 Thread 0x000002ce7b4226f0 Exception <a 'java/lang/IncompatibleClassChangeError'{0x00000000868b4a30}: Found class java.lang.Object, but interface was expected> (0x00000000868b4a30) 
thrown [s\open\src\hotspot\share\interpreter\linkResolver.cpp, line 826]
Event: 33.101 Thread 0x000002ce7b4226f0 Exception <a 'java/lang/NoSuchMethodError'{0x00000000865e7488}: 'java.lang.Object java.lang.invoke.DirectMethodHandle$Holder.newInvokeSpecial(java.lang.Object, java.lang.Object, java.lang.Object, java.lang.Object, java.lang.Object, java.lang.Object, java.lang.Object, java.lang.Object, java.lang.Object)'> (0x00000000865e7488) 
thrown [s\open\src\hotspot\share\interpreter\linkResolver.cpp, line 759]
Event: 33.101 Thread 0x000002ce7b4226f0 Exception <a 'java/lang/NoSuchMethodError'{0x00000000865ec930}: 'java.lang.Object java.lang.invoke.Invokers$Holder.linkToTargetMethod(java.lang.Object, java.lang.Object, java.lang.Object, java.lang.Object, java.lang.Object, java.lang.Object, java.lang.Object, java.lang.Object, java.lang.Object)'> (0x00000000865ec930) 
thrown [s\open\src\hotspot\share\interpreter\linkResolver.cpp, line 759]
Event: 33.134 Thread 0x000002ce7b4226f0 Exception <a 'java/lang/NoSuchMethodError'{0x00000000864a5618}: 'int java.lang.invoke.DirectMethodHandle$Holder.invokeStatic(java.lang.Object, java.lang.Object, java.lang.Object, java.lang.Object, java.lang.Object)'> (0x00000000864a5618) 
thrown [s\open\src\hotspot\share\interpreter\linkResolver.cpp, line 759]
Event: 34.259 Thread 0x000002ce7b4226f0 Exception <a 'java/lang/NoSuchMethodError'{0x0000000085c530a8}: 'java.lang.Object java.lang.invoke.DirectMethodHandle$Holder.invokeInterface(java.lang.Object, java.lang.Object, java.lang.Object, java.lang.Object)'> (0x0000000085c530a8) 
thrown [s\open\src\hotspot\share\interpreter\linkResolver.cpp, line 759]

VM Operations (20 events):
Event: 32.281 Executing VM operation: HandshakeAllThreads
Event: 32.281 Executing VM operation: HandshakeAllThreads done
Event: 32.437 Executing VM operation: G1CollectForAllocation
Event: 32.445 Executing VM operation: G1CollectForAllocation done
Event: 32.580 Executing VM operation: G1Concurrent
Event: 32.599 Executing VM operation: G1Concurrent done
Event: 32.665 Executing VM operation: G1Concurrent
Event: 32.666 Executing VM operation: G1Concurrent done
Event: 33.349 Executing VM operation: G1CollectForAllocation
Event: 33.357 Executing VM operation: G1CollectForAllocation done
Event: 33.370 Executing VM operation: G1CollectForAllocation
Event: 33.379 Executing VM operation: G1CollectForAllocation done
Event: 33.419 Executing VM operation: HandshakeAllThreads
Event: 33.419 Executing VM operation: HandshakeAllThreads done
Event: 33.596 Executing VM operation: HandshakeAllThreads
Event: 33.596 Executing VM operation: HandshakeAllThreads done
Event: 34.280 Executing VM operation: G1CollectForAllocation
Event: 34.287 Executing VM operation: G1CollectForAllocation done
Event: 34.436 Executing VM operation: G1Concurrent
Event: 34.443 Executing VM operation: G1Concurrent done

Events (20 events):
Event: 31.302 loading class java/time/Month$1
Event: 31.302 loading class java/time/Month$1 done
Event: 31.502 loading class jdk/internal/reflect/UnsafeQualifiedObjectFieldAccessorImpl
Event: 31.504 loading class jdk/internal/reflect/UnsafeQualifiedFieldAccessorImpl
Event: 31.504 loading class jdk/internal/reflect/UnsafeQualifiedFieldAccessorImpl done
Event: 31.504 loading class jdk/internal/reflect/UnsafeQualifiedObjectFieldAccessorImpl done
Event: 31.635 loading class java/util/ArrayList$ListItr
Event: 31.635 loading class java/util/ArrayList$ListItr done
Event: 32.248 loading class java/util/Comparators$NullComparator
Event: 32.249 loading class java/util/Comparators$NullComparator done
Event: 32.723 loading class java/util/EnumMap$EntrySet
Event: 32.723 loading class java/util/EnumMap$EntrySet done
Event: 32.724 loading class java/util/EnumMap$EntryIterator
Event: 32.724 loading class java/util/EnumMap$EnumMapIterator
Event: 32.724 loading class java/util/EnumMap$EnumMapIterator done
Event: 32.724 loading class java/util/EnumMap$EntryIterator done
Event: 33.550 loading class java/util/EnumMap$EntryIterator$Entry
Event: 33.550 loading class java/util/EnumMap$EntryIterator$Entry done
Event: 33.560 loading class sun/reflect/annotation/AnnotationSupport
Event: 33.561 loading class sun/reflect/annotation/AnnotationSupport done


Dynamic libraries:
0x00007ff627130000 - 0x00007ff627140000 	C:\Program Files\Java\jdk-17\bin\java.exe
0x00007ffe07190000 - 0x00007ffe07388000 	C:\Windows\SYSTEM32\ntdll.dll
0x00007ffe06030000 - 0x00007ffe060f2000 	C:\Windows\System32\KERNEL32.DLL
0x00007ffe04af0000 - 0x00007ffe04def000 	C:\Windows\System32\KERNELBASE.dll
0x00007ffe05040000 - 0x00007ffe05140000 	C:\Windows\System32\ucrtbase.dll
0x00007ffdfe0b0000 - 0x00007ffdfe0c9000 	C:\Program Files\Java\jdk-17\bin\jli.dll
0x00007ffe07040000 - 0x00007ffe070ef000 	C:\Windows\System32\ADVAPI32.dll
0x00007ffe06ae0000 - 0x00007ffe06b7e000 	C:\Windows\System32\msvcrt.dll
0x00007ffe05f90000 - 0x00007ffe0602f000 	C:\Windows\System32\sechost.dll
0x00007ffe061d0000 - 0x00007ffe062f3000 	C:\Windows\System32\RPCRT4.dll
0x00007ffe04ac0000 - 0x00007ffe04ae7000 	C:\Windows\System32\bcrypt.dll
0x00007ffe06d30000 - 0x00007ffe06ecd000 	C:\Windows\System32\USER32.dll
0x00007ffe04f10000 - 0x00007ffe04f32000 	C:\Windows\System32\win32u.dll
0x00007ffe06560000 - 0x00007ffe0658b000 	C:\Windows\System32\GDI32.dll
0x00007ffe04df0000 - 0x00007ffe04f0a000 	C:\Windows\System32\gdi32full.dll
0x00007ffe04990000 - 0x00007ffe04a2d000 	C:\Windows\System32\msvcp_win.dll
0x00007ffdd8070000 - 0x00007ffdd830a000 	C:\Windows\WinSxS\amd64_microsoft.windows.common-controls_6595b64144ccf1df_6.0.19041.4355_none_60b8b9eb71f62e16\COMCTL32.dll
0x00007ffdfe6e0000 - 0x00007ffdfe6ea000 	C:\Windows\SYSTEM32\VERSION.dll
0x00007ffdfe1d0000 - 0x00007ffdfe1eb000 	C:\Program Files\Java\jdk-17\bin\VCRUNTIME140.dll
0x00007ffe05570000 - 0x00007ffe0559f000 	C:\Windows\System32\IMM32.DLL
0x00007ffe00b20000 - 0x00007ffe00b2c000 	C:\Program Files\Java\jdk-17\bin\vcruntime140_1.dll
0x00007ffde0330000 - 0x00007ffde03be000 	C:\Program Files\Java\jdk-17\bin\msvcp140.dll
0x00007ffdba1a0000 - 0x00007ffdbad81000 	C:\Program Files\Java\jdk-17\bin\server\jvm.dll
0x00007ffe061c0000 - 0x00007ffe061c8000 	C:\Windows\System32\PSAPI.DLL
0x00007ffdf3a00000 - 0x00007ffdf3a09000 	C:\Windows\SYSTEM32\WSOCK32.dll
0x00007ffe06fb0000 - 0x00007ffe0701b000 	C:\Windows\System32\WS2_32.dll
0x00007ffdf7680000 - 0x00007ffdf76a7000 	C:\Windows\SYSTEM32\WINMM.dll
0x00007ffe03050000 - 0x00007ffe03062000 	C:\Windows\SYSTEM32\kernel.appcore.dll
0x00007ffdffb70000 - 0x00007ffdffb7a000 	C:\Program Files\Java\jdk-17\bin\jimage.dll
0x00007ffe025a0000 - 0x00007ffe02784000 	C:\Windows\SYSTEM32\DBGHELP.DLL
0x00007ffdfcf10000 - 0x00007ffdfcf44000 	C:\Windows\SYSTEM32\dbgcore.DLL
0x00007ffe04a30000 - 0x00007ffe04ab2000 	C:\Windows\System32\bcryptPrimitives.dll
0x00007ffdfe100000 - 0x00007ffdfe10e000 	C:\Program Files\Java\jdk-17\bin\instrument.dll
0x00007ffdf42b0000 - 0x00007ffdf42d5000 	C:\Program Files\Java\jdk-17\bin\java.dll
0x00007ffddf7c0000 - 0x00007ffddf897000 	C:\Program Files\Java\jdk-17\bin\jsvml.dll
0x00007ffe05680000 - 0x00007ffe05ded000 	C:\Windows\System32\SHELL32.dll
0x00007ffe02890000 - 0x00007ffe03034000 	C:\Windows\SYSTEM32\windows.storage.dll
0x00007ffe051b0000 - 0x00007ffe05505000 	C:\Windows\System32\combase.dll
0x00007ffe04190000 - 0x00007ffe041bf000 	C:\Windows\SYSTEM32\Wldp.dll
0x00007ffe06590000 - 0x00007ffe0665d000 	C:\Windows\System32\OLEAUT32.dll
0x00007ffe06100000 - 0x00007ffe061ad000 	C:\Windows\System32\SHCORE.dll
0x00007ffe05510000 - 0x00007ffe05565000 	C:\Windows\System32\shlwapi.dll
0x00007ffe04760000 - 0x00007ffe04784000 	C:\Windows\SYSTEM32\profapi.dll
0x00007ffdf41c0000 - 0x00007ffdf41d8000 	C:\Program Files\Java\jdk-17\bin\zip.dll
0x00007ffdfdfe0000 - 0x00007ffdfdff9000 	C:\Program Files\Java\jdk-17\bin\net.dll
0x00007ffdfbf00000 - 0x00007ffdfc00a000 	C:\Windows\SYSTEM32\WINHTTP.dll
0x00007ffe03ef0000 - 0x00007ffe03f5c000 	C:\Windows\system32\mswsock.dll
0x00007ffdfd970000 - 0x00007ffdfd986000 	C:\Program Files\Java\jdk-17\bin\nio.dll
0x00007ffdf41a0000 - 0x00007ffdf41ba000 	C:\Program Files\JetBrains\IntelliJ IDEA Community Edition 2023.3.2\bin\breakgen64.dll
0x00007ffdfcdc0000 - 0x00007ffdfcdca000 	C:\Program Files\Java\jdk-17\bin\management.dll
0x00007ffdfc990000 - 0x00007ffdfc99b000 	C:\Program Files\Java\jdk-17\bin\management_ext.dll
0x00007ffe03c10000 - 0x00007ffe03cda000 	C:\Windows\SYSTEM32\DNSAPI.dll
0x00007ffe03bd0000 - 0x00007ffe03c0b000 	C:\Windows\SYSTEM32\IPHLPAPI.DLL
0x00007ffe061b0000 - 0x00007ffe061b8000 	C:\Windows\System32\NSI.dll
0x00007ffdfa240000 - 0x00007ffdfa24a000 	C:\Windows\System32\rasadhlp.dll
0x00007ffdfa310000 - 0x00007ffdfa390000 	C:\Windows\System32\fwpuclnt.dll
0x00007ffdfc4e0000 - 0x00007ffdfc4f7000 	C:\Windows\SYSTEM32\dhcpcsvc6.DLL
0x00007ffdfd3a0000 - 0x00007ffdfd3bd000 	C:\Windows\SYSTEM32\dhcpcsvc.DLL
0x00007ffdfc860000 - 0x00007ffdfc86e000 	C:\Program Files\Java\jdk-17\bin\sunmscapi.dll
0x00007ffe04830000 - 0x00007ffe0498c000 	C:\Windows\System32\CRYPT32.dll
0x00007ffe04200000 - 0x00007ffe04227000 	C:\Windows\SYSTEM32\ncrypt.dll
0x00007ffe041c0000 - 0x00007ffe041fb000 	C:\Windows\SYSTEM32\NTASN1.dll
0x00007ffe040f0000 - 0x00007ffe04108000 	C:\Windows\SYSTEM32\CRYPTSP.dll
0x00007ffe03810000 - 0x00007ffe03844000 	C:\Windows\system32\rsaenh.dll
0x00007ffe04720000 - 0x00007ffe0474e000 	C:\Windows\SYSTEM32\USERENV.dll
0x00007ffe040e0000 - 0x00007ffe040ec000 	C:\Windows\SYSTEM32\CRYPTBASE.dll
0x00007ffdfc7a0000 - 0x00007ffdfc7b0000 	C:\Program Files\Java\jdk-17\bin\verify.dll

dbghelp: loaded successfully - version: 4.0.5 - missing functions: none
symbol engine: initialized successfully - sym options: 0x614 - pdb path: .;C:\Program Files\Java\jdk-17\bin;C:\Windows\SYSTEM32;C:\Windows\WinSxS\amd64_microsoft.windows.common-controls_6595b64144ccf1df_6.0.19041.4355_none_60b8b9eb71f62e16;C:\Program Files\Java\jdk-17\bin\server;C:\Program Files\JetBrains\IntelliJ IDEA Community Edition 2023.3.2\bin

VM Arguments:
jvm_args: -javaagent:C:\Program Files\JetBrains\IntelliJ IDEA Community Edition 2023.3.2\lib\idea_rt.jar=52990:C:\Program Files\JetBrains\IntelliJ IDEA Community Edition 2023.3.2\bin -Dfile.encoding=UTF-8 
java_command: com.microservices.transaccion_service.TransaccionServiceApplication
java_class_path (initial): C:\Users\catap\Desktop\Delfi\WalletDH\transaccion-service\target\classes;C:\Users\catap\.m2\repository\org\springframework\boot\spring-boot-starter-data-jpa\3.4.0\spring-boot-starter-data-jpa-3.4.0.jar;C:\Users\catap\.m2\repository\org\springframework\boot\spring-boot-starter\3.4.0\spring-boot-starter-3.4.0.jar;C:\Users\catap\.m2\repository\org\springframework\boot\spring-boot-starter-logging\3.4.0\spring-boot-starter-logging-3.4.0.jar;C:\Users\catap\.m2\repository\ch\qos\logback\logback-classic\1.5.12\logback-classic-1.5.12.jar;C:\Users\catap\.m2\repository\ch\qos\logback\logback-core\1.5.12\logback-core-1.5.12.jar;C:\Users\catap\.m2\repository\org\apache\logging\log4j\log4j-to-slf4j\2.24.1\log4j-to-slf4j-2.24.1.jar;C:\Users\catap\.m2\repository\org\apache\logging\log4j\log4j-api\2.24.1\log4j-api-2.24.1.jar;C:\Users\catap\.m2\repository\org\slf4j\jul-to-slf4j\2.0.16\jul-to-slf4j-2.0.16.jar;C:\Users\catap\.m2\repository\jakarta\annotation\jakarta.annotation-api\2.1.1\jakarta.annotation-api-2.1.1.jar;C:\Users\catap\.m2\repository\org\yaml\snakeyaml\2.3\snakeyaml-2.3.jar;C:\Users\catap\.m2\repository\org\springframework\boot\spring-boot-starter-jdbc\3.4.0\spring-boot-starter-jdbc-3.4.0.jar;C:\Users\catap\.m2\repository\com\zaxxer\HikariCP\5.1.0\HikariCP-5.1.0.jar;C:\Users\catap\.m2\repository\org\springframework\spring-jdbc\6.2.0\spring-jdbc-6.2.0.jar;C:\Users\catap\.m2\repository\org\hibernate\orm\hibernate-core\6.6.2.Final\hibernate-core-6.6.2.Final.jar;C:\Users\catap\.m2\repository\jakarta\persistence\jakarta.persistence-api\3.1.0\jakarta.persistence-api-3.1.0.jar;C:\Users\catap\.m2\repository\jakarta\transaction\jakarta.transaction-api\2.0.1\jakarta.transaction-api-2.0.1.jar;C:\Users\catap\.m2\repository\org\jboss\logging\jboss-logging\3.6.1.Final\jboss-logging-3.6.1.Final.jar;C:\Users\catap\.m2\repository\org\hibernate\common\hibernate-commons-annotations\7.0.3.Final\hibernate-commons-annotations-7.0.3.Final.jar;C:\Users\catap\.m2\rep
Launcher Type: SUN_STANDARD

[Global flags]
     intx CICompilerCount                          = 3                                         {product} {ergonomic}
     uint ConcGCThreads                            = 1                                         {product} {ergonomic}
     uint G1ConcRefinementThreads                  = 4                                         {product} {ergonomic}
   size_t G1HeapRegionSize                         = 1048576                                   {product} {ergonomic}
    uintx GCDrainStackTargetSize                   = 64                                        {product} {ergonomic}
   size_t InitialHeapSize                          = 134217728                                 {product} {ergonomic}
   size_t MarkStackSize                            = 4194304                                   {product} {ergonomic}
   size_t MaxHeapSize                              = 2116026368                                {product} {ergonomic}
   size_t MaxNewSize                               = 1268776960                                {product} {ergonomic}
   size_t MinHeapDeltaBytes                        = 1048576                                   {product} {ergonomic}
   size_t MinHeapSize                              = 8388608                                   {product} {ergonomic}
    uintx NonNMethodCodeHeapSize                   = 5832780                                {pd product} {ergonomic}
    uintx NonProfiledCodeHeapSize                  = 122912730                              {pd product} {ergonomic}
    uintx ProfiledCodeHeapSize                     = 122912730                              {pd product} {ergonomic}
    uintx ReservedCodeCacheSize                    = 251658240                              {pd product} {ergonomic}
     bool SegmentedCodeCache                       = true                                      {product} {ergonomic}
   size_t SoftMaxHeapSize                          = 2116026368                             {manageable} {ergonomic}
     bool UseCompressedClassPointers               = true                           {product lp64_product} {ergonomic}
     bool UseCompressedOops                        = true                           {product lp64_product} {ergonomic}
     bool UseG1GC                                  = true                                      {product} {ergonomic}
     bool UseLargePagesIndividualAllocation        = false                                  {pd product} {ergonomic}

Logging:
Log output configuration:
 #0: stdout all=warning uptime,level,tags
 #1: stderr all=off uptime,level,tags

Environment Variables:
JAVA_HOME=C:\Program Files\Java\jdk-17
PATH=C:\Program Files\Common Files\Oracle\Java\javapath;C:\Program Files\Java\jdk-17\bin;C:\Windows\system32;C:\Windows;C:\Windows\System32\Wbem;C:\Windows\System32\WindowsPowerShell\v1.0\;C:\Windows\System32\OpenSSH\;C:\Program Files\Git\cmd;C:\Program Files\Java\jdk1.8.0_202\bin;C:\Program Files\Java\jdk-17\bin;C:\Users\catap\Downloads\flutter\bin;C:\workspace\apache-maven-3.9.6-bin\apache-maven-3.9.6\bin;C:\Program Files\Go\bin;C:\Program Files (x86)\Go\bin;C:\xampp\mysql\bin;C:\Program Files\nodejs\;C:\Program Files\MySQL\MySQL Shell 8.0\bin\;C:\Users\catap\AppData\Local\Microsoft\WindowsApps;C:\Users\catap\AppData\Local\Programs\Microsoft VS Code\bin;C:\Users\catap\go\bin;C:\Users\catap\Downloads\chromedriver-win64;C:\Users\catap\AppData\Roaming\npm
USERNAME=catap
OS=Windows_NT
PROCESSOR_IDENTIFIER=Intel64 Family 6 Model 142 Stepping 9, GenuineIntel



---------------  S Y S T E M  ---------------

OS:
 Windows 10 , 64 bit Build 19041 (10.0.19041.5438)
OS uptime: 11 days 23:22 hours

CPU: total 4 (initial active 4) (2 cores per cpu, 2 threads per core) family 6 model 142 stepping 9 microcode 0xb4, cx8, cmov, fxsr, ht, mmx, 3dnowpref, sse, sse2, sse3, ssse3, sse4.1, sse4.2, popcnt, lzcnt, tsc, tscinvbit, avx, avx2, aes, erms, clmul, bmi1, bmi2, adx, fma, vzeroupper, clflush, clflushopt

Memory: 4k page, system-wide physical 8071M (369M free)
TotalPageFile size 32647M (AvailPageFile size 49M)
current process WorkingSet (physical memory assigned to process): 313M, peak: 313M
current process commit charge ("private bytes"): 430M, peak: 477M

vm_info: Java HotSpot(TM) 64-Bit Server VM (17.0.9+11-LTS-201) for windows-amd64 JRE (17.0.9+11-LTS-201), built on Oct 10 2023 23:16:06 by "mach5one" with MS VC++ 17.1 (VS2022)

END.
