#
# There is insufficient memory for the Java Runtime Environment to continue.
# Native memory allocation (malloc) failed to allocate 992416 bytes for Chunk::new
# Possible reasons:
#   The system is out of physical RAM or swap space
#   The process is running with CompressedOops enabled, and the Java Heap may be blocking the growth of the native heap
# Possible solutions:
#   Reduce memory load on the system
#   Increase physical memory or swap space
#   Check if swap backing store is full
#   Decrease Java heap size (-Xmx/-Xms)
#   Decrease number of Java threads
#   Decrease Java thread stack sizes (-Xss)
#   Set larger code cache with -XX:ReservedCodeCacheSize=
#   JVM is running with Unscaled Compressed Oops mode in which the Java heap is
#     placed in the first 4GB address space. The Java Heap base address is the
#     maximum limit for the native heap growth. Please use -XX:HeapBaseMinAddress
#     to set the Java Heap base and to place the Java Heap above 4GB virtual address.
# This output file may be truncated or incomplete.
#
#  Out of Memory Error (arena.cpp:189), pid=7300, tid=3020
#
# JRE version: Java(TM) SE Runtime Environment (17.0.9+11) (build 17.0.9+11-LTS-201)
# Java VM: Java HotSpot(TM) 64-Bit Server VM (17.0.9+11-LTS-201, mixed mode, sharing, tiered, compressed oops, compressed class ptrs, g1 gc, windows-amd64)
# No core dump will be written. Minidumps are not enabled by default on client versions of Windows
#

---------------  S U M M A R Y ------------

Command Line: -javaagent:C:\Program Files\JetBrains\IntelliJ IDEA Community Edition 2023.3.2\lib\idea_rt.jar=61714:C:\Program Files\JetBrains\IntelliJ IDEA Community Edition 2023.3.2\bin -Dfile.encoding=UTF-8 com.microservices.transaccion_service.TransaccionServiceApplication

Host: Intel(R) Core(TM) i3-7020U CPU @ 2.30GHz, 4 cores, 7G,  Windows 10 , 64 bit Build 19041 (10.0.19041.5438)
Time: Thu Feb 27 15:43:31 2025 Hora estándar de Argentina elapsed time: 22.421174 seconds (0d 0h 0m 22s)

---------------  T H R E A D  ---------------

Current thread (0x000002969c880200):  JavaThread "C2 CompilerThread0" daemon [_thread_in_native, id=3020, stack(0x000000b097d00000,0x000000b097e00000)]


Current CompileTask:
C2:  22421 6931       4       org.springframework.beans.factory.support.AbstractBeanFactory::isTypeMatch (745 bytes)

Stack: [0x000000b097d00000,0x000000b097e00000]
Native frames: (J=compiled Java code, j=interpreted, Vv=VM code, C=native code)
V  [jvm.dll+0x678a4a]
V  [jvm.dll+0x7d9cfd]
V  [jvm.dll+0x7db60e]
V  [jvm.dll+0x7dbc73]
V  [jvm.dll+0x245e1f]
V  [jvm.dll+0xaaafb]
V  [jvm.dll+0xab09c]
V  [jvm.dll+0x2ab7ef]
V  [jvm.dll+0x5812e5]
V  [jvm.dll+0x220c52]
V  [jvm.dll+0x219d2d]
V  [jvm.dll+0x217459]
V  [jvm.dll+0x1a3bc0]
V  [jvm.dll+0x2272de]
V  [jvm.dll+0x22548b]
V  [jvm.dll+0x78f58c]
V  [jvm.dll+0x78998a]
V  [jvm.dll+0x677875]
C  [ucrtbase.dll+0x21bb2]
C  [KERNEL32.DLL+0x17374]
C  [ntdll.dll+0x4cc91]


---------------  P R O C E S S  ---------------

Threads class SMR info:
_java_thread_list=0x00000296e361fe00, length=23, elements={
0x00000296fd07e560, 0x000002969c861740, 0x000002969c8624d0, 0x000002969c872b60,
0x000002969c876450, 0x000002969c876d20, 0x000002969c8775f0, 0x000002969c880200,
0x000002969c8840c0, 0x000002969c8971a0, 0x000002969c84b040, 0x00000296e2105360,
0x00000296e2156190, 0x00000296e26dbc70, 0x00000296e267da40, 0x00000296e3174fc0,
0x00000296e55bc820, 0x00000296e55bc310, 0x00000296e55bb8f0, 0x00000296e55be170,
0x00000296e55bbe00, 0x00000296e55beb90, 0x00000296e55bd240
}

Java Threads: ( => current thread )
  0x00000296fd07e560 JavaThread "main" [_thread_blocked, id=3472, stack(0x000000b097000000,0x000000b097100000)]
  0x000002969c861740 JavaThread "Reference Handler" daemon [_thread_blocked, id=11000, stack(0x000000b097700000,0x000000b097800000)]
  0x000002969c8624d0 JavaThread "Finalizer" daemon [_thread_blocked, id=19828, stack(0x000000b097800000,0x000000b097900000)]
  0x000002969c872b60 JavaThread "Signal Dispatcher" daemon [_thread_blocked, id=11988, stack(0x000000b097900000,0x000000b097a00000)]
  0x000002969c876450 JavaThread "Attach Listener" daemon [_thread_blocked, id=11028, stack(0x000000b097a00000,0x000000b097b00000)]
  0x000002969c876d20 JavaThread "Service Thread" daemon [_thread_blocked, id=11288, stack(0x000000b097b00000,0x000000b097c00000)]
  0x000002969c8775f0 JavaThread "Monitor Deflation Thread" daemon [_thread_blocked, id=22248, stack(0x000000b097c00000,0x000000b097d00000)]
=>0x000002969c880200 JavaThread "C2 CompilerThread0" daemon [_thread_in_native, id=3020, stack(0x000000b097d00000,0x000000b097e00000)]
  0x000002969c8840c0 JavaThread "C1 CompilerThread0" daemon [_thread_blocked, id=5256, stack(0x000000b097e00000,0x000000b097f00000)]
  0x000002969c8971a0 JavaThread "Sweeper thread" daemon [_thread_blocked, id=16080, stack(0x000000b097f00000,0x000000b098000000)]
  0x000002969c84b040 JavaThread "Common-Cleaner" daemon [_thread_blocked, id=11284, stack(0x000000b098000000,0x000000b098100000)]
  0x00000296e2105360 JavaThread "Monitor Ctrl-Break" daemon [_thread_in_native, id=11880, stack(0x000000b098200000,0x000000b098300000)]
  0x00000296e2156190 JavaThread "Notification Thread" daemon [_thread_blocked, id=20232, stack(0x000000b098300000,0x000000b098400000)]
  0x00000296e26dbc70 JavaThread "Thread-0" [_thread_blocked, id=18060, stack(0x000000b098900000,0x000000b098a00000)]
  0x00000296e267da40 JavaThread "restartedMain" [_thread_in_vm, id=15144, stack(0x000000b098a00000,0x000000b098b00000)]
  0x00000296e3174fc0 JavaThread "Keep-Alive-Timer" daemon [_thread_blocked, id=21924, stack(0x000000b098100000,0x000000b098200000)]
  0x00000296e55bc820 JavaThread "Catalina-utility-1" [_thread_blocked, id=17824, stack(0x000000b098d00000,0x000000b098e00000)]
  0x00000296e55bc310 JavaThread "Catalina-utility-2" [_thread_blocked, id=14864, stack(0x000000b098e00000,0x000000b098f00000)]
  0x00000296e55bb8f0 JavaThread "container-0" [_thread_blocked, id=5368, stack(0x000000b098f00000,0x000000b099000000)]
  0x00000296e55be170 JavaThread "mysql-cj-abandoned-connection-cleanup" daemon [_thread_blocked, id=19356, stack(0x000000b099000000,0x000000b099100000)]
  0x00000296e55bbe00 JavaThread "HikariPool-1 housekeeper" daemon [_thread_blocked, id=9004, stack(0x000000b099100000,0x000000b099200000)]
  0x00000296e55beb90 JavaThread "HikariPool-1 connection adder" daemon [_thread_blocked, id=20564, stack(0x000000b099200000,0x000000b099300000)]
  0x00000296e55bd240 JavaThread "spring.cloud.inetutils" daemon [_thread_blocked, id=19884, stack(0x000000b098c00000,0x000000b098d00000)]

Other Threads:
  0x000002969c85c820 VMThread "VM Thread" [stack: 0x000000b097600000,0x000000b097700000] [id=1476]
  0x00000296fd0f9170 WatcherThread [stack: 0x000000b098400000,0x000000b098500000] [id=20716]
  0x00000296fd0d6c40 GCTaskThread "GC Thread#0" [stack: 0x000000b097100000,0x000000b097200000] [id=21040]
  0x00000296e26849f0 GCTaskThread "GC Thread#1" [stack: 0x000000b098500000,0x000000b098600000] [id=5588]
  0x00000296e2865380 GCTaskThread "GC Thread#2" [stack: 0x000000b098600000,0x000000b098700000] [id=5764]
  0x00000296e267fc80 GCTaskThread "GC Thread#3" [stack: 0x000000b098700000,0x000000b098800000] [id=9908]
  0x00000296fd0e8af0 ConcurrentGCThread "G1 Main Marker" [stack: 0x000000b097200000,0x000000b097300000] [id=12544]
  0x00000296fd0e9bb0 ConcurrentGCThread "G1 Conc#0" [stack: 0x000000b097300000,0x000000b097400000] [id=10388]
  0x000002969c7220c0 ConcurrentGCThread "G1 Refine#0" [stack: 0x000000b097400000,0x000000b097500000] [id=5004]
  0x00000296e27d1c90 ConcurrentGCThread "G1 Refine#1" [stack: 0x000000b098800000,0x000000b098900000] [id=12616]
  0x000002969c722a00 ConcurrentGCThread "G1 Service" [stack: 0x000000b097500000,0x000000b097600000] [id=20204]

Threads with active compile tasks:
C2 CompilerThread0    22482 6931       4       org.springframework.beans.factory.support.AbstractBeanFactory::isTypeMatch (745 bytes)

VM state: not at safepoint (normal execution)

VM Mutex/Monitor currently owned by a thread: None

Heap address: 0x0000000081e00000, size: 2018 MB, Compressed Oops mode: 32-bit

CDS archive(s) mapped at: [0x000002969d000000-0x000002969dbd0000-0x000002969dbd0000), size 12386304, SharedBaseAddress: 0x000002969d000000, ArchiveRelocationMode: 1.
Compressed class space mapped at: 0x000002969e000000-0x00000296de000000, reserved size: 1073741824
Narrow klass base: 0x000002969d000000, Narrow klass shift: 0, Narrow klass range: 0x100000000

GC Precious Log:
 CPUs: 4 total, 4 available
 Memory: 8071M
 Large Page Support: Disabled
 NUMA Support: Disabled
 Compressed Oops: Enabled (32-bit)
 Heap Region Size: 1M
 Heap Min Capacity: 8M
 Heap Initial Capacity: 128M
 Heap Max Capacity: 2018M
 Pre-touch: Disabled
 Parallel Workers: 4
 Concurrent Workers: 1
 Concurrent Refinement Workers: 4
 Periodic GC: Disabled

Heap:
 garbage-first heap   total 146432K, used 54640K [0x0000000081e00000, 0x0000000100000000)
  region size 1024K, 8 young (8192K), 1 survivors (1024K)
 Metaspace       used 77507K, committed 78080K, reserved 1179648K
  class space    used 10616K, committed 10880K, reserved 1048576K

Heap Regions: E=young(eden), S=young(survivor), O=old, HS=humongous(starts), HC=humongous(continues), CS=collection set, F=free, OA=open archive, CA=closed archive, TAMS=top-at-mark-start (previous, next)
|   0|0x0000000081e00000, 0x0000000081f00000, 0x0000000081f00000|100%|HS|  |TAMS 0x0000000081f00000, 0x0000000081e00000| Complete 
|   1|0x0000000081f00000, 0x0000000082000000, 0x0000000082000000|100%|HS|  |TAMS 0x0000000082000000, 0x0000000081f00000| Complete 
|   2|0x0000000082000000, 0x0000000082100000, 0x0000000082100000|100%|HS|  |TAMS 0x0000000082100000, 0x0000000082000000| Complete 
|   3|0x0000000082100000, 0x0000000082200000, 0x0000000082200000|100%| O|  |TAMS 0x0000000082200000, 0x0000000082100000| Untracked 
|   4|0x0000000082200000, 0x0000000082300000, 0x0000000082300000|100%| O|  |TAMS 0x0000000082300000, 0x0000000082200000| Untracked 
|   5|0x0000000082300000, 0x0000000082400000, 0x0000000082400000|100%| O|  |TAMS 0x0000000082400000, 0x0000000082300000| Untracked 
|   6|0x0000000082400000, 0x0000000082500000, 0x0000000082500000|100%| O|  |TAMS 0x0000000082500000, 0x0000000082400000| Untracked 
|   7|0x0000000082500000, 0x0000000082600000, 0x0000000082600000|100%| O|  |TAMS 0x0000000082600000, 0x0000000082500000| Untracked 
|   8|0x0000000082600000, 0x0000000082700000, 0x0000000082700000|100%| O|  |TAMS 0x0000000082700000, 0x0000000082600000| Untracked 
|   9|0x0000000082700000, 0x0000000082800000, 0x0000000082800000|100%| O|  |TAMS 0x0000000082800000, 0x0000000082700000| Untracked 
|  10|0x0000000082800000, 0x0000000082900000, 0x0000000082900000|100%| O|  |TAMS 0x0000000082900000, 0x0000000082800000| Untracked 
|  11|0x0000000082900000, 0x0000000082a00000, 0x0000000082a00000|100%| O|  |TAMS 0x0000000082a00000, 0x0000000082900000| Untracked 
|  12|0x0000000082a00000, 0x0000000082b00000, 0x0000000082b00000|100%| O|  |TAMS 0x0000000082b00000, 0x0000000082a00000| Untracked 
|  13|0x0000000082b00000, 0x0000000082c00000, 0x0000000082c00000|100%| O|  |TAMS 0x0000000082c00000, 0x0000000082b00000| Untracked 
|  14|0x0000000082c00000, 0x0000000082d00000, 0x0000000082d00000|100%| O|  |TAMS 0x0000000082d00000, 0x0000000082c00000| Untracked 
|  15|0x0000000082d00000, 0x0000000082e00000, 0x0000000082e00000|100%| O|  |TAMS 0x0000000082e00000, 0x0000000082d00000| Untracked 
|  16|0x0000000082e00000, 0x0000000082f00000, 0x0000000082f00000|100%| O|  |TAMS 0x0000000082f00000, 0x0000000082e00000| Untracked 
|  17|0x0000000082f00000, 0x0000000083000000, 0x0000000083000000|100%| O|  |TAMS 0x0000000082f00000, 0x0000000082f00000| Untracked 
|  18|0x0000000083000000, 0x0000000083100000, 0x0000000083100000|100%| O|  |TAMS 0x0000000083100000, 0x0000000083000000| Untracked 
|  19|0x0000000083100000, 0x0000000083100000, 0x0000000083200000|  0%| F|  |TAMS 0x0000000083100000, 0x0000000083100000| Untracked 
|  20|0x0000000083200000, 0x0000000083300000, 0x0000000083300000|100%| O|  |TAMS 0x0000000083300000, 0x0000000083200000| Untracked 
|  21|0x0000000083300000, 0x0000000083400000, 0x0000000083400000|100%| O|  |TAMS 0x0000000083400000, 0x0000000083300000| Untracked 
|  22|0x0000000083400000, 0x0000000083500000, 0x0000000083500000|100%| O|  |TAMS 0x0000000083500000, 0x0000000083400000| Untracked 
|  23|0x0000000083500000, 0x0000000083600000, 0x0000000083600000|100%| O|  |TAMS 0x0000000083600000, 0x0000000083500000| Untracked 
|  24|0x0000000083600000, 0x0000000083700000, 0x0000000083700000|100%| O|  |TAMS 0x0000000083700000, 0x0000000083600000| Untracked 
|  25|0x0000000083700000, 0x0000000083800000, 0x0000000083800000|100%| O|  |TAMS 0x0000000083800000, 0x0000000083700000| Untracked 
|  26|0x0000000083800000, 0x0000000083900000, 0x0000000083900000|100%| O|  |TAMS 0x0000000083900000, 0x0000000083800000| Untracked 
|  27|0x0000000083900000, 0x0000000083a00000, 0x0000000083a00000|100%| O|  |TAMS 0x0000000083a00000, 0x0000000083900000| Untracked 
|  28|0x0000000083a00000, 0x0000000083b00000, 0x0000000083b00000|100%| O|  |TAMS 0x0000000083b00000, 0x0000000083a00000| Untracked 
|  29|0x0000000083b00000, 0x0000000083c00000, 0x0000000083c00000|100%| O|  |TAMS 0x0000000083c00000, 0x0000000083b00000| Untracked 
|  30|0x0000000083c00000, 0x0000000083d00000, 0x0000000083d00000|100%| O|  |TAMS 0x0000000083d00000, 0x0000000083c00000| Untracked 
|  31|0x0000000083d00000, 0x0000000083e00000, 0x0000000083e00000|100%| O|  |TAMS 0x0000000083e00000, 0x0000000083d00000| Untracked 
|  32|0x0000000083e00000, 0x0000000083f00000, 0x0000000083f00000|100%| O|  |TAMS 0x0000000083f00000, 0x0000000083e00000| Untracked 
|  33|0x0000000083f00000, 0x0000000084000000, 0x0000000084000000|100%| O|  |TAMS 0x0000000084000000, 0x0000000083f00000| Untracked 
|  34|0x0000000084000000, 0x0000000084100000, 0x0000000084100000|100%| O|  |TAMS 0x0000000084100000, 0x0000000084000000| Untracked 
|  35|0x0000000084100000, 0x0000000084200000, 0x0000000084200000|100%| O|  |TAMS 0x0000000084200000, 0x0000000084100000| Untracked 
|  36|0x0000000084200000, 0x0000000084300000, 0x0000000084300000|100%| O|  |TAMS 0x0000000084300000, 0x0000000084200000| Untracked 
|  37|0x0000000084300000, 0x0000000084400000, 0x0000000084400000|100%| O|  |TAMS 0x0000000084400000, 0x0000000084300000| Untracked 
|  38|0x0000000084400000, 0x0000000084500000, 0x0000000084500000|100%| O|  |TAMS 0x0000000084500000, 0x0000000084400000| Untracked 
|  39|0x0000000084500000, 0x0000000084600000, 0x0000000084600000|100%| O|  |TAMS 0x0000000084600000, 0x0000000084500000| Untracked 
|  40|0x0000000084600000, 0x0000000084700000, 0x0000000084700000|100%| O|  |TAMS 0x0000000084700000, 0x0000000084600000| Untracked 
|  41|0x0000000084700000, 0x0000000084800000, 0x0000000084800000|100%| O|  |TAMS 0x0000000084800000, 0x0000000084700000| Untracked 
|  42|0x0000000084800000, 0x0000000084900000, 0x0000000084900000|100%| O|  |TAMS 0x0000000084900000, 0x0000000084800000| Untracked 
|  43|0x0000000084900000, 0x0000000084a00000, 0x0000000084a00000|100%| O|  |TAMS 0x0000000084a00000, 0x0000000084900000| Untracked 
|  44|0x0000000084a00000, 0x0000000084b00000, 0x0000000084b00000|100%| O|  |TAMS 0x0000000084ac4e00, 0x0000000084a00000| Untracked 
|  45|0x0000000084b00000, 0x0000000084c00000, 0x0000000084c00000|100%| O|  |TAMS 0x0000000084b00000, 0x0000000084b00000| Untracked 
|  46|0x0000000084c00000, 0x0000000084d00000, 0x0000000084d00000|100%| O|  |TAMS 0x0000000084c00000, 0x0000000084c00000| Untracked 
|  47|0x0000000084d00000, 0x0000000084dbf400, 0x0000000084e00000| 74%| O|  |TAMS 0x0000000084d00000, 0x0000000084d00000| Untracked 
|  48|0x0000000084e00000, 0x0000000084e00000, 0x0000000084f00000|  0%| F|  |TAMS 0x0000000084e00000, 0x0000000084e00000| Untracked 
|  49|0x0000000084f00000, 0x0000000084f00000, 0x0000000085000000|  0%| F|  |TAMS 0x0000000084f00000, 0x0000000084f00000| Untracked 
|  50|0x0000000085000000, 0x0000000085000000, 0x0000000085100000|  0%| F|  |TAMS 0x0000000085000000, 0x0000000085000000| Untracked 
|  51|0x0000000085100000, 0x0000000085100000, 0x0000000085200000|  0%| F|  |TAMS 0x0000000085100000, 0x0000000085100000| Untracked 
|  52|0x0000000085200000, 0x0000000085200000, 0x0000000085300000|  0%| F|  |TAMS 0x0000000085200000, 0x0000000085200000| Untracked 
|  53|0x0000000085300000, 0x0000000085300000, 0x0000000085400000|  0%| F|  |TAMS 0x0000000085300000, 0x0000000085300000| Untracked 
|  54|0x0000000085400000, 0x0000000085400000, 0x0000000085500000|  0%| F|  |TAMS 0x0000000085400000, 0x0000000085400000| Untracked 
|  55|0x0000000085500000, 0x0000000085500000, 0x0000000085600000|  0%| F|  |TAMS 0x0000000085500000, 0x0000000085500000| Untracked 
|  56|0x0000000085600000, 0x0000000085600000, 0x0000000085700000|  0%| F|  |TAMS 0x0000000085600000, 0x0000000085600000| Untracked 
|  57|0x0000000085700000, 0x0000000085700000, 0x0000000085800000|  0%| F|  |TAMS 0x0000000085700000, 0x0000000085700000| Untracked 
|  58|0x0000000085800000, 0x0000000085800000, 0x0000000085900000|  0%| F|  |TAMS 0x0000000085800000, 0x0000000085800000| Untracked 
|  59|0x0000000085900000, 0x0000000085900000, 0x0000000085a00000|  0%| F|  |TAMS 0x0000000085900000, 0x0000000085900000| Untracked 
|  60|0x0000000085a00000, 0x0000000085a00000, 0x0000000085b00000|  0%| F|  |TAMS 0x0000000085a00000, 0x0000000085a00000| Untracked 
|  61|0x0000000085b00000, 0x0000000085b00000, 0x0000000085c00000|  0%| F|  |TAMS 0x0000000085b00000, 0x0000000085b00000| Untracked 
|  62|0x0000000085c00000, 0x0000000085c00000, 0x0000000085d00000|  0%| F|  |TAMS 0x0000000085c00000, 0x0000000085c00000| Untracked 
|  63|0x0000000085d00000, 0x0000000085d00000, 0x0000000085e00000|  0%| F|  |TAMS 0x0000000085d00000, 0x0000000085d00000| Untracked 
|  64|0x0000000085e00000, 0x0000000085e00000, 0x0000000085f00000|  0%| F|  |TAMS 0x0000000085e00000, 0x0000000085e00000| Untracked 
|  65|0x0000000085f00000, 0x0000000085f00000, 0x0000000086000000|  0%| F|  |TAMS 0x0000000085f00000, 0x0000000085f00000| Untracked 
|  66|0x0000000086000000, 0x0000000086000000, 0x0000000086100000|  0%| F|  |TAMS 0x0000000086000000, 0x0000000086000000| Untracked 
|  67|0x0000000086100000, 0x0000000086100000, 0x0000000086200000|  0%| F|  |TAMS 0x0000000086100000, 0x0000000086100000| Untracked 
|  68|0x0000000086200000, 0x0000000086200000, 0x0000000086300000|  0%| F|  |TAMS 0x0000000086200000, 0x0000000086200000| Untracked 
|  69|0x0000000086300000, 0x0000000086300000, 0x0000000086400000|  0%| F|  |TAMS 0x0000000086300000, 0x0000000086300000| Untracked 
|  70|0x0000000086400000, 0x0000000086400000, 0x0000000086500000|  0%| F|  |TAMS 0x0000000086400000, 0x0000000086400000| Untracked 
|  71|0x0000000086500000, 0x0000000086500000, 0x0000000086600000|  0%| F|  |TAMS 0x0000000086500000, 0x0000000086500000| Untracked 
|  72|0x0000000086600000, 0x0000000086600000, 0x0000000086700000|  0%| F|  |TAMS 0x0000000086600000, 0x0000000086600000| Untracked 
|  73|0x0000000086700000, 0x0000000086700000, 0x0000000086800000|  0%| F|  |TAMS 0x0000000086700000, 0x0000000086700000| Untracked 
|  74|0x0000000086800000, 0x0000000086800000, 0x0000000086900000|  0%| F|  |TAMS 0x0000000086800000, 0x0000000086800000| Untracked 
|  75|0x0000000086900000, 0x0000000086900000, 0x0000000086a00000|  0%| F|  |TAMS 0x0000000086900000, 0x0000000086900000| Untracked 
|  76|0x0000000086a00000, 0x0000000086a00000, 0x0000000086b00000|  0%| F|  |TAMS 0x0000000086a00000, 0x0000000086a00000| Untracked 
|  77|0x0000000086b00000, 0x0000000086b00000, 0x0000000086c00000|  0%| F|  |TAMS 0x0000000086b00000, 0x0000000086b00000| Untracked 
|  78|0x0000000086c00000, 0x0000000086c00000, 0x0000000086d00000|  0%| F|  |TAMS 0x0000000086c00000, 0x0000000086c00000| Untracked 
|  79|0x0000000086d00000, 0x0000000086d00000, 0x0000000086e00000|  0%| F|  |TAMS 0x0000000086d00000, 0x0000000086d00000| Untracked 
|  80|0x0000000086e00000, 0x0000000086e00000, 0x0000000086f00000|  0%| F|  |TAMS 0x0000000086e00000, 0x0000000086e00000| Untracked 
|  81|0x0000000086f00000, 0x0000000086f00000, 0x0000000087000000|  0%| F|  |TAMS 0x0000000086f00000, 0x0000000086f00000| Untracked 
|  82|0x0000000087000000, 0x0000000087000000, 0x0000000087100000|  0%| F|  |TAMS 0x0000000087000000, 0x0000000087000000| Untracked 
|  83|0x0000000087100000, 0x0000000087100000, 0x0000000087200000|  0%| F|  |TAMS 0x0000000087100000, 0x0000000087100000| Untracked 
|  84|0x0000000087200000, 0x0000000087200000, 0x0000000087300000|  0%| F|  |TAMS 0x0000000087200000, 0x0000000087200000| Untracked 
|  85|0x0000000087300000, 0x0000000087300000, 0x0000000087400000|  0%| F|  |TAMS 0x0000000087300000, 0x0000000087300000| Untracked 
|  86|0x0000000087400000, 0x0000000087400000, 0x0000000087500000|  0%| F|  |TAMS 0x0000000087400000, 0x0000000087400000| Untracked 
|  87|0x0000000087500000, 0x0000000087500000, 0x0000000087600000|  0%| F|  |TAMS 0x0000000087500000, 0x0000000087500000| Untracked 
|  88|0x0000000087600000, 0x0000000087600000, 0x0000000087700000|  0%| F|  |TAMS 0x0000000087600000, 0x0000000087600000| Untracked 
|  89|0x0000000087700000, 0x0000000087700000, 0x0000000087800000|  0%| F|  |TAMS 0x0000000087700000, 0x0000000087700000| Untracked 
|  90|0x0000000087800000, 0x0000000087800000, 0x0000000087900000|  0%| F|  |TAMS 0x0000000087800000, 0x0000000087800000| Untracked 
|  91|0x0000000087900000, 0x0000000087900000, 0x0000000087a00000|  0%| F|  |TAMS 0x0000000087900000, 0x0000000087900000| Untracked 
|  92|0x0000000087a00000, 0x0000000087a00000, 0x0000000087b00000|  0%| F|  |TAMS 0x0000000087a00000, 0x0000000087a00000| Untracked 
|  93|0x0000000087b00000, 0x0000000087b00000, 0x0000000087c00000|  0%| F|  |TAMS 0x0000000087b00000, 0x0000000087b00000| Untracked 
|  94|0x0000000087c00000, 0x0000000087c00000, 0x0000000087d00000|  0%| F|  |TAMS 0x0000000087c00000, 0x0000000087c00000| Untracked 
|  95|0x0000000087d00000, 0x0000000087d00000, 0x0000000087e00000|  0%| F|  |TAMS 0x0000000087d00000, 0x0000000087d00000| Untracked 
|  96|0x0000000087e00000, 0x0000000087e00000, 0x0000000087f00000|  0%| F|  |TAMS 0x0000000087e00000, 0x0000000087e00000| Untracked 
|  97|0x0000000087f00000, 0x0000000087f00000, 0x0000000088000000|  0%| F|  |TAMS 0x0000000087f00000, 0x0000000087f00000| Untracked 
|  98|0x0000000088000000, 0x0000000088000000, 0x0000000088100000|  0%| F|  |TAMS 0x0000000088000000, 0x0000000088000000| Untracked 
|  99|0x0000000088100000, 0x0000000088100000, 0x0000000088200000|  0%| F|  |TAMS 0x0000000088100000, 0x0000000088100000| Untracked 
| 100|0x0000000088200000, 0x0000000088200000, 0x0000000088300000|  0%| F|  |TAMS 0x0000000088200000, 0x0000000088200000| Untracked 
| 101|0x0000000088300000, 0x0000000088300000, 0x0000000088400000|  0%| F|  |TAMS 0x0000000088300000, 0x0000000088300000| Untracked 
| 102|0x0000000088400000, 0x0000000088400000, 0x0000000088500000|  0%| F|  |TAMS 0x0000000088400000, 0x0000000088400000| Untracked 
| 103|0x0000000088500000, 0x0000000088500000, 0x0000000088600000|  0%| F|  |TAMS 0x0000000088500000, 0x0000000088500000| Untracked 
| 104|0x0000000088600000, 0x0000000088600000, 0x0000000088700000|  0%| F|  |TAMS 0x0000000088600000, 0x0000000088600000| Untracked 
| 105|0x0000000088700000, 0x0000000088700000, 0x0000000088800000|  0%| F|  |TAMS 0x0000000088700000, 0x0000000088700000| Untracked 
| 106|0x0000000088800000, 0x0000000088800000, 0x0000000088900000|  0%| F|  |TAMS 0x0000000088800000, 0x0000000088800000| Untracked 
| 107|0x0000000088900000, 0x0000000088900000, 0x0000000088a00000|  0%| F|  |TAMS 0x0000000088900000, 0x0000000088900000| Untracked 
| 108|0x0000000088a00000, 0x0000000088a00000, 0x0000000088b00000|  0%| F|  |TAMS 0x0000000088a00000, 0x0000000088a00000| Untracked 
| 109|0x0000000088b00000, 0x0000000088b00000, 0x0000000088c00000|  0%| F|  |TAMS 0x0000000088b00000, 0x0000000088b00000| Untracked 
| 110|0x0000000088c00000, 0x0000000088c00000, 0x0000000088d00000|  0%| F|  |TAMS 0x0000000088c00000, 0x0000000088c00000| Untracked 
| 111|0x0000000088d00000, 0x0000000088d00000, 0x0000000088e00000|  0%| F|  |TAMS 0x0000000088d00000, 0x0000000088d00000| Untracked 
| 112|0x0000000088e00000, 0x0000000088e00000, 0x0000000088f00000|  0%| F|  |TAMS 0x0000000088e00000, 0x0000000088e00000| Untracked 
| 113|0x0000000088f00000, 0x0000000088f00000, 0x0000000089000000|  0%| F|  |TAMS 0x0000000088f00000, 0x0000000088f00000| Untracked 
| 114|0x0000000089000000, 0x0000000089000000, 0x0000000089100000|  0%| F|  |TAMS 0x0000000089000000, 0x0000000089000000| Untracked 
| 115|0x0000000089100000, 0x0000000089100000, 0x0000000089200000|  0%| F|  |TAMS 0x0000000089100000, 0x0000000089100000| Untracked 
| 116|0x0000000089200000, 0x0000000089200000, 0x0000000089300000|  0%| F|  |TAMS 0x0000000089200000, 0x0000000089200000| Untracked 
| 117|0x0000000089300000, 0x0000000089300000, 0x0000000089400000|  0%| F|  |TAMS 0x0000000089300000, 0x0000000089300000| Untracked 
| 118|0x0000000089400000, 0x0000000089400000, 0x0000000089500000|  0%| F|  |TAMS 0x0000000089400000, 0x0000000089400000| Untracked 
| 119|0x0000000089500000, 0x0000000089500000, 0x0000000089600000|  0%| F|  |TAMS 0x0000000089500000, 0x0000000089500000| Untracked 
| 120|0x0000000089600000, 0x0000000089600000, 0x0000000089700000|  0%| F|  |TAMS 0x0000000089600000, 0x0000000089600000| Untracked 
| 121|0x0000000089700000, 0x0000000089700000, 0x0000000089800000|  0%| F|  |TAMS 0x0000000089700000, 0x0000000089700000| Untracked 
| 122|0x0000000089800000, 0x0000000089800000, 0x0000000089900000|  0%| F|  |TAMS 0x0000000089800000, 0x0000000089800000| Untracked 
| 123|0x0000000089900000, 0x0000000089900000, 0x0000000089a00000|  0%| F|  |TAMS 0x0000000089900000, 0x0000000089900000| Untracked 
| 124|0x0000000089a00000, 0x0000000089a9cfc0, 0x0000000089b00000| 61%| S|CS|TAMS 0x0000000089a00000, 0x0000000089a00000| Complete 
| 125|0x0000000089b00000, 0x0000000089b00000, 0x0000000089c00000|  0%| F|  |TAMS 0x0000000089b00000, 0x0000000089b00000| Untracked 
| 126|0x0000000089c00000, 0x0000000089c00000, 0x0000000089d00000|  0%| F|  |TAMS 0x0000000089c00000, 0x0000000089c00000| Untracked 
| 127|0x0000000089d00000, 0x0000000089d00000, 0x0000000089e00000|  0%| F|  |TAMS 0x0000000089d00000, 0x0000000089d00000| Untracked 
| 128|0x0000000089e00000, 0x0000000089e00000, 0x0000000089f00000|  0%| F|  |TAMS 0x0000000089e00000, 0x0000000089e00000| Untracked 
| 129|0x0000000089f00000, 0x0000000089f00000, 0x000000008a000000|  0%| F|  |TAMS 0x0000000089f00000, 0x0000000089f00000| Untracked 
| 130|0x000000008a000000, 0x000000008a000000, 0x000000008a100000|  0%| F|  |TAMS 0x000000008a000000, 0x000000008a000000| Untracked 
| 131|0x000000008a100000, 0x000000008a100000, 0x000000008a200000|  0%| F|  |TAMS 0x000000008a100000, 0x000000008a100000| Untracked 
| 132|0x000000008a200000, 0x000000008a200000, 0x000000008a300000|  0%| F|  |TAMS 0x000000008a200000, 0x000000008a200000| Untracked 
| 133|0x000000008a300000, 0x000000008a300000, 0x000000008a400000|  0%| F|  |TAMS 0x000000008a300000, 0x000000008a300000| Untracked 
| 134|0x000000008a400000, 0x000000008a400000, 0x000000008a500000|  0%| F|  |TAMS 0x000000008a400000, 0x000000008a400000| Untracked 
| 135|0x000000008a500000, 0x000000008a580800, 0x000000008a600000| 50%| E|  |TAMS 0x000000008a500000, 0x000000008a500000| Complete 
| 136|0x000000008a600000, 0x000000008a700000, 0x000000008a700000|100%| E|CS|TAMS 0x000000008a600000, 0x000000008a600000| Complete 
| 137|0x000000008a700000, 0x000000008a800000, 0x000000008a800000|100%| E|CS|TAMS 0x000000008a700000, 0x000000008a700000| Complete 
| 138|0x000000008a800000, 0x000000008a900000, 0x000000008a900000|100%| E|CS|TAMS 0x000000008a800000, 0x000000008a800000| Complete 
| 139|0x000000008a900000, 0x000000008aa00000, 0x000000008aa00000|100%| E|CS|TAMS 0x000000008a900000, 0x000000008a900000| Complete 
| 140|0x000000008aa00000, 0x000000008ab00000, 0x000000008ab00000|100%| E|CS|TAMS 0x000000008aa00000, 0x000000008aa00000| Complete 
| 141|0x000000008ab00000, 0x000000008ac00000, 0x000000008ac00000|100%| E|CS|TAMS 0x000000008ab00000, 0x000000008ab00000| Complete 
| 142|0x000000008ac00000, 0x000000008ad00000, 0x000000008ad00000|100%| E|CS|TAMS 0x000000008ac00000, 0x000000008ac00000| Complete 

Card table byte_map: [0x00000296ff330000,0x00000296ff730000] _byte_map_base: 0x00000296fef21000

Marking Bits (Prev, Next): (CMBitMap*) 0x00000296fd0d8580, (CMBitMap*) 0x00000296fd0d85c0
 Prev Bits: [0x00000296967d0000, 0x0000029698758000)
 Next Bits: [0x0000029698760000, 0x000002969a6e8000)

Polling page: 0x00000296fcf20000

Metaspace:

Usage:
  Non-class:     65.33 MB used.
      Class:     10.37 MB used.
       Both:     75.71 MB used.

Virtual space:
  Non-class space:      128.00 MB reserved,      65.62 MB ( 51%) committed,  2 nodes.
      Class space:        1.00 GB reserved,      10.62 MB (  1%) committed,  1 nodes.
             Both:        1.12 GB reserved,      76.25 MB (  7%) committed. 

Chunk freelists:
   Non-Class:  13.45 MB
       Class:  5.38 MB
        Both:  18.83 MB

MaxMetaspaceSize: unlimited
CompressedClassSpaceSize: 1.00 GB
Initial GC threshold: 21.00 MB
Current GC threshold: 124.06 MB
CDS: on
MetaspaceReclaimPolicy: balanced
 - commit_granule_bytes: 65536.
 - commit_granule_words: 8192.
 - virtual_space_node_default_size: 8388608.
 - enlarge_chunks_in_place: 1.
 - new_chunks_are_fully_committed: 0.
 - uncommit_free_chunks: 1.
 - use_allocation_guard: 0.
 - handle_deallocations: 1.


Internal statistics:

num_allocs_failed_limit: 18.
num_arena_births: 814.
num_arena_deaths: 0.
num_vsnodes_births: 3.
num_vsnodes_deaths: 0.
num_space_committed: 1220.
num_space_uncommitted: 0.
num_chunks_returned_to_freelist: 18.
num_chunks_taken_from_freelist: 3583.
num_chunk_merges: 18.
num_chunk_splits: 2622.
num_chunks_enlarged: 2045.
num_inconsistent_stats: 0.

CodeHeap 'non-profiled nmethods': size=120000Kb used=4491Kb max_used=4491Kb free=115508Kb
 bounds [0x000002968f2a0000, 0x000002968f710000, 0x00000296967d0000]
CodeHeap 'profiled nmethods': size=120000Kb used=13629Kb max_used=13629Kb free=106370Kb
 bounds [0x00000296877d0000, 0x0000029688520000, 0x000002968ed00000]
CodeHeap 'non-nmethods': size=5760Kb used=1362Kb max_used=1448Kb free=4397Kb
 bounds [0x000002968ed00000, 0x000002968ef70000, 0x000002968f2a0000]
 total_blobs=7087 nmethods=6391 adapters=608
 compilation: enabled
              stopped_count=0, restarted_count=0
 full_count=0

Compilation events (20 events):
Event: 22.389 Thread 0x000002969c8840c0 7140       2       sun.reflect.generics.tree.BottomSignature::make (4 bytes)
Event: 22.389 Thread 0x000002969c8840c0 nmethod 7140 0x000002968850dd10 code [0x000002968850dea0, 0x000002968850df98]
Event: 22.393 Thread 0x000002969c8840c0 7142       2       org.springframework.core.ResolvableType::resolveVariable (185 bytes)
Event: 22.394 Thread 0x000002969c8840c0 nmethod 7142 0x000002968850e010 code [0x000002968850e2e0, 0x000002968850eb78]
Event: 22.394 Thread 0x000002969c8840c0 7141       2       org.springframework.core.ResolvableType$DefaultVariableResolver::resolveVariable (9 bytes)
Event: 22.394 Thread 0x000002969c8840c0 nmethod 7141 0x000002968850ef90 code [0x000002968850f120, 0x000002968850f248]
Event: 22.398 Thread 0x000002969c8840c0 7143       2       org.springframework.core.convert.support.GenericConversionService::canConvert (25 bytes)
Event: 22.398 Thread 0x000002969c8840c0 nmethod 7143 0x000002968850f310 code [0x000002968850f4c0, 0x000002968850f6d8]
Event: 22.398 Thread 0x000002969c8840c0 7144       2       org.springframework.core.MethodParameter::getGenericParameterType (147 bytes)
Event: 22.400 Thread 0x000002969c8840c0 nmethod 7144 0x000002968850f810 code [0x000002968850fa60, 0x00000296885103e8]
Event: 22.400 Thread 0x000002969c8840c0 7145       3       org.springframework.core.ResolvableType::forType (7 bytes)
Event: 22.400 Thread 0x000002969c8840c0 nmethod 7145 0x0000029688510810 code [0x00000296885109c0, 0x0000029688510ae8]
Event: 22.400 Thread 0x000002969c8840c0 7146       2       org.springframework.context.annotation.ConfigurationClassPostProcessor$ImportAwareBeanPostProcessor::postProcessBeforeInitialization (62 bytes)
Event: 22.401 Thread 0x000002969c8840c0 nmethod 7146 0x0000029688510b90 code [0x0000029688510dc0, 0x00000296885113a8]
Event: 22.405 Thread 0x000002969c8840c0 7148       3       org.aspectj.weaver.ReferenceType::isExposedToWeaver (25 bytes)
Event: 22.405 Thread 0x000002969c8840c0 nmethod 7148 0x0000029688511710 code [0x00000296885118c0, 0x0000029688511bf8]
Event: 22.410 Thread 0x000002969c8840c0 7149       2       org.aspectj.apache.bcel.classfile.annotation.NameValuePair::<init> (20 bytes)
Event: 22.410 Thread 0x000002969c8840c0 nmethod 7149 0x0000029688511d10 code [0x0000029688511ea0, 0x0000029688512058]
Event: 22.411 Thread 0x000002969c8840c0 7150       2       org.aspectj.apache.bcel.classfile.annotation.AnnotationGen::addElementNameValuePair (33 bytes)
Event: 22.411 Thread 0x000002969c8840c0 nmethod 7150 0x0000029688512110 code [0x00000296885122c0, 0x0000029688512528]

GC Heap History (20 events):
Event: 15.008 GC heap before
{Heap before GC invocations=18 (full 0):
 garbage-first heap   total 87040K, used 65104K [0x0000000081e00000, 0x0000000100000000)
  region size 1024K, 31 young (31744K), 3 survivors (3072K)
 Metaspace       used 43583K, committed 44032K, reserved 1114112K
  class space    used 5708K, committed 5888K, reserved 1048576K
}
Event: 15.015 GC heap after
{Heap after GC invocations=19 (full 0):
 garbage-first heap   total 87040K, used 37363K [0x0000000081e00000, 0x0000000100000000)
  region size 1024K, 2 young (2048K), 2 survivors (2048K)
 Metaspace       used 43583K, committed 44032K, reserved 1114112K
  class space    used 5708K, committed 5888K, reserved 1048576K
}
Event: 16.499 GC heap before
{Heap before GC invocations=19 (full 0):
 garbage-first heap   total 87040K, used 66035K [0x0000000081e00000, 0x0000000100000000)
  region size 1024K, 30 young (30720K), 2 survivors (2048K)
 Metaspace       used 49143K, committed 49600K, reserved 1114112K
  class space    used 6573K, committed 6784K, reserved 1048576K
}
Event: 16.506 GC heap after
{Heap after GC invocations=20 (full 0):
 garbage-first heap   total 87040K, used 38534K [0x0000000081e00000, 0x0000000100000000)
  region size 1024K, 3 young (3072K), 3 survivors (3072K)
 Metaspace       used 49143K, committed 49600K, reserved 1114112K
  class space    used 6573K, committed 6784K, reserved 1048576K
}
Event: 18.254 GC heap before
{Heap before GC invocations=20 (full 0):
 garbage-first heap   total 87040K, used 67206K [0x0000000081e00000, 0x0000000100000000)
  region size 1024K, 31 young (31744K), 3 survivors (3072K)
 Metaspace       used 58858K, committed 59392K, reserved 1114112K
  class space    used 7820K, committed 8064K, reserved 1048576K
}
Event: 18.263 GC heap after
{Heap after GC invocations=21 (full 0):
 garbage-first heap   total 87040K, used 41231K [0x0000000081e00000, 0x0000000100000000)
  region size 1024K, 4 young (4096K), 4 survivors (4096K)
 Metaspace       used 58858K, committed 59392K, reserved 1114112K
  class space    used 7820K, committed 8064K, reserved 1048576K
}
Event: 19.305 GC heap before
{Heap before GC invocations=21 (full 0):
 garbage-first heap   total 87040K, used 68879K [0x0000000081e00000, 0x0000000100000000)
  region size 1024K, 31 young (31744K), 4 survivors (4096K)
 Metaspace       used 66077K, committed 66624K, reserved 1114112K
  class space    used 8828K, committed 9088K, reserved 1048576K
}
Event: 19.318 GC heap after
{Heap after GC invocations=22 (full 0):
 garbage-first heap   total 87040K, used 42899K [0x0000000081e00000, 0x0000000100000000)
  region size 1024K, 2 young (2048K), 2 survivors (2048K)
 Metaspace       used 66077K, committed 66624K, reserved 1114112K
  class space    used 8828K, committed 9088K, reserved 1048576K
}
Event: 19.984 GC heap before
{Heap before GC invocations=22 (full 0):
 garbage-first heap   total 87040K, used 54163K [0x0000000081e00000, 0x0000000100000000)
  region size 1024K, 14 young (14336K), 2 survivors (2048K)
 Metaspace       used 68746K, committed 69248K, reserved 1114112K
  class space    used 9333K, committed 9600K, reserved 1048576K
}
Event: 19.989 GC heap after
{Heap after GC invocations=23 (full 0):
 garbage-first heap   total 87040K, used 42913K [0x0000000081e00000, 0x0000000100000000)
  region size 1024K, 2 young (2048K), 2 survivors (2048K)
 Metaspace       used 68746K, committed 69248K, reserved 1114112K
  class space    used 9333K, committed 9600K, reserved 1048576K
}
Event: 20.875 GC heap before
{Heap before GC invocations=24 (full 0):
 garbage-first heap   total 87040K, used 70561K [0x0000000081e00000, 0x0000000100000000)
  region size 1024K, 29 young (29696K), 2 survivors (2048K)
 Metaspace       used 72967K, committed 73600K, reserved 1114112K
  class space    used 9891K, committed 10176K, reserved 1048576K
}
Event: 20.882 GC heap after
{Heap after GC invocations=25 (full 0):
 garbage-first heap   total 87040K, used 45040K [0x0000000081e00000, 0x0000000100000000)
  region size 1024K, 4 young (4096K), 4 survivors (4096K)
 Metaspace       used 72967K, committed 73600K, reserved 1114112K
  class space    used 9891K, committed 10176K, reserved 1048576K
}
Event: 20.932 GC heap before
{Heap before GC invocations=25 (full 0):
 garbage-first heap   total 87040K, used 46064K [0x0000000081e00000, 0x0000000100000000)
  region size 1024K, 5 young (5120K), 4 survivors (4096K)
 Metaspace       used 73156K, committed 73792K, reserved 1114112K
  class space    used 9934K, committed 10240K, reserved 1048576K
}
Event: 20.939 GC heap after
{Heap after GC invocations=26 (full 0):
 garbage-first heap   total 87040K, used 45435K [0x0000000081e00000, 0x0000000100000000)
  region size 1024K, 1 young (1024K), 1 survivors (1024K)
 Metaspace       used 73156K, committed 73792K, reserved 1114112K
  class space    used 9934K, committed 10240K, reserved 1048576K
}
Event: 21.655 GC heap before
{Heap before GC invocations=26 (full 0):
 garbage-first heap   total 87040K, used 71035K [0x0000000081e00000, 0x0000000100000000)
  region size 1024K, 26 young (26624K), 1 survivors (1024K)
 Metaspace       used 75386K, committed 75968K, reserved 1114112K
  class space    used 10295K, committed 10560K, reserved 1048576K
}
Event: 21.662 GC heap after
{Heap after GC invocations=27 (full 0):
 garbage-first heap   total 87040K, used 46838K [0x0000000081e00000, 0x0000000100000000)
  region size 1024K, 2 young (2048K), 2 survivors (2048K)
 Metaspace       used 75386K, committed 75968K, reserved 1114112K
  class space    used 10295K, committed 10560K, reserved 1048576K
}
Event: 22.266 GC heap before
{Heap before GC invocations=28 (full 0):
 garbage-first heap   total 87040K, used 71414K [0x0000000081e00000, 0x0000000100000000)
  region size 1024K, 26 young (26624K), 2 survivors (2048K)
 Metaspace       used 77243K, committed 77824K, reserved 1179648K
  class space    used 10585K, committed 10880K, reserved 1048576K
}
Event: 22.274 GC heap after
{Heap after GC invocations=29 (full 0):
 garbage-first heap   total 87040K, used 48552K [0x0000000081e00000, 0x0000000100000000)
  region size 1024K, 4 young (4096K), 4 survivors (4096K)
 Metaspace       used 77243K, committed 77824K, reserved 1179648K
  class space    used 10585K, committed 10880K, reserved 1048576K
}
Event: 22.316 GC heap before
{Heap before GC invocations=29 (full 0):
 garbage-first heap   total 87040K, used 49576K [0x0000000081e00000, 0x0000000100000000)
  region size 1024K, 5 young (5120K), 4 survivors (4096K)
 Metaspace       used 77387K, committed 77952K, reserved 1179648K
  class space    used 10600K, committed 10880K, reserved 1048576K
}
Event: 22.328 GC heap after
{Heap after GC invocations=30 (full 0):
 garbage-first heap   total 146432K, used 48496K [0x0000000081e00000, 0x0000000100000000)
  region size 1024K, 1 young (1024K), 1 survivors (1024K)
 Metaspace       used 77387K, committed 77952K, reserved 1179648K
  class space    used 10600K, committed 10880K, reserved 1048576K
}

Deoptimization events (20 events):
Event: 21.445 Thread 0x00000296e267da40 DEOPT PACKING pc=0x0000029688419556 sp=0x000000b098afa370
Event: 21.445 Thread 0x00000296e267da40 DEOPT UNPACKING pc=0x000002968ed52b43 sp=0x000000b098af9880 mode 0
Event: 21.456 Thread 0x00000296e267da40 DEOPT PACKING pc=0x0000029688419556 sp=0x000000b098af9fe0
Event: 21.456 Thread 0x00000296e267da40 DEOPT UNPACKING pc=0x000002968ed52b43 sp=0x000000b098af94f0 mode 0
Event: 21.461 Thread 0x00000296e267da40 DEOPT PACKING pc=0x0000029688419556 sp=0x000000b098afabb0
Event: 21.461 Thread 0x00000296e267da40 DEOPT UNPACKING pc=0x000002968ed52b43 sp=0x000000b098afa0c0 mode 0
Event: 21.471 Thread 0x00000296e267da40 DEOPT PACKING pc=0x0000029688419556 sp=0x000000b098afa370
Event: 21.471 Thread 0x00000296e267da40 DEOPT UNPACKING pc=0x000002968ed52b43 sp=0x000000b098af9880 mode 0
Event: 21.487 Thread 0x00000296e267da40 DEOPT PACKING pc=0x0000029688419556 sp=0x000000b098afabb0
Event: 21.487 Thread 0x00000296e267da40 DEOPT UNPACKING pc=0x000002968ed52b43 sp=0x000000b098afa0c0 mode 0
Event: 21.491 Thread 0x00000296e267da40 DEOPT PACKING pc=0x0000029688419556 sp=0x000000b098afa370
Event: 21.491 Thread 0x00000296e267da40 DEOPT UNPACKING pc=0x000002968ed52b43 sp=0x000000b098af9880 mode 0
Event: 21.503 Thread 0x00000296e267da40 DEOPT PACKING pc=0x0000029688419556 sp=0x000000b098af8920
Event: 21.503 Thread 0x00000296e267da40 DEOPT UNPACKING pc=0x000002968ed52b43 sp=0x000000b098af7e30 mode 0
Event: 21.991 Thread 0x00000296e267da40 DEOPT PACKING pc=0x00000296881a0f6c sp=0x000000b098afcc20
Event: 21.991 Thread 0x00000296e267da40 DEOPT UNPACKING pc=0x000002968ed52b43 sp=0x000000b098afc108 mode 0
Event: 22.257 Thread 0x00000296e267da40 Uncommon trap: trap_request=0xffffff45 fr.pc=0x000002968f6c0ef0 relative=0x00000000000041f0
Event: 22.257 Thread 0x00000296e267da40 Uncommon trap: reason=unstable_if action=reinterpret pc=0x000002968f6c0ef0 method=org.springframework.core.annotation.TypeMappedAnnotations$IsPresent.doWithAnnotations(Ljava/lang/Object;ILjava/lang/Object;[Ljava/lang/annotation/Annotation;)Ljava/lang/Bool
Event: 22.257 Thread 0x00000296e267da40 DEOPT PACKING pc=0x000002968f6c0ef0 sp=0x000000b098afa5f0
Event: 22.257 Thread 0x00000296e267da40 DEOPT UNPACKING pc=0x000002968ed523a3 sp=0x000000b098afa500 mode 2

Classes unloaded (0 events):
No events

Classes redefined (0 events):
No events

Internal exceptions (20 events):
Event: 20.209 Thread 0x00000296e267da40 Exception <a 'java/lang/NoSuchMethodError'{0x0000000086ef3408}: 'java.lang.Object java.lang.invoke.Invokers$Holder.linkToTargetMethod(java.lang.Object, java.lang.Object, java.lang.Object, java.lang.Object, java.lang.Object, java.lang.Object, int, java.lang.Object)'> (0x0000000086ef3408) 
thrown [s\open\src\hotspot\share\interpreter\linkResolver.cpp, line 759]
Event: 20.241 Thread 0x00000296e267da40 Exception <a 'java/lang/NoSuchMethodError'{0x0000000086dcc040}: 'void java.lang.invoke.DirectMethodHandle$Holder.invokeInterface(java.lang.Object, java.lang.Object)'> (0x0000000086dcc040) 
thrown [s\open\src\hotspot\share\interpreter\linkResolver.cpp, line 759]
Event: 20.652 Thread 0x00000296e267da40 Implicit null exception at 0x000002968f6303f7 to 0x000002968f63578c
Event: 20.658 Thread 0x00000296e267da40 Exception <a 'java/lang/IncompatibleClassChangeError'{0x0000000085df4188}: Found class java.lang.Object, but interface was expected> (0x0000000085df4188) 
thrown [s\open\src\hotspot\share\interpreter\linkResolver.cpp, line 826]
Event: 20.719 Thread 0x00000296e267da40 Exception <a 'java/lang/IncompatibleClassChangeError'{0x0000000085a8b900}: Found class java.lang.Object, but interface was expected> (0x0000000085a8b900) 
thrown [s\open\src\hotspot\share\interpreter\linkResolver.cpp, line 826]
Event: 20.974 Thread 0x00000296e267da40 Exception <a 'java/lang/IncompatibleClassChangeError'{0x000000008993dac0}: Found class java.lang.Object, but interface was expected> (0x000000008993dac0) 
thrown [s\open\src\hotspot\share\interpreter\linkResolver.cpp, line 826]
Event: 21.056 Thread 0x00000296e267da40 Exception <a 'java/lang/reflect/InvocationTargetException'{0x0000000086ea8838}> (0x0000000086ea8838) 
thrown [s\open\src\hotspot\share\runtime\reflection.cpp, line 1121]
Event: 21.067 Thread 0x00000296e267da40 Exception <a 'java/lang/NoSuchMethodError'{0x0000000086d0d698}: 'int java.lang.invoke.DirectMethodHandle$Holder.invokeStatic(java.lang.Object, java.lang.Object, int)'> (0x0000000086d0d698) 
thrown [s\open\src\hotspot\share\interpreter\linkResolver.cpp, line 759]
Event: 21.078 Thread 0x00000296e267da40 Exception <a 'java/lang/IncompatibleClassChangeError'{0x0000000086d4fe68}: Found class java.lang.Object, but interface was expected> (0x0000000086d4fe68) 
thrown [s\open\src\hotspot\share\interpreter\linkResolver.cpp, line 826]
Event: 21.079 Thread 0x00000296e267da40 Exception <a 'java/lang/IncompatibleClassChangeError'{0x0000000086d564d8}: Found class java.lang.Object, but interface was expected> (0x0000000086d564d8) 
thrown [s\open\src\hotspot\share\interpreter\linkResolver.cpp, line 826]
Event: 21.142 Thread 0x00000296e267da40 Exception <a 'java/lang/NoSuchMethodError'{0x0000000086b10ac8}: 'java.lang.Object java.lang.invoke.DirectMethodHandle$Holder.invokeStatic(java.lang.Object, int, java.lang.Object)'> (0x0000000086b10ac8) 
thrown [s\open\src\hotspot\share\interpreter\linkResolver.cpp, line 759]
Event: 21.150 Thread 0x00000296e267da40 Exception <a 'java/lang/reflect/InvocationTargetException'{0x0000000086b49de0}> (0x0000000086b49de0) 
thrown [s\open\src\hotspot\share\runtime\reflection.cpp, line 1121]
Event: 21.242 Thread 0x00000296e267da40 Exception <a 'java/lang/reflect/InvocationTargetException'{0x00000000866121a0}> (0x00000000866121a0) 
thrown [s\open\src\hotspot\share\runtime\reflection.cpp, line 1121]
Event: 21.346 Thread 0x00000296e267da40 Exception <a 'java/lang/NoSuchMethodError'{0x0000000086313c68}: 'java.lang.Object java.lang.invoke.DirectMethodHandle$Holder.newInvokeSpecial(java.lang.Object, java.lang.Object, int, java.lang.Object, java.lang.Object)'> (0x0000000086313c68) 
thrown [s\open\src\hotspot\share\interpreter\linkResolver.cpp, line 759]
Event: 21.348 Thread 0x00000296e267da40 Implicit null exception at 0x000002968f4561d6 to 0x000002968f45641c
Event: 21.484 Thread 0x00000296e267da40 Exception <a 'java/net/BindException'{0x0000000085c68588}: Address already in use: bind> (0x0000000085c68588) 
thrown [s\open\src\hotspot\share\prims\jni.cpp, line 535]
Event: 21.484 Thread 0x00000296e267da40 Exception <a 'java/net/SocketException'{0x0000000085c691c0}: Socket is not connected: shutdown> (0x0000000085c691c0) 
thrown [s\open\src\hotspot\share\prims\jni.cpp, line 535]
Event: 21.786 Thread 0x00000296e267da40 Exception <a 'java/lang/IncompatibleClassChangeError'{0x0000000086e6d680}: Found class java.lang.Object, but interface was expected> (0x0000000086e6d680) 
thrown [s\open\src\hotspot\share\interpreter\linkResolver.cpp, line 826]
Event: 21.846 Thread 0x00000296e267da40 Exception <a 'java/lang/NoSuchMethodError'{0x0000000086d4d6f0}: 'java.lang.Object java.lang.invoke.DirectMethodHandle$Holder.invokeStatic(java.lang.Object, int, java.lang.Object, java.lang.Object, java.lang.Object)'> (0x0000000086d4d6f0) 
thrown [s\open\src\hotspot\share\interpreter\linkResolver.cpp, line 759]
Event: 21.878 Thread 0x00000296e267da40 Exception <a 'java/lang/reflect/InvocationTargetException'{0x0000000086c862d8}> (0x0000000086c862d8) 
thrown [s\open\src\hotspot\share\runtime\reflection.cpp, line 1121]

VM Operations (20 events):
Event: 21.344 Executing VM operation: HandshakeAllThreads
Event: 21.344 Executing VM operation: HandshakeAllThreads done
Event: 21.655 Executing VM operation: G1CollectForAllocation
Event: 21.662 Executing VM operation: G1CollectForAllocation done
Event: 21.775 Executing VM operation: G1Concurrent
Event: 21.782 Executing VM operation: G1Concurrent done
Event: 21.844 Executing VM operation: G1Concurrent
Event: 21.845 Executing VM operation: G1Concurrent done
Event: 22.028 Executing VM operation: HandshakeAllThreads
Event: 22.028 Executing VM operation: HandshakeAllThreads done
Event: 22.209 Executing VM operation: HandshakeAllThreads
Event: 22.209 Executing VM operation: HandshakeAllThreads done
Event: 22.266 Executing VM operation: G1CollectForAllocation
Event: 22.274 Executing VM operation: G1CollectForAllocation done
Event: 22.304 Executing VM operation: HandshakeAllThreads
Event: 22.304 Executing VM operation: HandshakeAllThreads done
Event: 22.305 Executing VM operation: HandshakeAllThreads
Event: 22.305 Executing VM operation: HandshakeAllThreads done
Event: 22.316 Executing VM operation: G1CollectForAllocation
Event: 22.328 Executing VM operation: G1CollectForAllocation done

Events (20 events):
Event: 21.483 loading class java/net/Inet4AddressImpl done
Event: 21.483 loading class java/net/BindException
Event: 21.484 loading class java/net/BindException done
Event: 21.499 loading class jdk/internal/reflect/UnsafeIntegerFieldAccessorImpl
Event: 21.499 loading class jdk/internal/reflect/UnsafeIntegerFieldAccessorImpl done
Event: 21.629 Thread 0x00000296e55bd240 Thread added: 0x00000296e55bd240
Event: 21.696 loading class java/util/zip/GZIPOutputStream
Event: 21.697 loading class java/util/zip/DeflaterOutputStream
Event: 21.697 loading class java/util/zip/DeflaterOutputStream done
Event: 21.697 loading class java/util/zip/GZIPOutputStream done
Event: 21.697 loading class java/util/zip/GZIPInputStream
Event: 21.697 loading class java/util/zip/GZIPInputStream done
Event: 21.938 loading class jdk/internal/reflect/UnsafeQualifiedObjectFieldAccessorImpl
Event: 21.938 loading class jdk/internal/reflect/UnsafeQualifiedFieldAccessorImpl
Event: 21.938 loading class jdk/internal/reflect/UnsafeQualifiedFieldAccessorImpl done
Event: 21.938 loading class jdk/internal/reflect/UnsafeQualifiedObjectFieldAccessorImpl done
Event: 22.019 loading class java/util/ArrayList$ListItr
Event: 22.027 loading class java/util/ArrayList$ListItr done
Event: 22.275 loading class java/util/Comparators$NullComparator
Event: 22.284 loading class java/util/Comparators$NullComparator done


Dynamic libraries:
0x00007ff627130000 - 0x00007ff627140000 	C:\Program Files\Java\jdk-17\bin\java.exe
0x00007ffe07190000 - 0x00007ffe07388000 	C:\Windows\SYSTEM32\ntdll.dll
0x00007ffe06030000 - 0x00007ffe060f2000 	C:\Windows\System32\KERNEL32.DLL
0x00007ffe04af0000 - 0x00007ffe04def000 	C:\Windows\System32\KERNELBASE.dll
0x00007ffe05040000 - 0x00007ffe05140000 	C:\Windows\System32\ucrtbase.dll
0x00007ffdf42b0000 - 0x00007ffdf42c9000 	C:\Program Files\Java\jdk-17\bin\jli.dll
0x00007ffdeb460000 - 0x00007ffdeb47b000 	C:\Program Files\Java\jdk-17\bin\VCRUNTIME140.dll
0x00007ffe07040000 - 0x00007ffe070ef000 	C:\Windows\System32\ADVAPI32.dll
0x00007ffe06ae0000 - 0x00007ffe06b7e000 	C:\Windows\System32\msvcrt.dll
0x00007ffe05f90000 - 0x00007ffe0602f000 	C:\Windows\System32\sechost.dll
0x00007ffe061d0000 - 0x00007ffe062f3000 	C:\Windows\System32\RPCRT4.dll
0x00007ffe04ac0000 - 0x00007ffe04ae7000 	C:\Windows\System32\bcrypt.dll
0x00007ffe06d30000 - 0x00007ffe06ecd000 	C:\Windows\System32\USER32.dll
0x00007ffe04f10000 - 0x00007ffe04f32000 	C:\Windows\System32\win32u.dll
0x00007ffe06560000 - 0x00007ffe0658b000 	C:\Windows\System32\GDI32.dll
0x00007ffdd8070000 - 0x00007ffdd830a000 	C:\Windows\WinSxS\amd64_microsoft.windows.common-controls_6595b64144ccf1df_6.0.19041.4355_none_60b8b9eb71f62e16\COMCTL32.dll
0x00007ffe04df0000 - 0x00007ffe04f0a000 	C:\Windows\System32\gdi32full.dll
0x00007ffe04990000 - 0x00007ffe04a2d000 	C:\Windows\System32\msvcp_win.dll
0x00007ffdfe6e0000 - 0x00007ffdfe6ea000 	C:\Windows\SYSTEM32\VERSION.dll
0x00007ffe05570000 - 0x00007ffe0559f000 	C:\Windows\System32\IMM32.DLL
0x00007ffdfd970000 - 0x00007ffdfd97c000 	C:\Program Files\Java\jdk-17\bin\vcruntime140_1.dll
0x00007ffddf7f0000 - 0x00007ffddf87e000 	C:\Program Files\Java\jdk-17\bin\msvcp140.dll
0x00007ffd74fa0000 - 0x00007ffd75b81000 	C:\Program Files\Java\jdk-17\bin\server\jvm.dll
0x00007ffe061c0000 - 0x00007ffe061c8000 	C:\Windows\System32\PSAPI.DLL
0x00007ffdf7680000 - 0x00007ffdf76a7000 	C:\Windows\SYSTEM32\WINMM.dll
0x00007ffdf3a00000 - 0x00007ffdf3a09000 	C:\Windows\SYSTEM32\WSOCK32.dll
0x00007ffe06fb0000 - 0x00007ffe0701b000 	C:\Windows\System32\ws2_32.DLL
0x00007ffe03050000 - 0x00007ffe03062000 	C:\Windows\SYSTEM32\kernel.appcore.dll
0x00007ffdf42a0000 - 0x00007ffdf42aa000 	C:\Program Files\Java\jdk-17\bin\jimage.dll
0x00007ffe025a0000 - 0x00007ffe02784000 	C:\Windows\SYSTEM32\DBGHELP.DLL
0x00007ffdfcf10000 - 0x00007ffdfcf44000 	C:\Windows\SYSTEM32\dbgcore.DLL
0x00007ffe04a30000 - 0x00007ffe04ab2000 	C:\Windows\System32\bcryptPrimitives.dll
0x00007ffe00b20000 - 0x00007ffe00b2e000 	C:\Program Files\Java\jdk-17\bin\instrument.dll
0x00007ffde00a0000 - 0x00007ffde00c5000 	C:\Program Files\Java\jdk-17\bin\java.dll
0x00007ffddf710000 - 0x00007ffddf7e7000 	C:\Program Files\Java\jdk-17\bin\jsvml.dll
0x00007ffe05680000 - 0x00007ffe05ded000 	C:\Windows\System32\SHELL32.dll
0x00007ffe02890000 - 0x00007ffe03034000 	C:\Windows\SYSTEM32\windows.storage.dll
0x00007ffe051b0000 - 0x00007ffe05505000 	C:\Windows\System32\combase.dll
0x00007ffe04190000 - 0x00007ffe041bf000 	C:\Windows\SYSTEM32\Wldp.dll
0x00007ffe06590000 - 0x00007ffe0665d000 	C:\Windows\System32\OLEAUT32.dll
0x00007ffe06100000 - 0x00007ffe061ad000 	C:\Windows\System32\SHCORE.dll
0x00007ffe05510000 - 0x00007ffe05565000 	C:\Windows\System32\shlwapi.dll
0x00007ffe04760000 - 0x00007ffe04784000 	C:\Windows\SYSTEM32\profapi.dll
0x00007ffddfc80000 - 0x00007ffddfc98000 	C:\Program Files\Java\jdk-17\bin\zip.dll
0x00007ffdeb440000 - 0x00007ffdeb459000 	C:\Program Files\Java\jdk-17\bin\net.dll
0x00007ffdfbf00000 - 0x00007ffdfc00a000 	C:\Windows\SYSTEM32\WINHTTP.dll
0x00007ffe03ef0000 - 0x00007ffe03f5c000 	C:\Windows\system32\mswsock.dll
0x00007ffddfca0000 - 0x00007ffddfcb6000 	C:\Program Files\Java\jdk-17\bin\nio.dll
0x00007ffdfcdf0000 - 0x00007ffdfce0a000 	C:\Program Files\JetBrains\IntelliJ IDEA Community Edition 2023.3.2\bin\breakgen64.dll
0x00007ffdffb70000 - 0x00007ffdffb7a000 	C:\Program Files\Java\jdk-17\bin\management.dll
0x00007ffdfe0c0000 - 0x00007ffdfe0cb000 	C:\Program Files\Java\jdk-17\bin\management_ext.dll
0x00007ffe03c10000 - 0x00007ffe03cda000 	C:\Windows\SYSTEM32\DNSAPI.dll
0x00007ffe03bd0000 - 0x00007ffe03c0b000 	C:\Windows\SYSTEM32\IPHLPAPI.DLL
0x00007ffe061b0000 - 0x00007ffe061b8000 	C:\Windows\System32\NSI.dll
0x00007ffdfa240000 - 0x00007ffdfa24a000 	C:\Windows\System32\rasadhlp.dll
0x00007ffdfa310000 - 0x00007ffdfa390000 	C:\Windows\System32\fwpuclnt.dll
0x00007ffdfc4e0000 - 0x00007ffdfc4f7000 	C:\Windows\SYSTEM32\dhcpcsvc6.DLL
0x00007ffdfd3a0000 - 0x00007ffdfd3bd000 	C:\Windows\SYSTEM32\dhcpcsvc.DLL
0x00007ffdfdfe0000 - 0x00007ffdfdfee000 	C:\Program Files\Java\jdk-17\bin\sunmscapi.dll
0x00007ffe04830000 - 0x00007ffe0498c000 	C:\Windows\System32\CRYPT32.dll
0x00007ffe04200000 - 0x00007ffe04227000 	C:\Windows\SYSTEM32\ncrypt.dll
0x00007ffe041c0000 - 0x00007ffe041fb000 	C:\Windows\SYSTEM32\NTASN1.dll
0x00007ffe040f0000 - 0x00007ffe04108000 	C:\Windows\SYSTEM32\CRYPTSP.dll
0x00007ffe03810000 - 0x00007ffe03844000 	C:\Windows\system32\rsaenh.dll
0x00007ffe04720000 - 0x00007ffe0474e000 	C:\Windows\SYSTEM32\USERENV.dll
0x00007ffe040e0000 - 0x00007ffe040ec000 	C:\Windows\SYSTEM32\CRYPTBASE.dll
0x00007ffe00530000 - 0x00007ffe00540000 	C:\Program Files\Java\jdk-17\bin\verify.dll

dbghelp: loaded successfully - version: 4.0.5 - missing functions: none
symbol engine: initialized successfully - sym options: 0x614 - pdb path: .;C:\Program Files\Java\jdk-17\bin;C:\Windows\SYSTEM32;C:\Windows\WinSxS\amd64_microsoft.windows.common-controls_6595b64144ccf1df_6.0.19041.4355_none_60b8b9eb71f62e16;C:\Program Files\Java\jdk-17\bin\server;C:\Program Files\JetBrains\IntelliJ IDEA Community Edition 2023.3.2\bin

VM Arguments:
jvm_args: -javaagent:C:\Program Files\JetBrains\IntelliJ IDEA Community Edition 2023.3.2\lib\idea_rt.jar=61714:C:\Program Files\JetBrains\IntelliJ IDEA Community Edition 2023.3.2\bin -Dfile.encoding=UTF-8 
java_command: com.microservices.transaccion_service.TransaccionServiceApplication
java_class_path (initial): C:\Users\catap\Desktop\Delfi\WalletDH\transaccion-service\target\classes;C:\Users\catap\.m2\repository\org\springframework\boot\spring-boot-starter-data-jpa\3.4.0\spring-boot-starter-data-jpa-3.4.0.jar;C:\Users\catap\.m2\repository\org\springframework\boot\spring-boot-starter\3.4.0\spring-boot-starter-3.4.0.jar;C:\Users\catap\.m2\repository\org\springframework\boot\spring-boot-starter-logging\3.4.0\spring-boot-starter-logging-3.4.0.jar;C:\Users\catap\.m2\repository\ch\qos\logback\logback-classic\1.5.12\logback-classic-1.5.12.jar;C:\Users\catap\.m2\repository\ch\qos\logback\logback-core\1.5.12\logback-core-1.5.12.jar;C:\Users\catap\.m2\repository\org\apache\logging\log4j\log4j-to-slf4j\2.24.1\log4j-to-slf4j-2.24.1.jar;C:\Users\catap\.m2\repository\org\apache\logging\log4j\log4j-api\2.24.1\log4j-api-2.24.1.jar;C:\Users\catap\.m2\repository\org\slf4j\jul-to-slf4j\2.0.16\jul-to-slf4j-2.0.16.jar;C:\Users\catap\.m2\repository\jakarta\annotation\jakarta.annotation-api\2.1.1\jakarta.annotation-api-2.1.1.jar;C:\Users\catap\.m2\repository\org\yaml\snakeyaml\2.3\snakeyaml-2.3.jar;C:\Users\catap\.m2\repository\org\springframework\boot\spring-boot-starter-jdbc\3.4.0\spring-boot-starter-jdbc-3.4.0.jar;C:\Users\catap\.m2\repository\com\zaxxer\HikariCP\5.1.0\HikariCP-5.1.0.jar;C:\Users\catap\.m2\repository\org\springframework\spring-jdbc\6.2.0\spring-jdbc-6.2.0.jar;C:\Users\catap\.m2\repository\org\hibernate\orm\hibernate-core\6.6.2.Final\hibernate-core-6.6.2.Final.jar;C:\Users\catap\.m2\repository\jakarta\persistence\jakarta.persistence-api\3.1.0\jakarta.persistence-api-3.1.0.jar;C:\Users\catap\.m2\repository\jakarta\transaction\jakarta.transaction-api\2.0.1\jakarta.transaction-api-2.0.1.jar;C:\Users\catap\.m2\repository\org\jboss\logging\jboss-logging\3.6.1.Final\jboss-logging-3.6.1.Final.jar;C:\Users\catap\.m2\repository\org\hibernate\common\hibernate-commons-annotations\7.0.3.Final\hibernate-commons-annotations-7.0.3.Final.jar;C:\Users\catap\.m2\rep
Launcher Type: SUN_STANDARD

[Global flags]
     intx CICompilerCount                          = 3                                         {product} {ergonomic}
     uint ConcGCThreads                            = 1                                         {product} {ergonomic}
     uint G1ConcRefinementThreads                  = 4                                         {product} {ergonomic}
   size_t G1HeapRegionSize                         = 1048576                                   {product} {ergonomic}
    uintx GCDrainStackTargetSize                   = 64                                        {product} {ergonomic}
   size_t InitialHeapSize                          = 134217728                                 {product} {ergonomic}
   size_t MarkStackSize                            = 4194304                                   {product} {ergonomic}
   size_t MaxHeapSize                              = 2116026368                                {product} {ergonomic}
   size_t MaxNewSize                               = 1268776960                                {product} {ergonomic}
   size_t MinHeapDeltaBytes                        = 1048576                                   {product} {ergonomic}
   size_t MinHeapSize                              = 8388608                                   {product} {ergonomic}
    uintx NonNMethodCodeHeapSize                   = 5832780                                {pd product} {ergonomic}
    uintx NonProfiledCodeHeapSize                  = 122912730                              {pd product} {ergonomic}
    uintx ProfiledCodeHeapSize                     = 122912730                              {pd product} {ergonomic}
    uintx ReservedCodeCacheSize                    = 251658240                              {pd product} {ergonomic}
     bool SegmentedCodeCache                       = true                                      {product} {ergonomic}
   size_t SoftMaxHeapSize                          = 2116026368                             {manageable} {ergonomic}
     bool UseCompressedClassPointers               = true                           {product lp64_product} {ergonomic}
     bool UseCompressedOops                        = true                           {product lp64_product} {ergonomic}
     bool UseG1GC                                  = true                                      {product} {ergonomic}
     bool UseLargePagesIndividualAllocation        = false                                  {pd product} {ergonomic}

Logging:
Log output configuration:
 #0: stdout all=warning uptime,level,tags
 #1: stderr all=off uptime,level,tags

Environment Variables:
JAVA_HOME=C:\Program Files\Java\jdk-17
PATH=C:\Program Files\Common Files\Oracle\Java\javapath;C:\Program Files\Java\jdk-17\bin;C:\Windows\system32;C:\Windows;C:\Windows\System32\Wbem;C:\Windows\System32\WindowsPowerShell\v1.0\;C:\Windows\System32\OpenSSH\;C:\Program Files\Git\cmd;C:\Program Files\Java\jdk1.8.0_202\bin;C:\Program Files\Java\jdk-17\bin;C:\Users\catap\Downloads\flutter\bin;C:\workspace\apache-maven-3.9.6-bin\apache-maven-3.9.6\bin;C:\Program Files\Go\bin;C:\Program Files (x86)\Go\bin;C:\xampp\mysql\bin;C:\Program Files\nodejs\;C:\Program Files\MySQL\MySQL Shell 8.0\bin\;C:\Users\catap\AppData\Local\Microsoft\WindowsApps;C:\Users\catap\AppData\Local\Programs\Microsoft VS Code\bin;C:\Users\catap\go\bin;C:\Users\catap\Downloads\chromedriver-win64;C:\Users\catap\AppData\Roaming\npm
USERNAME=catap
OS=Windows_NT
PROCESSOR_IDENTIFIER=Intel64 Family 6 Model 142 Stepping 9, GenuineIntel



---------------  S Y S T E M  ---------------

OS:
 Windows 10 , 64 bit Build 19041 (10.0.19041.5438)
OS uptime: 11 days 15:58 hours

CPU: total 4 (initial active 4) (2 cores per cpu, 2 threads per core) family 6 model 142 stepping 9 microcode 0xb4, cx8, cmov, fxsr, ht, mmx, 3dnowpref, sse, sse2, sse3, ssse3, sse4.1, sse4.2, popcnt, lzcnt, tsc, tscinvbit, avx, avx2, aes, erms, clmul, bmi1, bmi2, adx, fma, vzeroupper, clflush, clflushopt

Memory: 4k page, system-wide physical 8071M (293M free)
TotalPageFile size 32647M (AvailPageFile size 4M)
current process WorkingSet (physical memory assigned to process): 302M, peak: 302M
current process commit charge ("private bytes"): 388M, peak: 389M

vm_info: Java HotSpot(TM) 64-Bit Server VM (17.0.9+11-LTS-201) for windows-amd64 JRE (17.0.9+11-LTS-201), built on Oct 10 2023 23:16:06 by "mach5one" with MS VC++ 17.1 (VS2022)

END.
