#
# There is insufficient memory for the Java Runtime Environment to continue.
# Native memory allocation (malloc) failed to allocate 405776 bytes for Chunk::new
# Possible reasons:
#   The system is out of physical RAM or swap space
#   The process is running with CompressedOops enabled, and the Java Heap may be blocking the growth of the native heap
# Possible solutions:
#   Reduce memory load on the system
#   Increase physical memory or swap space
#   Check if swap backing store is full
#   Decrease Java heap size (-Xmx/-Xms)
#   Decrease number of Java threads
#   Decrease Java thread stack sizes (-Xss)
#   Set larger code cache with -XX:ReservedCodeCacheSize=
#   JVM is running with Unscaled Compressed Oops mode in which the Java heap is
#     placed in the first 4GB address space. The Java Heap base address is the
#     maximum limit for the native heap growth. Please use -XX:HeapBaseMinAddress
#     to set the Java Heap base and to place the Java Heap above 4GB virtual address.
# This output file may be truncated or incomplete.
#
#  Out of Memory Error (arena.cpp:189), pid=3112, tid=15280
#
# JRE version: Java(TM) SE Runtime Environment (17.0.9+11) (build 17.0.9+11-LTS-201)
# Java VM: Java HotSpot(TM) 64-Bit Server VM (17.0.9+11-LTS-201, mixed mode, sharing, tiered, compressed oops, compressed class ptrs, g1 gc, windows-amd64)
# No core dump will be written. Minidumps are not enabled by default on client versions of Windows
#

---------------  S U M M A R Y ------------

Command Line: -javaagent:C:\Program Files\JetBrains\IntelliJ IDEA Community Edition 2023.3.2\lib\idea_rt.jar=49786:C:\Program Files\JetBrains\IntelliJ IDEA Community Edition 2023.3.2\bin -Dfile.encoding=UTF-8 com.microservices.ApiConfigApplication

Host: Intel(R) Core(TM) i3-7020U CPU @ 2.30GHz, 4 cores, 7G,  Windows 10 , 64 bit Build 19041 (10.0.19041.5438)
Time: Thu Feb 27 21:00:07 2025 Hora estándar de Argentina elapsed time: 4699.011157 seconds (0d 1h 18m 19s)

---------------  T H R E A D  ---------------

Current thread (0x0000011732f8fb40):  JavaThread "C2 CompilerThread0" daemon [_thread_in_native, id=15280, stack(0x0000000286200000,0x0000000286300000)]


Current CompileTask:
C2:4699013 5192   !   4       java.util.concurrent.ThreadPoolExecutor::getTask (177 bytes)

Stack: [0x0000000286200000,0x0000000286300000]
Native frames: (J=compiled Java code, j=interpreted, Vv=VM code, C=native code)
V  [jvm.dll+0x678a4a]
V  [jvm.dll+0x7d9cfd]
V  [jvm.dll+0x7db60e]
V  [jvm.dll+0x7dbc73]
V  [jvm.dll+0x245e1f]
V  [jvm.dll+0xaaafb]
V  [jvm.dll+0xab09c]
V  [jvm.dll+0x2ab7ef]
V  [jvm.dll+0x5812e5]
V  [jvm.dll+0x220c52]
V  [jvm.dll+0x219850]
V  [jvm.dll+0x217459]
V  [jvm.dll+0x1a3bc0]
V  [jvm.dll+0x2272de]
V  [jvm.dll+0x22548b]
V  [jvm.dll+0x78f58c]
V  [jvm.dll+0x78998a]
V  [jvm.dll+0x677875]
C  [ucrtbase.dll+0x21bb2]
C  [KERNEL32.DLL+0x17374]
C  [ntdll.dll+0x4cc91]


---------------  P R O C E S S  ---------------

Threads class SMR info:
_java_thread_list=0x000001177acd2f00, length=28, elements={
0x0000011732f72510, 0x0000011732f73b30, 0x0000011732f82b80, 0x0000011732f86e70,
0x0000011732f87fd0, 0x0000011732f88990, 0x0000011732f8fb40, 0x0000011732f91d40,
0x0000011732f95ee0, 0x00000117331b61f0, 0x00000117331b6700, 0x00000117331b5ce0,
0x00000117331b8a70, 0x00000117331b7120, 0x00000117331b7b40, 0x00000117331b8050,
0x00000117331b8f80, 0x000001177b6a39b0, 0x000001177b6a8ab0, 0x000001177b6a2f90,
0x000001177b6a6740, 0x000001177b6a2570, 0x000001177b6a5d20, 0x000001177b6a8090,
0x000001177b6a7160, 0x000001177b6a8fc0, 0x000001177b6a7670, 0x000001177b6a6230
}

Java Threads: ( => current thread )
  0x0000011732f72510 JavaThread "Reference Handler" daemon [_thread_blocked, id=5040, stack(0x0000000285c00000,0x0000000285d00000)]
  0x0000011732f73b30 JavaThread "Finalizer" daemon [_thread_blocked, id=17680, stack(0x0000000285d00000,0x0000000285e00000)]
  0x0000011732f82b80 JavaThread "Signal Dispatcher" daemon [_thread_blocked, id=15660, stack(0x0000000285e00000,0x0000000285f00000)]
  0x0000011732f86e70 JavaThread "Attach Listener" daemon [_thread_blocked, id=808, stack(0x0000000285f00000,0x0000000286000000)]
  0x0000011732f87fd0 JavaThread "Service Thread" daemon [_thread_blocked, id=9092, stack(0x0000000286000000,0x0000000286100000)]
  0x0000011732f88990 JavaThread "Monitor Deflation Thread" daemon [_thread_blocked, id=19936, stack(0x0000000286100000,0x0000000286200000)]
=>0x0000011732f8fb40 JavaThread "C2 CompilerThread0" daemon [_thread_in_native, id=15280, stack(0x0000000286200000,0x0000000286300000)]
  0x0000011732f91d40 JavaThread "C1 CompilerThread0" daemon [_thread_blocked, id=5564, stack(0x0000000286300000,0x0000000286400000)]
  0x0000011732f95ee0 JavaThread "Sweeper thread" daemon [_thread_blocked, id=13176, stack(0x0000000286400000,0x0000000286500000)]
  0x00000117331b61f0 JavaThread "Common-Cleaner" daemon [_thread_blocked, id=20848, stack(0x0000000286500000,0x0000000286600000)]
  0x00000117331b6700 JavaThread "Monitor Ctrl-Break" daemon [_thread_in_native, id=8512, stack(0x0000000286600000,0x0000000286700000)]
  0x00000117331b5ce0 JavaThread "Notification Thread" daemon [_thread_blocked, id=15524, stack(0x0000000286700000,0x0000000286800000)]
  0x00000117331b8a70 JavaThread "Catalina-utility-1" [_thread_blocked, id=5856, stack(0x0000000286d00000,0x0000000286e00000)]
  0x00000117331b7120 JavaThread "Catalina-utility-2" [_thread_blocked, id=3260, stack(0x0000000286e00000,0x0000000286f00000)]
  0x00000117331b7b40 JavaThread "container-0" [_thread_blocked, id=5248, stack(0x0000000286f00000,0x0000000287000000)]
  0x00000117331b8050 JavaThread "http-nio-8864-exec-1" daemon [_thread_blocked, id=18496, stack(0x0000000287100000,0x0000000287200000)]
  0x00000117331b8f80 JavaThread "http-nio-8864-exec-2" daemon [_thread_blocked, id=6728, stack(0x0000000287200000,0x0000000287300000)]
  0x000001177b6a39b0 JavaThread "http-nio-8864-exec-3" daemon [_thread_blocked, id=12456, stack(0x0000000287300000,0x0000000287400000)]
  0x000001177b6a8ab0 JavaThread "http-nio-8864-exec-4" daemon [_thread_blocked, id=10764, stack(0x0000000287400000,0x0000000287500000)]
  0x000001177b6a2f90 JavaThread "http-nio-8864-exec-5" daemon [_thread_blocked, id=11144, stack(0x0000000287500000,0x0000000287600000)]
  0x000001177b6a6740 JavaThread "http-nio-8864-exec-6" daemon [_thread_blocked, id=8660, stack(0x0000000287600000,0x0000000287700000)]
  0x000001177b6a2570 JavaThread "http-nio-8864-exec-7" daemon [_thread_blocked, id=13480, stack(0x0000000287700000,0x0000000287800000)]
  0x000001177b6a5d20 JavaThread "http-nio-8864-exec-8" daemon [_thread_blocked, id=10308, stack(0x0000000287800000,0x0000000287900000)]
  0x000001177b6a8090 JavaThread "http-nio-8864-exec-9" daemon [_thread_blocked, id=6440, stack(0x0000000287900000,0x0000000287a00000)]
  0x000001177b6a7160 JavaThread "http-nio-8864-exec-10" daemon [_thread_blocked, id=6668, stack(0x0000000287a00000,0x0000000287b00000)]
  0x000001177b6a8fc0 JavaThread "http-nio-8864-Poller" daemon [_thread_in_native, id=9592, stack(0x0000000287b00000,0x0000000287c00000)]
  0x000001177b6a7670 JavaThread "http-nio-8864-Acceptor" daemon [_thread_in_native, id=904, stack(0x0000000287c00000,0x0000000287d00000)]
  0x000001177b6a6230 JavaThread "DestroyJavaVM" [_thread_blocked, id=10500, stack(0x0000000285500000,0x0000000285600000)]

Other Threads:
  0x0000011732f6bd50 VMThread "VM Thread" [stack: 0x0000000285b00000,0x0000000285c00000] [id=18872]
  0x0000011713855ac0 WatcherThread [stack: 0x0000000286800000,0x0000000286900000] [id=14916]
  0x000001171383b420 GCTaskThread "GC Thread#0" [stack: 0x0000000285600000,0x0000000285700000] [id=10676]
  0x0000011733b07140 GCTaskThread "GC Thread#1" [stack: 0x0000000286900000,0x0000000286a00000] [id=14204]
  0x0000011733b07400 GCTaskThread "GC Thread#2" [stack: 0x0000000286a00000,0x0000000286b00000] [id=18536]
  0x0000011733cba580 GCTaskThread "GC Thread#3" [stack: 0x0000000286b00000,0x0000000286c00000] [id=6548]
  0x000001171384c750 ConcurrentGCThread "G1 Main Marker" [stack: 0x0000000285700000,0x0000000285800000] [id=15868]
  0x000001171384d160 ConcurrentGCThread "G1 Conc#0" [stack: 0x0000000285800000,0x0000000285900000] [id=11292]
  0x00000117138a6af0 ConcurrentGCThread "G1 Refine#0" [stack: 0x0000000285900000,0x0000000285a00000] [id=8700]
  0x0000011732e305f0 ConcurrentGCThread "G1 Service" [stack: 0x0000000285a00000,0x0000000285b00000] [id=21228]

Threads with active compile tasks:
C2 CompilerThread0  4699112 5192   !   4       java.util.concurrent.ThreadPoolExecutor::getTask (177 bytes)

VM state: not at safepoint (normal execution)

VM Mutex/Monitor currently owned by a thread: None

Heap address: 0x0000000081e00000, size: 2018 MB, Compressed Oops mode: 32-bit

CDS archive(s) mapped at: [0x0000011734000000-0x0000011734bd0000-0x0000011734bd0000), size 12386304, SharedBaseAddress: 0x0000011734000000, ArchiveRelocationMode: 1.
Compressed class space mapped at: 0x0000011735000000-0x0000011775000000, reserved size: 1073741824
Narrow klass base: 0x0000011734000000, Narrow klass shift: 0, Narrow klass range: 0x100000000

GC Precious Log:
 CPUs: 4 total, 4 available
 Memory: 8071M
 Large Page Support: Disabled
 NUMA Support: Disabled
 Compressed Oops: Enabled (32-bit)
 Heap Region Size: 1M
 Heap Min Capacity: 8M
 Heap Initial Capacity: 128M
 Heap Max Capacity: 2018M
 Pre-touch: Disabled
 Parallel Workers: 4
 Concurrent Workers: 1
 Concurrent Refinement Workers: 4
 Periodic GC: Disabled

Heap:
 garbage-first heap   total 65536K, used 43833K [0x0000000081e00000, 0x0000000100000000)
  region size 1024K, 19 young (19456K), 1 survivors (1024K)
 Metaspace       used 38494K, committed 38976K, reserved 1114112K
  class space    used 4907K, committed 5184K, reserved 1048576K

Heap Regions: E=young(eden), S=young(survivor), O=old, HS=humongous(starts), HC=humongous(continues), CS=collection set, F=free, OA=open archive, CA=closed archive, TAMS=top-at-mark-start (previous, next)
|   0|0x0000000081e00000, 0x0000000081f00000, 0x0000000081f00000|100%|HS|  |TAMS 0x0000000081f00000, 0x0000000081e00000| Complete 
|   1|0x0000000081f00000, 0x0000000082000000, 0x0000000082000000|100%| O|  |TAMS 0x0000000082000000, 0x0000000081f00000| Untracked 
|   2|0x0000000082000000, 0x0000000082100000, 0x0000000082100000|100%| O|  |TAMS 0x0000000082100000, 0x0000000082000000| Untracked 
|   3|0x0000000082100000, 0x0000000082200000, 0x0000000082200000|100%| O|  |TAMS 0x0000000082200000, 0x0000000082100000| Untracked 
|   4|0x0000000082200000, 0x0000000082300000, 0x0000000082300000|100%| O|  |TAMS 0x0000000082300000, 0x0000000082200000| Untracked 
|   5|0x0000000082300000, 0x0000000082400000, 0x0000000082400000|100%| O|  |TAMS 0x0000000082400000, 0x0000000082300000| Untracked 
|   6|0x0000000082400000, 0x0000000082500000, 0x0000000082500000|100%| O|  |TAMS 0x0000000082500000, 0x0000000082400000| Untracked 
|   7|0x0000000082500000, 0x0000000082600000, 0x0000000082600000|100%| O|  |TAMS 0x0000000082600000, 0x0000000082500000| Untracked 
|   8|0x0000000082600000, 0x0000000082700000, 0x0000000082700000|100%| O|  |TAMS 0x0000000082700000, 0x0000000082600000| Untracked 
|   9|0x0000000082700000, 0x0000000082800000, 0x0000000082800000|100%| O|  |TAMS 0x0000000082800000, 0x0000000082700000| Untracked 
|  10|0x0000000082800000, 0x0000000082900000, 0x0000000082900000|100%| O|  |TAMS 0x0000000082900000, 0x0000000082800000| Untracked 
|  11|0x0000000082900000, 0x0000000082a00000, 0x0000000082a00000|100%| O|  |TAMS 0x0000000082a00000, 0x0000000082900000| Untracked 
|  12|0x0000000082a00000, 0x0000000082b00000, 0x0000000082b00000|100%| O|  |TAMS 0x0000000082b00000, 0x0000000082a00000| Untracked 
|  13|0x0000000082b00000, 0x0000000082c00000, 0x0000000082c00000|100%| O|  |TAMS 0x0000000082c00000, 0x0000000082b00000| Untracked 
|  14|0x0000000082c00000, 0x0000000082d00000, 0x0000000082d00000|100%| O|  |TAMS 0x0000000082d00000, 0x0000000082c00000| Untracked 
|  15|0x0000000082d00000, 0x0000000082e00000, 0x0000000082e00000|100%| O|  |TAMS 0x0000000082e00000, 0x0000000082d00000| Untracked 
|  16|0x0000000082e00000, 0x0000000082f00000, 0x0000000082f00000|100%| O|  |TAMS 0x0000000082f00000, 0x0000000082e00000| Untracked 
|  17|0x0000000082f00000, 0x0000000083000000, 0x0000000083000000|100%| O|  |TAMS 0x0000000083000000, 0x0000000082f00000| Untracked 
|  18|0x0000000083000000, 0x0000000083100000, 0x0000000083100000|100%| O|  |TAMS 0x0000000083100000, 0x0000000083000000| Untracked 
|  19|0x0000000083100000, 0x0000000083200000, 0x0000000083200000|100%| O|  |TAMS 0x0000000083200000, 0x0000000083100000| Untracked 
|  20|0x0000000083200000, 0x0000000083300000, 0x0000000083300000|100%| O|  |TAMS 0x0000000083300000, 0x0000000083200000| Untracked 
|  21|0x0000000083300000, 0x0000000083400000, 0x0000000083400000|100%| O|  |TAMS 0x000000008336c600, 0x0000000083300000| Untracked 
|  22|0x0000000083400000, 0x0000000083500000, 0x0000000083500000|100%| O|  |TAMS 0x0000000083400000, 0x0000000083400000| Untracked 
|  23|0x0000000083500000, 0x00000000835dde00, 0x0000000083600000| 86%| O|  |TAMS 0x0000000083500000, 0x0000000083500000| Untracked 
|  24|0x0000000083600000, 0x0000000083600000, 0x0000000083700000|  0%| F|  |TAMS 0x0000000083600000, 0x0000000083600000| Untracked 
|  25|0x0000000083700000, 0x0000000083700000, 0x0000000083800000|  0%| F|  |TAMS 0x0000000083700000, 0x0000000083700000| Untracked 
|  26|0x0000000083800000, 0x0000000083900000, 0x0000000083900000|100%| O|  |TAMS 0x0000000083900000, 0x0000000083800000| Untracked 
|  27|0x0000000083900000, 0x0000000083900000, 0x0000000083a00000|  0%| F|  |TAMS 0x0000000083900000, 0x0000000083900000| Untracked 
|  28|0x0000000083a00000, 0x0000000083a00000, 0x0000000083b00000|  0%| F|  |TAMS 0x0000000083a00000, 0x0000000083a00000| Untracked 
|  29|0x0000000083b00000, 0x0000000083b00000, 0x0000000083c00000|  0%| F|  |TAMS 0x0000000083b00000, 0x0000000083b00000| Untracked 
|  30|0x0000000083c00000, 0x0000000083c00000, 0x0000000083d00000|  0%| F|  |TAMS 0x0000000083c00000, 0x0000000083c00000| Untracked 
|  31|0x0000000083d00000, 0x0000000083d00000, 0x0000000083e00000|  0%| F|  |TAMS 0x0000000083d00000, 0x0000000083d00000| Untracked 
|  32|0x0000000083e00000, 0x0000000083e00000, 0x0000000083f00000|  0%| F|  |TAMS 0x0000000083e00000, 0x0000000083e00000| Untracked 
|  33|0x0000000083f00000, 0x0000000083f00000, 0x0000000084000000|  0%| F|  |TAMS 0x0000000083f00000, 0x0000000083f00000| Untracked 
|  34|0x0000000084000000, 0x0000000084000000, 0x0000000084100000|  0%| F|  |TAMS 0x0000000084000000, 0x0000000084000000| Untracked 
|  35|0x0000000084100000, 0x0000000084100000, 0x0000000084200000|  0%| F|  |TAMS 0x0000000084100000, 0x0000000084100000| Untracked 
|  36|0x0000000084200000, 0x0000000084200000, 0x0000000084300000|  0%| F|  |TAMS 0x0000000084200000, 0x0000000084200000| Untracked 
|  37|0x0000000084300000, 0x0000000084300000, 0x0000000084400000|  0%| F|  |TAMS 0x0000000084300000, 0x0000000084300000| Untracked 
|  38|0x0000000084400000, 0x0000000084400000, 0x0000000084500000|  0%| F|  |TAMS 0x0000000084400000, 0x0000000084400000| Untracked 
|  39|0x0000000084500000, 0x0000000084500000, 0x0000000084600000|  0%| F|  |TAMS 0x0000000084500000, 0x0000000084500000| Untracked 
|  40|0x0000000084600000, 0x0000000084600000, 0x0000000084700000|  0%| F|  |TAMS 0x0000000084600000, 0x0000000084600000| Untracked 
|  41|0x0000000084700000, 0x0000000084700000, 0x0000000084800000|  0%| F|  |TAMS 0x0000000084700000, 0x0000000084700000| Untracked 
|  42|0x0000000084800000, 0x0000000084800000, 0x0000000084900000|  0%| F|  |TAMS 0x0000000084800000, 0x0000000084800000| Untracked 
|  43|0x0000000084900000, 0x00000000849f0980, 0x0000000084a00000| 93%| S|CS|TAMS 0x0000000084900000, 0x0000000084900000| Complete 
|  44|0x0000000084a00000, 0x0000000084a00000, 0x0000000084b00000|  0%| F|  |TAMS 0x0000000084a00000, 0x0000000084a00000| Untracked 
|  45|0x0000000084b00000, 0x0000000084b00000, 0x0000000084c00000|  0%| F|  |TAMS 0x0000000084b00000, 0x0000000084b00000| Untracked 
|  46|0x0000000084c00000, 0x0000000084cb90a8, 0x0000000084d00000| 72%| E|  |TAMS 0x0000000084c00000, 0x0000000084c00000| Complete 
|  47|0x0000000084d00000, 0x0000000084e00000, 0x0000000084e00000|100%| E|CS|TAMS 0x0000000084d00000, 0x0000000084d00000| Complete 
|  48|0x0000000084e00000, 0x0000000084f00000, 0x0000000084f00000|100%| E|CS|TAMS 0x0000000084e00000, 0x0000000084e00000| Complete 
|  49|0x0000000084f00000, 0x0000000085000000, 0x0000000085000000|100%| E|CS|TAMS 0x0000000084f00000, 0x0000000084f00000| Complete 
|  50|0x0000000085000000, 0x0000000085100000, 0x0000000085100000|100%| E|CS|TAMS 0x0000000085000000, 0x0000000085000000| Complete 
|  51|0x0000000085100000, 0x0000000085200000, 0x0000000085200000|100%| E|CS|TAMS 0x0000000085100000, 0x0000000085100000| Complete 
|  52|0x0000000085200000, 0x0000000085300000, 0x0000000085300000|100%| E|CS|TAMS 0x0000000085200000, 0x0000000085200000| Complete 
|  53|0x0000000085300000, 0x0000000085400000, 0x0000000085400000|100%| E|CS|TAMS 0x0000000085300000, 0x0000000085300000| Complete 
|  54|0x0000000085400000, 0x0000000085500000, 0x0000000085500000|100%| E|CS|TAMS 0x0000000085400000, 0x0000000085400000| Complete 
|  55|0x0000000085500000, 0x0000000085600000, 0x0000000085600000|100%| E|CS|TAMS 0x0000000085500000, 0x0000000085500000| Complete 
|  56|0x0000000085600000, 0x0000000085700000, 0x0000000085700000|100%| E|CS|TAMS 0x0000000085600000, 0x0000000085600000| Complete 
|  57|0x0000000085700000, 0x0000000085800000, 0x0000000085800000|100%| E|CS|TAMS 0x0000000085700000, 0x0000000085700000| Complete 
|  58|0x0000000085800000, 0x0000000085900000, 0x0000000085900000|100%| E|CS|TAMS 0x0000000085800000, 0x0000000085800000| Complete 
|  98|0x0000000088000000, 0x0000000088100000, 0x0000000088100000|100%| E|CS|TAMS 0x0000000088000000, 0x0000000088000000| Complete 
|  99|0x0000000088100000, 0x0000000088200000, 0x0000000088200000|100%| E|CS|TAMS 0x0000000088100000, 0x0000000088100000| Complete 
| 100|0x0000000088200000, 0x0000000088300000, 0x0000000088300000|100%| E|CS|TAMS 0x0000000088200000, 0x0000000088200000| Complete 
| 101|0x0000000088300000, 0x0000000088400000, 0x0000000088400000|100%| E|CS|TAMS 0x0000000088300000, 0x0000000088300000| Complete 
| 127|0x0000000089d00000, 0x0000000089e00000, 0x0000000089e00000|100%| E|CS|TAMS 0x0000000089d00000, 0x0000000089d00000| Complete 

Card table byte_map: [0x000001172c260000,0x000001172c660000] _byte_map_base: 0x000001172be51000

Marking Bits (Prev, Next): (CMBitMap*) 0x000001171383ba40, (CMBitMap*) 0x000001171383ba80
 Prev Bits: [0x000001172ca60000, 0x000001172e9e8000)
 Next Bits: [0x000001172e9f0000, 0x0000011730978000)

Polling page: 0x0000011713670000

Metaspace:

Usage:
  Non-class:     32.80 MB used.
      Class:      4.79 MB used.
       Both:     37.59 MB used.

Virtual space:
  Non-class space:       64.00 MB reserved,      33.00 MB ( 52%) committed,  1 nodes.
      Class space:        1.00 GB reserved,       5.06 MB ( <1%) committed,  1 nodes.
             Both:        1.06 GB reserved,      38.06 MB (  3%) committed. 

Chunk freelists:
   Non-Class:  14.38 MB
       Class:  10.80 MB
        Both:  25.17 MB

MaxMetaspaceSize: unlimited
CompressedClassSpaceSize: 1.00 GB
Initial GC threshold: 21.00 MB
Current GC threshold: 59.06 MB
CDS: on
MetaspaceReclaimPolicy: balanced
 - commit_granule_bytes: 65536.
 - commit_granule_words: 8192.
 - virtual_space_node_default_size: 8388608.
 - enlarge_chunks_in_place: 1.
 - new_chunks_are_fully_committed: 0.
 - uncommit_free_chunks: 1.
 - use_allocation_guard: 0.
 - handle_deallocations: 1.


Internal statistics:

num_allocs_failed_limit: 8.
num_arena_births: 642.
num_arena_deaths: 0.
num_vsnodes_births: 2.
num_vsnodes_deaths: 0.
num_space_committed: 609.
num_space_uncommitted: 0.
num_chunks_returned_to_freelist: 8.
num_chunks_taken_from_freelist: 2041.
num_chunk_merges: 8.
num_chunk_splits: 1384.
num_chunks_enlarged: 1021.
num_inconsistent_stats: 0.

CodeHeap 'non-profiled nmethods': size=120000Kb used=2594Kb max_used=3047Kb free=117405Kb
 bounds [0x0000011724310000, 0x0000011724610000, 0x000001172b840000]
CodeHeap 'profiled nmethods': size=120000Kb used=8594Kb max_used=10428Kb free=111405Kb
 bounds [0x000001171c840000, 0x000001171d270000, 0x0000011723d70000]
CodeHeap 'non-nmethods': size=5760Kb used=1250Kb max_used=1312Kb free=4509Kb
 bounds [0x0000011723d70000, 0x0000011723fe0000, 0x0000011724310000]
 total_blobs=4988 nmethods=4424 adapters=476
 compilation: enabled
              stopped_count=0, restarted_count=0
 full_count=0

Compilation events (20 events):
Event: 4534.810 Thread 0x0000011732f8fb40 nmethod 5182 0x00000117244d0790 code [0x00000117244d0900, 0x00000117244d0978]
Event: 4539.198 Thread 0x0000011732f8fb40 5183       4       java.util.concurrent.ConcurrentHashMap$KeyIterator::<init> (12 bytes)
Event: 4539.208 Thread 0x0000011732f8fb40 nmethod 5183 0x00000117244cfe90 code [0x00000117244d0020, 0x00000117244d0598]
Event: 4539.878 Thread 0x0000011732f8fb40 5184       4       java.util.concurrent.ConcurrentHashMap$KeySetView::iterator (34 bytes)
Event: 4539.886 Thread 0x0000011732f8fb40 nmethod 5184 0x0000011724326d90 code [0x0000011724326f20, 0x0000011724327398]
Event: 4603.199 Thread 0x0000011732f8fb40 5185       4       java.util.concurrent.locks.ReentrantLock$NonfairSync::tryAcquire (27 bytes)
Event: 4603.202 Thread 0x0000011732f8fb40 nmethod 5185 0x00000117244cfa90 code [0x00000117244cfc00, 0x00000117244cfd98]
Event: 4649.203 Thread 0x0000011732f8fb40 5186       4       java.util.concurrent.locks.LockSupport::setBlocker (12 bytes)
Event: 4649.207 Thread 0x0000011732f8fb40 nmethod 5186 0x0000011724326a90 code [0x0000011724326c00, 0x0000011724326d38]
Event: 4695.205 Thread 0x0000011732f8fb40 5187       4       java.util.concurrent.ThreadPoolExecutor::ensurePrestart (41 bytes)
Event: 4695.208 Thread 0x0000011732f8fb40 nmethod 5187 0x0000011724326790 code [0x0000011724326900, 0x00000117243269d8]
Event: 4696.209 Thread 0x0000011732f8fb40 5188       4       java.util.concurrent.ThreadPoolExecutor$Worker::unlock (7 bytes)
Event: 4696.213 Thread 0x0000011732f8fb40 nmethod 5188 0x0000011724326210 code [0x00000117243263a0, 0x0000011724326508]
Event: 4697.476 Thread 0x0000011732f8fb40 5189       4       java.util.concurrent.ScheduledThreadPoolExecutor$DelayedWorkQueue::add (9 bytes)
Event: 4697.543 Thread 0x0000011732f8fb40 nmethod 5189 0x00000117244d2d90 code [0x00000117244d2f80, 0x00000117244d41d8]
Event: 4697.543 Thread 0x0000011732f8fb40 5190   !   4       java.util.concurrent.ScheduledThreadPoolExecutor$DelayedWorkQueue::offer (123 bytes)
Event: 4697.601 Thread 0x0000011732f8fb40 nmethod 5190 0x00000117243af210 code [0x00000117243af400, 0x00000117243b0678]
Event: 4698.430 Thread 0x0000011732f8fb40 5191       4       java.util.concurrent.ThreadPoolExecutor$Worker::lock (6 bytes)
Event: 4698.469 Thread 0x0000011732f8fb40 nmethod 5191 0x000001172434fc10 code [0x000001172434fd80, 0x000001172434ff18]
Event: 4698.955 Thread 0x0000011732f8fb40 5192   !   4       java.util.concurrent.ThreadPoolExecutor::getTask (177 bytes)

GC Heap History (20 events):
Event: 1.915 GC heap before
{Heap before GC invocations=0 (full 0):
 garbage-first heap   total 131072K, used 14336K [0x0000000081e00000, 0x0000000100000000)
  region size 1024K, 13 young (13312K), 0 survivors (0K)
 Metaspace       used 3191K, committed 3328K, reserved 1114112K
  class space    used 317K, committed 384K, reserved 1048576K
}
Event: 1.933 GC heap after
{Heap after GC invocations=1 (full 0):
 garbage-first heap   total 131072K, used 5923K [0x0000000081e00000, 0x0000000100000000)
  region size 1024K, 2 young (2048K), 2 survivors (2048K)
 Metaspace       used 3191K, committed 3328K, reserved 1114112K
  class space    used 317K, committed 384K, reserved 1048576K
}
Event: 2.315 GC heap before
{Heap before GC invocations=1 (full 0):
 garbage-first heap   total 131072K, used 20259K [0x0000000081e00000, 0x0000000100000000)
  region size 1024K, 12 young (12288K), 2 survivors (2048K)
 Metaspace       used 4383K, committed 4544K, reserved 1114112K
  class space    used 440K, committed 512K, reserved 1048576K
}
Event: 2.324 GC heap after
{Heap after GC invocations=2 (full 0):
 garbage-first heap   total 131072K, used 13737K [0x0000000081e00000, 0x0000000100000000)
  region size 1024K, 2 young (2048K), 2 survivors (2048K)
 Metaspace       used 4383K, committed 4544K, reserved 1114112K
  class space    used 440K, committed 512K, reserved 1048576K
}
Event: 3.952 GC heap before
{Heap before GC invocations=2 (full 0):
 garbage-first heap   total 131072K, used 34217K [0x0000000081e00000, 0x0000000100000000)
  region size 1024K, 22 young (22528K), 2 survivors (2048K)
 Metaspace       used 9815K, committed 10048K, reserved 1114112K
  class space    used 1167K, committed 1280K, reserved 1048576K
}
Event: 3.962 GC heap after
{Heap after GC invocations=3 (full 0):
 garbage-first heap   total 131072K, used 14531K [0x0000000081e00000, 0x0000000100000000)
  region size 1024K, 3 young (3072K), 3 survivors (3072K)
 Metaspace       used 9815K, committed 10048K, reserved 1114112K
  class space    used 1167K, committed 1280K, reserved 1048576K
}
Event: 5.374 GC heap before
{Heap before GC invocations=3 (full 0):
 garbage-first heap   total 131072K, used 43203K [0x0000000081e00000, 0x0000000100000000)
  region size 1024K, 31 young (31744K), 3 survivors (3072K)
 Metaspace       used 16421K, committed 16640K, reserved 1114112K
  class space    used 2125K, committed 2240K, reserved 1048576K
}
Event: 5.382 GC heap after
{Heap after GC invocations=4 (full 0):
 garbage-first heap   total 131072K, used 16579K [0x0000000081e00000, 0x0000000100000000)
  region size 1024K, 2 young (2048K), 2 survivors (2048K)
 Metaspace       used 16421K, committed 16640K, reserved 1114112K
  class space    used 2125K, committed 2240K, reserved 1048576K
}
Event: 6.480 GC heap before
{Heap before GC invocations=4 (full 0):
 garbage-first heap   total 131072K, used 42179K [0x0000000081e00000, 0x0000000100000000)
  region size 1024K, 28 young (28672K), 2 survivors (2048K)
 Metaspace       used 21261K, committed 21504K, reserved 1114112K
  class space    used 2703K, committed 2816K, reserved 1048576K
}
Event: 6.489 GC heap after
{Heap after GC invocations=5 (full 0):
 garbage-first heap   total 131072K, used 18627K [0x0000000081e00000, 0x0000000100000000)
  region size 1024K, 4 young (4096K), 4 survivors (4096K)
 Metaspace       used 21261K, committed 21504K, reserved 1114112K
  class space    used 2703K, committed 2816K, reserved 1048576K
}
Event: 8.515 GC heap before
{Heap before GC invocations=6 (full 0):
 garbage-first heap   total 65536K, used 52419K [0x0000000081e00000, 0x0000000100000000)
  region size 1024K, 38 young (38912K), 4 survivors (4096K)
 Metaspace       used 25488K, committed 25856K, reserved 1114112K
  class space    used 3250K, committed 3456K, reserved 1048576K
}
Event: 8.531 GC heap after
{Heap after GC invocations=7 (full 0):
 garbage-first heap   total 65536K, used 20719K [0x0000000081e00000, 0x0000000100000000)
  region size 1024K, 5 young (5120K), 5 survivors (5120K)
 Metaspace       used 25488K, committed 25856K, reserved 1114112K
  class space    used 3250K, committed 3456K, reserved 1048576K
}
Event: 8.578 GC heap before
{Heap before GC invocations=7 (full 0):
 garbage-first heap   total 65536K, used 20719K [0x0000000081e00000, 0x0000000100000000)
  region size 1024K, 6 young (6144K), 5 survivors (5120K)
 Metaspace       used 25730K, committed 26176K, reserved 1114112K
  class space    used 3286K, committed 3520K, reserved 1048576K
}
Event: 8.593 GC heap after
{Heap after GC invocations=8 (full 0):
 garbage-first heap   total 65536K, used 21755K [0x0000000081e00000, 0x0000000100000000)
  region size 1024K, 1 young (1024K), 1 survivors (1024K)
 Metaspace       used 25730K, committed 26176K, reserved 1114112K
  class space    used 3286K, committed 3520K, reserved 1048576K
}
Event: 9.817 GC heap before
{Heap before GC invocations=8 (full 0):
 garbage-first heap   total 65536K, used 46331K [0x0000000081e00000, 0x0000000100000000)
  region size 1024K, 24 young (24576K), 1 survivors (1024K)
 Metaspace       used 30451K, committed 30912K, reserved 1114112K
  class space    used 3895K, committed 4096K, reserved 1048576K
}
Event: 9.834 GC heap after
{Heap after GC invocations=9 (full 0):
 garbage-first heap   total 65536K, used 23113K [0x0000000081e00000, 0x0000000100000000)
  region size 1024K, 3 young (3072K), 3 survivors (3072K)
 Metaspace       used 30451K, committed 30912K, reserved 1114112K
  class space    used 3895K, committed 4096K, reserved 1048576K
}
Event: 11.083 GC heap before
{Heap before GC invocations=9 (full 0):
 garbage-first heap   total 65536K, used 46665K [0x0000000081e00000, 0x0000000100000000)
  region size 1024K, 26 young (26624K), 3 survivors (3072K)
 Metaspace       used 34028K, committed 34496K, reserved 1114112K
  class space    used 4369K, committed 4608K, reserved 1048576K
}
Event: 11.091 GC heap after
{Heap after GC invocations=10 (full 0):
 garbage-first heap   total 65536K, used 25785K [0x0000000081e00000, 0x0000000100000000)
  region size 1024K, 3 young (3072K), 3 survivors (3072K)
 Metaspace       used 34028K, committed 34496K, reserved 1114112K
  class space    used 4369K, committed 4608K, reserved 1048576K
}
Event: 12.077 GC heap before
{Heap before GC invocations=10 (full 0):
 garbage-first heap   total 65536K, used 45241K [0x0000000081e00000, 0x0000000100000000)
  region size 1024K, 23 young (23552K), 3 survivors (3072K)
 Metaspace       used 35639K, committed 36096K, reserved 1114112K
  class space    used 4568K, committed 4800K, reserved 1048576K
}
Event: 12.083 GC heap after
{Heap after GC invocations=11 (full 0):
 garbage-first heap   total 65536K, used 26425K [0x0000000081e00000, 0x0000000100000000)
  region size 1024K, 1 young (1024K), 1 survivors (1024K)
 Metaspace       used 35639K, committed 36096K, reserved 1114112K
  class space    used 4568K, committed 4800K, reserved 1048576K
}

Deoptimization events (20 events):
Event: 93.893 Thread 0x000001177b6a2f90 DEOPT PACKING pc=0x0000011724337578 sp=0x00000002875fb720
Event: 93.893 Thread 0x000001177b6a2f90 DEOPT UNPACKING pc=0x0000011723dc23a3 sp=0x00000002875fb6b8 mode 2
Event: 206.664 Thread 0x000001177b6a5d20 Uncommon trap: trap_request=0xffffffd6 fr.pc=0x000001172434d028 relative=0x0000000000000488
Event: 206.664 Thread 0x000001177b6a5d20 Uncommon trap: reason=array_check action=maybe_recompile pc=0x000001172434d028 method=java.util.HashMap.keysToArray([Ljava/lang/Object;)[Ljava/lang/Object; @ 62 c2
Event: 206.664 Thread 0x000001177b6a5d20 DEOPT PACKING pc=0x000001172434d028 sp=0x00000002878fb620
Event: 206.664 Thread 0x000001177b6a5d20 DEOPT UNPACKING pc=0x0000011723dc23a3 sp=0x00000002878fb5b8 mode 2
Event: 206.664 Thread 0x000001177b6a5d20 Uncommon trap: trap_request=0xffffffd6 fr.pc=0x000001172434d028 relative=0x0000000000000488
Event: 206.664 Thread 0x000001177b6a5d20 Uncommon trap: reason=array_check action=maybe_recompile pc=0x000001172434d028 method=java.util.HashMap.keysToArray([Ljava/lang/Object;)[Ljava/lang/Object; @ 62 c2
Event: 206.664 Thread 0x000001177b6a5d20 DEOPT PACKING pc=0x000001172434d028 sp=0x00000002878fb220
Event: 206.664 Thread 0x000001177b6a5d20 DEOPT UNPACKING pc=0x0000011723dc23a3 sp=0x00000002878fb1b8 mode 2
Event: 206.664 Thread 0x000001177b6a5d20 Uncommon trap: trap_request=0xffffffd6 fr.pc=0x000001172434d028 relative=0x0000000000000488
Event: 206.664 Thread 0x000001177b6a5d20 Uncommon trap: reason=array_check action=maybe_recompile pc=0x000001172434d028 method=java.util.HashMap.keysToArray([Ljava/lang/Object;)[Ljava/lang/Object; @ 62 c2
Event: 206.664 Thread 0x000001177b6a5d20 DEOPT PACKING pc=0x000001172434d028 sp=0x00000002878fafb0
Event: 206.665 Thread 0x000001177b6a5d20 DEOPT UNPACKING pc=0x0000011723dc23a3 sp=0x00000002878faf48 mode 2
Event: 206.665 Thread 0x000001177b6a5d20 Uncommon trap: trap_request=0xffffffd6 fr.pc=0x000001172434d028 relative=0x0000000000000488
Event: 206.665 Thread 0x000001177b6a5d20 Uncommon trap: reason=array_check action=maybe_recompile pc=0x000001172434d028 method=java.util.HashMap.keysToArray([Ljava/lang/Object;)[Ljava/lang/Object; @ 62 c2
Event: 206.665 Thread 0x000001177b6a5d20 DEOPT PACKING pc=0x000001172434d028 sp=0x00000002878fb1f0
Event: 206.665 Thread 0x000001177b6a5d20 DEOPT UNPACKING pc=0x0000011723dc23a3 sp=0x00000002878fb188 mode 2
Event: 206.672 Thread 0x000001177b6a5d20 DEOPT PACKING pc=0x000001171cb56d4d sp=0x00000002878fb3e0
Event: 206.672 Thread 0x000001177b6a5d20 DEOPT UNPACKING pc=0x0000011723dc2b43 sp=0x00000002878fa880 mode 0

Classes unloaded (0 events):
No events

Classes redefined (0 events):
No events

Internal exceptions (20 events):
Event: 9.055 Thread 0x00000117137e1c60 Exception <a 'java/lang/NoSuchMethodError'{0x00000000854c7758}: 'java.lang.Object java.lang.invoke.DirectMethodHandle$Holder.invokeSpecial(java.lang.Object, java.lang.Object, java.lang.Object, java.lang.Object, int)'> (0x00000000854c7758) 
thrown [s\open\src\hotspot\share\interpreter\linkResolver.cpp, line 759]
Event: 9.056 Thread 0x00000117137e1c60 Exception <a 'java/lang/NoSuchMethodError'{0x00000000854cb320}: 'java.lang.Object java.lang.invoke.Invokers$Holder.linkToTargetMethod(java.lang.Object, java.lang.Object, int, java.lang.Object)'> (0x00000000854cb320) 
thrown [s\open\src\hotspot\share\interpreter\linkResolver.cpp, line 759]
Event: 9.212 Thread 0x00000117137e1c60 Exception <a 'java/lang/NoSuchMethodError'{0x0000000085032ff8}: 'java.lang.Object java.lang.invoke.DirectMethodHandle$Holder.invokeStaticInit(java.lang.Object, int, int, int, int)'> (0x0000000085032ff8) 
thrown [s\open\src\hotspot\share\interpreter\linkResolver.cpp, line 759]
Event: 9.280 Thread 0x00000117137e1c60 Exception <a 'java/lang/NoSuchMethodError'{0x00000000850f10a8}: 'java.lang.Object java.lang.invoke.DirectMethodHandle$Holder.invokeStaticInit(java.lang.Object, java.lang.Object, int, int, int, int)'> (0x00000000850f10a8) 
thrown [s\open\src\hotspot\share\interpreter\linkResolver.cpp, line 759]
Event: 9.640 Thread 0x00000117137e1c60 Exception <a 'java/io/FileNotFoundException'{0x0000000084951e68}> (0x0000000084951e68) 
thrown [s\open\src\hotspot\share\prims\jni.cpp, line 516]
Event: 9.766 Thread 0x00000117137e1c60 Exception <a 'java/lang/NoSuchMethodError'{0x0000000084633588}: 'int java.lang.invoke.DirectMethodHandle$Holder.invokeInterface(java.lang.Object, java.lang.Object, java.lang.Object, java.lang.Object)'> (0x0000000084633588) 
thrown [s\open\src\hotspot\share\interpreter\linkResolver.cpp, line 759]
Event: 9.887 Thread 0x00000117137e1c60 Exception <a 'java/lang/NoSuchMethodError'{0x0000000088308c78}: 'long java.lang.invoke.DirectMethodHandle$Holder.invokeVirtual(java.lang.Object, java.lang.Object)'> (0x0000000088308c78) 
thrown [s\open\src\hotspot\share\interpreter\linkResolver.cpp, line 759]
Event: 10.026 Thread 0x00000117137e1c60 Exception <a 'java/lang/NoSuchMethodError'{0x00000000882f5f50}: 'java.lang.Object java.lang.invoke.DirectMethodHandle$Holder.invokeInterface(java.lang.Object, java.lang.Object, java.lang.Object, java.lang.Object)'> (0x00000000882f5f50) 
thrown [s\open\src\hotspot\share\interpreter\linkResolver.cpp, line 759]
Event: 10.543 Thread 0x00000117137e1c60 Exception <a 'java/lang/NoSuchMethodError'{0x00000000853cc7d8}: 'int java.lang.invoke.DirectMethodHandle$Holder.invokeStaticInit(java.lang.Object, int, java.lang.Object, java.lang.Object, java.lang.Object, java.lang.Object)'> (0x00000000853cc7d8) 
thrown [s\open\src\hotspot\share\interpreter\linkResolver.cpp, line 759]
Event: 10.741 Thread 0x00000117137e1c60 Exception <a 'sun/nio/fs/WindowsException'{0x0000000084fcd3e8}> (0x0000000084fcd3e8) 
thrown [s\open\src\hotspot\share\prims\jni.cpp, line 516]
Event: 10.799 Thread 0x00000117137e1c60 Exception <a 'java/lang/IncompatibleClassChangeError'{0x0000000084d6c328}: Found class java.lang.Object, but interface was expected> (0x0000000084d6c328) 
thrown [s\open\src\hotspot\share\interpreter\linkResolver.cpp, line 826]
Event: 10.863 Thread 0x00000117137e1c60 Exception <a 'java/lang/NoSuchMethodError'{0x0000000084cad188}: 'void java.lang.invoke.DirectMethodHandle$Holder.invokeVirtual(java.lang.Object, java.lang.Object, long)'> (0x0000000084cad188) 
thrown [s\open\src\hotspot\share\interpreter\linkResolver.cpp, line 759]
Event: 10.961 Thread 0x00000117137e1c60 Exception <a 'java/lang/NoSuchMethodError'{0x000000008492b538}: 'int java.lang.invoke.DirectMethodHandle$Holder.invokeStaticInit(java.lang.Object, java.lang.Object, java.lang.Object, java.lang.Object)'> (0x000000008492b538) 
thrown [s\open\src\hotspot\share\interpreter\linkResolver.cpp, line 759]
Event: 11.005 Thread 0x00000117137e1c60 Exception <a 'java/lang/NoSuchMethodError'{0x0000000084830d50}: 'java.lang.Object java.lang.invoke.Invokers$Holder.invoke_MT(java.lang.Object, java.lang.Object, java.lang.Object, java.lang.Object, java.lang.Object, java.lang.Object, java.lang.Object, java.lang.Object, java.lang.Object)'> (0x0000000084830d50) 
thrown [s\open\src\hotspot\share\interpreter\linkResolver.cpp, line 759]
Event: 12.060 Thread 0x00000117137e1c60 Exception <a 'java/lang/NoSuchMethodError'{0x0000000084b31490}: 'java.lang.Object java.lang.invoke.DirectMethodHandle$Holder.newInvokeSpecial(java.lang.Object, java.lang.Object, int, java.lang.Object, java.lang.Object)'> (0x0000000084b31490) 
thrown [s\open\src\hotspot\share\interpreter\linkResolver.cpp, line 759]
Event: 23.328 Thread 0x00000117331b8050 Exception <a 'java/lang/NoSuchMethodError'{0x0000000088164818}: 'java.lang.Object java.lang.invoke.DirectMethodHandle$Holder.invokeSpecial(java.lang.Object, java.lang.Object, java.lang.Object, java.lang.Object, java.lang.Object, long)'> (0x0000000088164818) 
thrown [s\open\src\hotspot\share\interpreter\linkResolver.cpp, line 759]
Event: 23.329 Thread 0x00000117331b8050 Exception <a 'java/lang/NoSuchMethodError'{0x0000000088168258}: 'java.lang.Object java.lang.invoke.Invokers$Holder.linkToTargetMethod(java.lang.Object, java.lang.Object, java.lang.Object, long, java.lang.Object)'> (0x0000000088168258) 
thrown [s\open\src\hotspot\share\interpreter\linkResolver.cpp, line 759]
Event: 23.527 Thread 0x00000117331b8050 Exception <a 'java/lang/NoSuchMethodError'{0x0000000085750668}: 'java.lang.Object java.lang.invoke.DirectMethodHandle$Holder.invokeSpecial(java.lang.Object, java.lang.Object, java.lang.Object, java.lang.Object, java.lang.Object, int)'> (0x0000000085750668) 
thrown [s\open\src\hotspot\share\interpreter\linkResolver.cpp, line 759]
Event: 23.528 Thread 0x00000117331b8050 Exception <a 'java/lang/NoSuchMethodError'{0x00000000857591f0}: 'java.lang.Object java.lang.invoke.DirectMethodHandle$Holder.newInvokeSpecial(java.lang.Object, java.lang.Object, java.lang.Object, java.lang.Object, java.lang.Object, int)'> (0x00000000857591f0) 
thrown [s\open\src\hotspot\share\interpreter\linkResolver.cpp, line 759]
Event: 23.531 Thread 0x00000117331b8050 Exception <a 'java/lang/NoSuchMethodError'{0x000000008575d558}: 'java.lang.Object java.lang.invoke.Invokers$Holder.linkToTargetMethod(java.lang.Object, java.lang.Object, java.lang.Object, java.lang.Object, int, java.lang.Object)'> (0x000000008575d558) 
thrown [s\open\src\hotspot\share\interpreter\linkResolver.cpp, line 759]

VM Operations (20 events):
Event: 271.591 Executing VM operation: Cleanup
Event: 271.592 Executing VM operation: Cleanup done
Event: 314.908 Executing VM operation: Cleanup
Event: 314.909 Executing VM operation: Cleanup done
Event: 512.331 Executing VM operation: Cleanup
Event: 512.331 Executing VM operation: Cleanup done
Event: 4183.762 Executing VM operation: Cleanup
Event: 4183.762 Executing VM operation: Cleanup done
Event: 4185.777 Executing VM operation: Cleanup
Event: 4185.777 Executing VM operation: Cleanup done
Event: 4215.996 Executing VM operation: Cleanup
Event: 4216.008 Executing VM operation: Cleanup done
Event: 4540.477 Executing VM operation: Cleanup
Event: 4540.477 Executing VM operation: Cleanup done
Event: 4603.988 Executing VM operation: Cleanup
Event: 4603.988 Executing VM operation: Cleanup done
Event: 4612.089 Executing VM operation: Cleanup
Event: 4612.089 Executing VM operation: Cleanup done
Event: 4698.867 Executing VM operation: Cleanup
Event: 4698.867 Executing VM operation: Cleanup done

Events (20 events):
Event: 64.217 Thread 0x0000011732f95ee0 flushing nmethod 0x000001171d194010
Event: 64.217 Thread 0x0000011732f95ee0 flushing nmethod 0x000001171d1a1910
Event: 64.217 Thread 0x0000011732f95ee0 flushing nmethod 0x000001171d1a1c90
Event: 64.217 Thread 0x0000011732f95ee0 flushing nmethod 0x000001171d1bdb10
Event: 64.218 Thread 0x0000011732f95ee0 flushing nmethod 0x000001171d22f390
Event: 64.218 Thread 0x0000011732f95ee0 flushing nmethod 0x000001171d22f990
Event: 64.218 Thread 0x0000011732f95ee0 flushing nmethod 0x000001171d230890
Event: 72.318 Thread 0x00000117331b57d0 Thread exited: 0x00000117331b57d0
Event: 92.079 loading class jdk/internal/vm/VMSupport
Event: 92.079 loading class jdk/internal/vm/VMSupport done
Event: 92.080 loading class sun/nio/cs/ISO_8859_1$Encoder
Event: 92.080 loading class sun/nio/cs/ISO_8859_1$Encoder done
Event: 92.080 loading class sun/nio/cs/Surrogate$Parser
Event: 92.080 loading class sun/nio/cs/Surrogate$Parser done
Event: 92.080 loading class sun/nio/cs/Surrogate
Event: 92.081 loading class sun/nio/cs/Surrogate done
Event: 93.645 Thread 0x0000011733c25030 Thread added: 0x0000011733c25030
Event: 93.862 Thread 0x0000011733c25030 Thread exited: 0x0000011733c25030
Event: 206.461 Thread 0x0000011733c25030 Thread added: 0x0000011733c25030
Event: 206.660 Thread 0x0000011733c25030 Thread exited: 0x0000011733c25030


Dynamic libraries:
0x00007ff627130000 - 0x00007ff627140000 	C:\Program Files\Java\jdk-17\bin\java.exe
0x00007ffe07190000 - 0x00007ffe07388000 	C:\Windows\SYSTEM32\ntdll.dll
0x00007ffe06030000 - 0x00007ffe060f2000 	C:\Windows\System32\KERNEL32.DLL
0x00007ffe04af0000 - 0x00007ffe04def000 	C:\Windows\System32\KERNELBASE.dll
0x00007ffe05040000 - 0x00007ffe05140000 	C:\Windows\System32\ucrtbase.dll
0x00007ffdfe0b0000 - 0x00007ffdfe0c9000 	C:\Program Files\Java\jdk-17\bin\jli.dll
0x00007ffdfe1d0000 - 0x00007ffdfe1eb000 	C:\Program Files\Java\jdk-17\bin\VCRUNTIME140.dll
0x00007ffe07040000 - 0x00007ffe070ef000 	C:\Windows\System32\ADVAPI32.dll
0x00007ffe06ae0000 - 0x00007ffe06b7e000 	C:\Windows\System32\msvcrt.dll
0x00007ffe05f90000 - 0x00007ffe0602f000 	C:\Windows\System32\sechost.dll
0x00007ffe061d0000 - 0x00007ffe062f3000 	C:\Windows\System32\RPCRT4.dll
0x00007ffe04ac0000 - 0x00007ffe04ae7000 	C:\Windows\System32\bcrypt.dll
0x00007ffe06d30000 - 0x00007ffe06ecd000 	C:\Windows\System32\USER32.dll
0x00007ffdd8070000 - 0x00007ffdd830a000 	C:\Windows\WinSxS\amd64_microsoft.windows.common-controls_6595b64144ccf1df_6.0.19041.4355_none_60b8b9eb71f62e16\COMCTL32.dll
0x00007ffe06560000 - 0x00007ffe0658b000 	C:\Windows\System32\GDI32.dll
0x00007ffe04df0000 - 0x00007ffe04f0a000 	C:\Windows\System32\gdi32full.dll
0x00007ffe04990000 - 0x00007ffe04a2d000 	C:\Windows\System32\msvcp_win.dll
0x00007ffe04f10000 - 0x00007ffe04f32000 	C:\Windows\System32\win32u.dll
0x00007ffdfe6e0000 - 0x00007ffdfe6ea000 	C:\Windows\SYSTEM32\VERSION.dll
0x00007ffe05570000 - 0x00007ffe0559f000 	C:\Windows\System32\IMM32.DLL
0x00007ffe00b20000 - 0x00007ffe00b2c000 	C:\Program Files\Java\jdk-17\bin\vcruntime140_1.dll
0x00007ffde0330000 - 0x00007ffde03be000 	C:\Program Files\Java\jdk-17\bin\msvcp140.dll
0x00007ffdba1a0000 - 0x00007ffdbad81000 	C:\Program Files\Java\jdk-17\bin\server\jvm.dll
0x00007ffe061c0000 - 0x00007ffe061c8000 	C:\Windows\System32\PSAPI.DLL
0x00007ffdf3a00000 - 0x00007ffdf3a09000 	C:\Windows\SYSTEM32\WSOCK32.dll
0x00007ffe06fb0000 - 0x00007ffe0701b000 	C:\Windows\System32\WS2_32.dll
0x00007ffdf7680000 - 0x00007ffdf76a7000 	C:\Windows\SYSTEM32\WINMM.dll
0x00007ffe03050000 - 0x00007ffe03062000 	C:\Windows\SYSTEM32\kernel.appcore.dll
0x00007ffdffb70000 - 0x00007ffdffb7a000 	C:\Program Files\Java\jdk-17\bin\jimage.dll
0x00007ffe025a0000 - 0x00007ffe02784000 	C:\Windows\SYSTEM32\DBGHELP.DLL
0x00007ffdfcf10000 - 0x00007ffdfcf44000 	C:\Windows\SYSTEM32\dbgcore.DLL
0x00007ffe04a30000 - 0x00007ffe04ab2000 	C:\Windows\System32\bcryptPrimitives.dll
0x00007ffdfe100000 - 0x00007ffdfe10e000 	C:\Program Files\Java\jdk-17\bin\instrument.dll
0x00007ffdf42b0000 - 0x00007ffdf42d5000 	C:\Program Files\Java\jdk-17\bin\java.dll
0x00007ffddf7c0000 - 0x00007ffddf897000 	C:\Program Files\Java\jdk-17\bin\jsvml.dll
0x00007ffe05680000 - 0x00007ffe05ded000 	C:\Windows\System32\SHELL32.dll
0x00007ffe02890000 - 0x00007ffe03034000 	C:\Windows\SYSTEM32\windows.storage.dll
0x00007ffe051b0000 - 0x00007ffe05505000 	C:\Windows\System32\combase.dll
0x00007ffe04190000 - 0x00007ffe041bf000 	C:\Windows\SYSTEM32\Wldp.dll
0x00007ffe06590000 - 0x00007ffe0665d000 	C:\Windows\System32\OLEAUT32.dll
0x00007ffe06100000 - 0x00007ffe061ad000 	C:\Windows\System32\SHCORE.dll
0x00007ffe05510000 - 0x00007ffe05565000 	C:\Windows\System32\shlwapi.dll
0x00007ffe04760000 - 0x00007ffe04784000 	C:\Windows\SYSTEM32\profapi.dll
0x00007ffdf41c0000 - 0x00007ffdf41d8000 	C:\Program Files\Java\jdk-17\bin\zip.dll
0x00007ffdfdfe0000 - 0x00007ffdfdff9000 	C:\Program Files\Java\jdk-17\bin\net.dll
0x00007ffdfbf00000 - 0x00007ffdfc00a000 	C:\Windows\SYSTEM32\WINHTTP.dll
0x00007ffe03ef0000 - 0x00007ffe03f5c000 	C:\Windows\system32\mswsock.dll
0x00007ffdfd970000 - 0x00007ffdfd986000 	C:\Program Files\Java\jdk-17\bin\nio.dll
0x00007ffdf41a0000 - 0x00007ffdf41ba000 	C:\Program Files\JetBrains\IntelliJ IDEA Community Edition 2023.3.2\bin\breakgen64.dll
0x00007ffe03bd0000 - 0x00007ffe03c0b000 	C:\Windows\SYSTEM32\IPHLPAPI.DLL
0x00007ffe061b0000 - 0x00007ffe061b8000 	C:\Windows\System32\NSI.dll
0x00007ffdfc4e0000 - 0x00007ffdfc4f7000 	C:\Windows\SYSTEM32\dhcpcsvc6.DLL
0x00007ffdfd3a0000 - 0x00007ffdfd3bd000 	C:\Windows\SYSTEM32\dhcpcsvc.DLL
0x00007ffe03c10000 - 0x00007ffe03cda000 	C:\Windows\SYSTEM32\DNSAPI.dll
0x00007ffdfa240000 - 0x00007ffdfa24a000 	C:\Windows\System32\rasadhlp.dll
0x00007ffdfa310000 - 0x00007ffdfa390000 	C:\Windows\System32\fwpuclnt.dll
0x00007ffdfc860000 - 0x00007ffdfc86e000 	C:\Program Files\Java\jdk-17\bin\sunmscapi.dll
0x00007ffe04830000 - 0x00007ffe0498c000 	C:\Windows\System32\CRYPT32.dll
0x00007ffe04200000 - 0x00007ffe04227000 	C:\Windows\SYSTEM32\ncrypt.dll
0x00007ffe041c0000 - 0x00007ffe041fb000 	C:\Windows\SYSTEM32\NTASN1.dll
0x00007ffe040f0000 - 0x00007ffe04108000 	C:\Windows\SYSTEM32\CRYPTSP.dll
0x00007ffe03810000 - 0x00007ffe03844000 	C:\Windows\system32\rsaenh.dll
0x00007ffe04720000 - 0x00007ffe0474e000 	C:\Windows\SYSTEM32\USERENV.dll
0x00007ffe040e0000 - 0x00007ffe040ec000 	C:\Windows\SYSTEM32\CRYPTBASE.dll
0x00007ffdfcdc0000 - 0x00007ffdfcdca000 	C:\Program Files\Java\jdk-17\bin\management.dll
0x00007ffdfc990000 - 0x00007ffdfc99b000 	C:\Program Files\Java\jdk-17\bin\management_ext.dll
0x00007ffddda40000 - 0x00007ffddda47000 	C:\Windows\system32\wshunix.dll

dbghelp: loaded successfully - version: 4.0.5 - missing functions: none
symbol engine: initialized successfully - sym options: 0x614 - pdb path: .;C:\Program Files\Java\jdk-17\bin;C:\Windows\SYSTEM32;C:\Windows\WinSxS\amd64_microsoft.windows.common-controls_6595b64144ccf1df_6.0.19041.4355_none_60b8b9eb71f62e16;C:\Program Files\Java\jdk-17\bin\server;C:\Program Files\JetBrains\IntelliJ IDEA Community Edition 2023.3.2\bin

VM Arguments:
jvm_args: -javaagent:C:\Program Files\JetBrains\IntelliJ IDEA Community Edition 2023.3.2\lib\idea_rt.jar=49786:C:\Program Files\JetBrains\IntelliJ IDEA Community Edition 2023.3.2\bin -Dfile.encoding=UTF-8 
java_command: com.microservices.ApiConfigApplication
java_class_path (initial): C:\Users\catap\Desktop\Delfi\WalletDH\api-config\target\classes;C:\Users\catap\.m2\repository\org\springframework\boot\spring-boot-starter-web\3.4.0\spring-boot-starter-web-3.4.0.jar;C:\Users\catap\.m2\repository\org\springframework\boot\spring-boot-starter\3.4.0\spring-boot-starter-3.4.0.jar;C:\Users\catap\.m2\repository\org\springframework\boot\spring-boot\3.4.0\spring-boot-3.4.0.jar;C:\Users\catap\.m2\repository\org\springframework\boot\spring-boot-autoconfigure\3.4.0\spring-boot-autoconfigure-3.4.0.jar;C:\Users\catap\.m2\repository\org\springframework\boot\spring-boot-starter-logging\3.4.0\spring-boot-starter-logging-3.4.0.jar;C:\Users\catap\.m2\repository\ch\qos\logback\logback-classic\1.5.12\logback-classic-1.5.12.jar;C:\Users\catap\.m2\repository\ch\qos\logback\logback-core\1.5.12\logback-core-1.5.12.jar;C:\Users\catap\.m2\repository\org\apache\logging\log4j\log4j-to-slf4j\2.24.1\log4j-to-slf4j-2.24.1.jar;C:\Users\catap\.m2\repository\org\apache\logging\log4j\log4j-api\2.24.1\log4j-api-2.24.1.jar;C:\Users\catap\.m2\repository\org\slf4j\jul-to-slf4j\2.0.16\jul-to-slf4j-2.0.16.jar;C:\Users\catap\.m2\repository\jakarta\annotation\jakarta.annotation-api\2.1.1\jakarta.annotation-api-2.1.1.jar;C:\Users\catap\.m2\repository\org\springframework\boot\spring-boot-starter-json\3.4.0\spring-boot-starter-json-3.4.0.jar;C:\Users\catap\.m2\repository\com\fasterxml\jackson\datatype\jackson-datatype-jdk8\2.18.1\jackson-datatype-jdk8-2.18.1.jar;C:\Users\catap\.m2\repository\com\fasterxml\jackson\datatype\jackson-datatype-jsr310\2.18.1\jackson-datatype-jsr310-2.18.1.jar;C:\Users\catap\.m2\repository\com\fasterxml\jackson\module\jackson-module-parameter-names\2.18.1\jackson-module-parameter-names-2.18.1.jar;C:\Users\catap\.m2\repository\org\springframework\boot\spring-boot-starter-tomcat\3.4.0\spring-boot-starter-tomcat-3.4.0.jar;C:\Users\catap\.m2\repository\org\apache\tomcat\embed\tomcat-embed-core\10.1.33\tomcat-embed-core-10.1.33.jar;C:\Users\cat
Launcher Type: SUN_STANDARD

[Global flags]
     intx CICompilerCount                          = 3                                         {product} {ergonomic}
     uint ConcGCThreads                            = 1                                         {product} {ergonomic}
     uint G1ConcRefinementThreads                  = 4                                         {product} {ergonomic}
   size_t G1HeapRegionSize                         = 1048576                                   {product} {ergonomic}
    uintx GCDrainStackTargetSize                   = 64                                        {product} {ergonomic}
   size_t InitialHeapSize                          = 134217728                                 {product} {ergonomic}
   size_t MarkStackSize                            = 4194304                                   {product} {ergonomic}
   size_t MaxHeapSize                              = 2116026368                                {product} {ergonomic}
   size_t MaxNewSize                               = 1268776960                                {product} {ergonomic}
   size_t MinHeapDeltaBytes                        = 1048576                                   {product} {ergonomic}
   size_t MinHeapSize                              = 8388608                                   {product} {ergonomic}
    uintx NonNMethodCodeHeapSize                   = 5832780                                {pd product} {ergonomic}
    uintx NonProfiledCodeHeapSize                  = 122912730                              {pd product} {ergonomic}
    uintx ProfiledCodeHeapSize                     = 122912730                              {pd product} {ergonomic}
    uintx ReservedCodeCacheSize                    = 251658240                              {pd product} {ergonomic}
     bool SegmentedCodeCache                       = true                                      {product} {ergonomic}
   size_t SoftMaxHeapSize                          = 2116026368                             {manageable} {ergonomic}
     bool UseCompressedClassPointers               = true                           {product lp64_product} {ergonomic}
     bool UseCompressedOops                        = true                           {product lp64_product} {ergonomic}
     bool UseG1GC                                  = true                                      {product} {ergonomic}
     bool UseLargePagesIndividualAllocation        = false                                  {pd product} {ergonomic}

Logging:
Log output configuration:
 #0: stdout all=warning uptime,level,tags
 #1: stderr all=off uptime,level,tags

Environment Variables:
JAVA_HOME=C:\Program Files\Java\jdk-17
PATH=C:\Program Files\Common Files\Oracle\Java\javapath;C:\Program Files\Java\jdk-17\bin;C:\Windows\system32;C:\Windows;C:\Windows\System32\Wbem;C:\Windows\System32\WindowsPowerShell\v1.0\;C:\Windows\System32\OpenSSH\;C:\Program Files\Git\cmd;C:\Program Files\Java\jdk1.8.0_202\bin;C:\Program Files\Java\jdk-17\bin;C:\Users\catap\Downloads\flutter\bin;C:\workspace\apache-maven-3.9.6-bin\apache-maven-3.9.6\bin;C:\Program Files\Go\bin;C:\Program Files (x86)\Go\bin;C:\xampp\mysql\bin;C:\Program Files\nodejs\;C:\Program Files\MySQL\MySQL Shell 8.0\bin\;C:\Users\catap\AppData\Local\Microsoft\WindowsApps;C:\Users\catap\AppData\Local\Programs\Microsoft VS Code\bin;C:\Users\catap\go\bin;C:\Users\catap\Downloads\chromedriver-win64;C:\Users\catap\AppData\Roaming\npm
USERNAME=catap
OS=Windows_NT
PROCESSOR_IDENTIFIER=Intel64 Family 6 Model 142 Stepping 9, GenuineIntel



---------------  S Y S T E M  ---------------

OS:
 Windows 10 , 64 bit Build 19041 (10.0.19041.5438)
OS uptime: 11 days 21:14 hours

CPU: total 4 (initial active 4) (2 cores per cpu, 2 threads per core) family 6 model 142 stepping 9 microcode 0xb4, cx8, cmov, fxsr, ht, mmx, 3dnowpref, sse, sse2, sse3, ssse3, sse4.1, sse4.2, popcnt, lzcnt, tsc, tscinvbit, avx, avx2, aes, erms, clmul, bmi1, bmi2, adx, fma, vzeroupper, clflush, clflushopt

Memory: 4k page, system-wide physical 8071M (393M free)
TotalPageFile size 32647M (AvailPageFile size 4M)
current process WorkingSet (physical memory assigned to process): 29M, peak: 206M
current process commit charge ("private bytes"): 211M, peak: 266M

vm_info: Java HotSpot(TM) 64-Bit Server VM (17.0.9+11-LTS-201) for windows-amd64 JRE (17.0.9+11-LTS-201), built on Oct 10 2023 23:16:06 by "mach5one" with MS VC++ 17.1 (VS2022)

END.
