#
# There is insufficient memory for the Java Runtime Environment to continue.
# Native memory allocation (mmap) failed to map 44040192 bytes for G1 virtual space
# Possible reasons:
#   The system is out of physical RAM or swap space
#   The process is running with CompressedOops enabled, and the Java Heap may be blocking the growth of the native heap
# Possible solutions:
#   Reduce memory load on the system
#   Increase physical memory or swap space
#   Check if swap backing store is full
#   Decrease Java heap size (-Xmx/-Xms)
#   Decrease number of Java threads
#   Decrease Java thread stack sizes (-Xss)
#   Set larger code cache with -XX:ReservedCodeCacheSize=
#   JVM is running with Unscaled Compressed Oops mode in which the Java heap is
#     placed in the first 4GB address space. The Java Heap base address is the
#     maximum limit for the native heap growth. Please use -XX:HeapBaseMinAddress
#     to set the Java Heap base and to place the Java Heap above 4GB virtual address.
# This output file may be truncated or incomplete.
#
#  Out of Memory Error (os_windows.cpp:3552), pid=17228, tid=18008
#
# JRE version: Java(TM) SE Runtime Environment (17.0.9+11) (build 17.0.9+11-LTS-201)
# Java VM: Java HotSpot(TM) 64-Bit Server VM (17.0.9+11-LTS-201, mixed mode, sharing, tiered, compressed oops, compressed class ptrs, g1 gc, windows-amd64)
# No core dump will be written. Minidumps are not enabled by default on client versions of Windows
#

---------------  S U M M A R Y ------------

Command Line: -javaagent:C:\Program Files\JetBrains\IntelliJ IDEA Community Edition 2023.3.2\lib\idea_rt.jar=60914:C:\Program Files\JetBrains\IntelliJ IDEA Community Edition 2023.3.2\bin -Dfile.encoding=UTF-8 com.microservices.transaccion_service.TransaccionServiceApplication

Host: Intel(R) Core(TM) i3-7020U CPU @ 2.30GHz, 4 cores, 7G,  Windows 10 , 64 bit Build 19041 (10.0.19041.5438)
Time: Thu Feb 27 14:27:41 2025 Hora estándar de Argentina elapsed time: 22.570909 seconds (0d 0h 0m 22s)

---------------  T H R E A D  ---------------

Current thread (0x00000262695371d0):  VMThread "VM Thread" [stack: 0x000000d993000000,0x000000d993100000] [id=18008]

Stack: [0x000000d993000000,0x000000d993100000]
Native frames: (J=compiled Java code, j=interpreted, Vv=VM code, C=native code)
V  [jvm.dll+0x678a4a]
V  [jvm.dll+0x7d9cfd]
V  [jvm.dll+0x7db60e]
V  [jvm.dll+0x7dbc73]
V  [jvm.dll+0x245e1f]
V  [jvm.dll+0x6758f9]
V  [jvm.dll+0x66a2a2]
V  [jvm.dll+0x303686]
V  [jvm.dll+0x30ac06]
V  [jvm.dll+0x35a48e]
V  [jvm.dll+0x35a6bf]
V  [jvm.dll+0x2da678]
V  [jvm.dll+0x2d8a85]
V  [jvm.dll+0x2d808c]
V  [jvm.dll+0x31b97b]
V  [jvm.dll+0x7e048b]
V  [jvm.dll+0x7e11c4]
V  [jvm.dll+0x7e16dd]
V  [jvm.dll+0x7e1ab4]
V  [jvm.dll+0x7e1b80]
V  [jvm.dll+0x78998a]
V  [jvm.dll+0x677875]
C  [ucrtbase.dll+0x21bb2]
C  [KERNEL32.DLL+0x17374]
C  [ntdll.dll+0x4cc91]

VM_Operation (0x000000d9943fc4d0): G1CollectForAllocation, mode: safepoint, requested by thread 0x000002626ecd2f20


---------------  P R O C E S S  ---------------

Threads class SMR info:
_java_thread_list=0x00000262713239a0, length=23, elements={
0x000002624bcf2fc0, 0x0000026269540ab0, 0x0000026269541930, 0x00000262695516e0,
0x0000026269553ac0, 0x0000026269556490, 0x0000026269556e50, 0x0000026269558350,
0x0000026269558e00, 0x000002626955b810, 0x00000262698c0500, 0x000002626e469e90,
0x000002626e46a370, 0x000002626ecd2500, 0x000002626ecd2f20, 0x000002626ecd15d0,
0x000002626ecd4360, 0x000002626ecd10c0, 0x0000026272b020b0, 0x0000026272aff320,
0x0000026272afac40, 0x0000026271964010, 0x0000026272b00c70
}

Java Threads: ( => current thread )
  0x000002624bcf2fc0 JavaThread "main" [_thread_blocked, id=5580, stack(0x000000d992a00000,0x000000d992b00000)]
  0x0000026269540ab0 JavaThread "Reference Handler" daemon [_thread_blocked, id=18024, stack(0x000000d993100000,0x000000d993200000)]
  0x0000026269541930 JavaThread "Finalizer" daemon [_thread_blocked, id=16936, stack(0x000000d993200000,0x000000d993300000)]
  0x00000262695516e0 JavaThread "Signal Dispatcher" daemon [_thread_blocked, id=17552, stack(0x000000d993300000,0x000000d993400000)]
  0x0000026269553ac0 JavaThread "Attach Listener" daemon [_thread_blocked, id=11288, stack(0x000000d993400000,0x000000d993500000)]
  0x0000026269556490 JavaThread "Service Thread" daemon [_thread_blocked, id=15612, stack(0x000000d993500000,0x000000d993600000)]
  0x0000026269556e50 JavaThread "Monitor Deflation Thread" daemon [_thread_blocked, id=16088, stack(0x000000d993600000,0x000000d993700000)]
  0x0000026269558350 JavaThread "C2 CompilerThread0" daemon [_thread_blocked, id=20244, stack(0x000000d993700000,0x000000d993800000)]
  0x0000026269558e00 JavaThread "C1 CompilerThread0" daemon [_thread_blocked, id=16280, stack(0x000000d993800000,0x000000d993900000)]
  0x000002626955b810 JavaThread "Sweeper thread" daemon [_thread_blocked, id=8308, stack(0x000000d993900000,0x000000d993a00000)]
  0x00000262698c0500 JavaThread "Common-Cleaner" daemon [_thread_blocked, id=22308, stack(0x000000d993a00000,0x000000d993b00000)]
  0x000002626e469e90 JavaThread "Monitor Ctrl-Break" daemon [_thread_in_native, id=2892, stack(0x000000d993c00000,0x000000d993d00000)]
  0x000002626e46a370 JavaThread "Notification Thread" daemon [_thread_blocked, id=7500, stack(0x000000d993d00000,0x000000d993e00000)]
  0x000002626ecd2500 JavaThread "Thread-0" [_thread_blocked, id=17472, stack(0x000000d994200000,0x000000d994300000)]
  0x000002626ecd2f20 JavaThread "restartedMain" [_thread_blocked, id=5196, stack(0x000000d994300000,0x000000d994400000)]
  0x000002626ecd15d0 JavaThread "Keep-Alive-Timer" daemon [_thread_blocked, id=22312, stack(0x000000d993b00000,0x000000d993c00000)]
  0x000002626ecd4360 JavaThread "Catalina-utility-1" [_thread_blocked, id=21216, stack(0x000000d994600000,0x000000d994700000)]
  0x000002626ecd10c0 JavaThread "Catalina-utility-2" [_thread_blocked, id=20904, stack(0x000000d994700000,0x000000d994800000)]
  0x0000026272b020b0 JavaThread "container-0" [_thread_blocked, id=15196, stack(0x000000d994800000,0x000000d994900000)]
  0x0000026272aff320 JavaThread "mysql-cj-abandoned-connection-cleanup" daemon [_thread_blocked, id=13364, stack(0x000000d994900000,0x000000d994a00000)]
  0x0000026272afac40 JavaThread "HikariPool-1 housekeeper" daemon [_thread_blocked, id=4508, stack(0x000000d994a00000,0x000000d994b00000)]
  0x0000026271964010 JavaThread "C2 CompilerThread1" daemon [_thread_blocked, id=18612, stack(0x000000d994500000,0x000000d994600000)]
  0x0000026272b00c70 JavaThread "spring.cloud.inetutils" daemon [_thread_blocked, id=19308, stack(0x000000d994c00000,0x000000d994d00000)]

Other Threads:
=>0x00000262695371d0 VMThread "VM Thread" [stack: 0x000000d993000000,0x000000d993100000] [id=18008]
  0x000002626e0ec760 WatcherThread [stack: 0x000000d993e00000,0x000000d993f00000] [id=19588]
  0x000002624bd4b6a0 GCTaskThread "GC Thread#0" [stack: 0x000000d992b00000,0x000000d992c00000] [id=13896]
  0x000002626e4d26d0 GCTaskThread "GC Thread#1" [stack: 0x000000d993f00000,0x000000d994000000] [id=8384]
  0x000002626e4d2990 GCTaskThread "GC Thread#2" [stack: 0x000000d994000000,0x000000d994100000] [id=15536]
  0x000002626e4aee00 GCTaskThread "GC Thread#3" [stack: 0x000000d994100000,0x000000d994200000] [id=6472]
  0x0000026249c3dea0 ConcurrentGCThread "G1 Main Marker" [stack: 0x000000d992c00000,0x000000d992d00000] [id=20708]
  0x0000026249c3e8b0 ConcurrentGCThread "G1 Conc#0" [stack: 0x000000d992d00000,0x000000d992e00000] [id=18736]
  0x000002624bdae730 ConcurrentGCThread "G1 Refine#0" [stack: 0x000000d992e00000,0x000000d992f00000] [id=8868]
  0x00000262693f2310 ConcurrentGCThread "G1 Service" [stack: 0x000000d992f00000,0x000000d993000000] [id=10928]

Threads with active compile tasks:
C2 CompilerThread0    22718 7472       4       org.springframework.core.ResolvableType::resolveType (146 bytes)
C2 CompilerThread1    22718 7465       4       org.springframework.core.ResolvableType::forType (112 bytes)

VM state: at safepoint (normal execution)

VM Mutex/Monitor currently owned by a thread:  ([mutex/lock_event])
[0x000002624bcedc20] Threads_lock - owner thread: 0x00000262695371d0
[0x000002624bcedf80] Heap_lock - owner thread: 0x000002626ecd2f20

Heap address: 0x0000000081e00000, size: 2018 MB, Compressed Oops mode: 32-bit

CDS archive(s) mapped at: [0x0000026200000000-0x0000026200bd0000-0x0000026200bd0000), size 12386304, SharedBaseAddress: 0x0000026200000000, ArchiveRelocationMode: 1.
Compressed class space mapped at: 0x0000026201000000-0x0000026241000000, reserved size: 1073741824
Narrow klass base: 0x0000026200000000, Narrow klass shift: 0, Narrow klass range: 0x100000000

GC Precious Log:
 CPUs: 4 total, 4 available
 Memory: 8071M
 Large Page Support: Disabled
 NUMA Support: Disabled
 Compressed Oops: Enabled (32-bit)
 Heap Region Size: 1M
 Heap Min Capacity: 8M
 Heap Initial Capacity: 128M
 Heap Max Capacity: 2018M
 Pre-touch: Disabled
 Parallel Workers: 4
 Concurrent Workers: 1
 Concurrent Refinement Workers: 4
 Periodic GC: Disabled

Heap:
 garbage-first heap   total 131072K, used 50523K [0x0000000081e00000, 0x0000000100000000)
  region size 1024K, 2 young (2048K), 2 survivors (2048K)
 Metaspace       used 79021K, committed 79616K, reserved 1179648K
  class space    used 10882K, committed 11136K, reserved 1048576K

Heap Regions: E=young(eden), S=young(survivor), O=old, HS=humongous(starts), HC=humongous(continues), CS=collection set, F=free, OA=open archive, CA=closed archive, TAMS=top-at-mark-start (previous, next)
|   0|0x0000000081e00000, 0x0000000081f00000, 0x0000000081f00000|100%|HS|  |TAMS 0x0000000081f00000, 0x0000000081f00000| Complete 
|   1|0x0000000081f00000, 0x0000000082000000, 0x0000000082000000|100%|HS|  |TAMS 0x0000000082000000, 0x0000000082000000| Complete 
|   2|0x0000000082000000, 0x0000000082100000, 0x0000000082100000|100%|HS|  |TAMS 0x0000000082100000, 0x0000000082100000| Complete 
|   3|0x0000000082100000, 0x0000000082200000, 0x0000000082200000|100%| O|  |TAMS 0x0000000082200000, 0x0000000082200000| Untracked 
|   4|0x0000000082200000, 0x0000000082300000, 0x0000000082300000|100%| O|  |TAMS 0x0000000082300000, 0x0000000082300000| Untracked 
|   5|0x0000000082300000, 0x0000000082400000, 0x0000000082400000|100%| O|  |TAMS 0x0000000082400000, 0x0000000082400000| Untracked 
|   6|0x0000000082400000, 0x0000000082500000, 0x0000000082500000|100%| O|  |TAMS 0x0000000082500000, 0x0000000082500000| Untracked 
|   7|0x0000000082500000, 0x0000000082600000, 0x0000000082600000|100%| O|  |TAMS 0x0000000082600000, 0x0000000082600000| Untracked 
|   8|0x0000000082600000, 0x0000000082700000, 0x0000000082700000|100%| O|  |TAMS 0x0000000082700000, 0x0000000082700000| Untracked 
|   9|0x0000000082700000, 0x0000000082800000, 0x0000000082800000|100%| O|  |TAMS 0x0000000082800000, 0x0000000082800000| Untracked 
|  10|0x0000000082800000, 0x0000000082900000, 0x0000000082900000|100%| O|  |TAMS 0x0000000082900000, 0x0000000082900000| Untracked 
|  11|0x0000000082900000, 0x0000000082a00000, 0x0000000082a00000|100%| O|  |TAMS 0x0000000082a00000, 0x0000000082a00000| Untracked 
|  12|0x0000000082a00000, 0x0000000082b00000, 0x0000000082b00000|100%| O|  |TAMS 0x0000000082b00000, 0x0000000082b00000| Untracked 
|  13|0x0000000082b00000, 0x0000000082c00000, 0x0000000082c00000|100%| O|  |TAMS 0x0000000082c00000, 0x0000000082c00000| Untracked 
|  14|0x0000000082c00000, 0x0000000082d00000, 0x0000000082d00000|100%| O|  |TAMS 0x0000000082d00000, 0x0000000082d00000| Untracked 
|  15|0x0000000082d00000, 0x0000000082e00000, 0x0000000082e00000|100%| O|  |TAMS 0x0000000082e00000, 0x0000000082e00000| Untracked 
|  16|0x0000000082e00000, 0x0000000082f00000, 0x0000000082f00000|100%| O|  |TAMS 0x0000000082e00000, 0x0000000082f00000| Untracked 
|  17|0x0000000082f00000, 0x0000000083000000, 0x0000000083000000|100%| O|  |TAMS 0x0000000083000000, 0x0000000083000000| Untracked 
|  18|0x0000000083000000, 0x0000000083100000, 0x0000000083100000|100%| O|  |TAMS 0x0000000083100000, 0x0000000083100000| Untracked 
|  19|0x0000000083100000, 0x0000000083200000, 0x0000000083200000|100%| O|  |TAMS 0x0000000083200000, 0x0000000083200000| Untracked 
|  20|0x0000000083200000, 0x0000000083300000, 0x0000000083300000|100%| O|  |TAMS 0x0000000083300000, 0x0000000083300000| Untracked 
|  21|0x0000000083300000, 0x0000000083400000, 0x0000000083400000|100%| O|  |TAMS 0x0000000083400000, 0x0000000083400000| Untracked 
|  22|0x0000000083400000, 0x0000000083500000, 0x0000000083500000|100%| O|  |TAMS 0x0000000083500000, 0x0000000083500000| Untracked 
|  23|0x0000000083500000, 0x0000000083600000, 0x0000000083600000|100%| O|  |TAMS 0x0000000083600000, 0x0000000083600000| Untracked 
|  24|0x0000000083600000, 0x0000000083700000, 0x0000000083700000|100%| O|  |TAMS 0x0000000083700000, 0x0000000083700000| Untracked 
|  25|0x0000000083700000, 0x0000000083800000, 0x0000000083800000|100%| O|  |TAMS 0x0000000083800000, 0x0000000083800000| Untracked 
|  26|0x0000000083800000, 0x0000000083900000, 0x0000000083900000|100%| O|  |TAMS 0x0000000083900000, 0x0000000083900000| Untracked 
|  27|0x0000000083900000, 0x0000000083a00000, 0x0000000083a00000|100%| O|  |TAMS 0x0000000083a00000, 0x0000000083a00000| Untracked 
|  28|0x0000000083a00000, 0x0000000083b00000, 0x0000000083b00000|100%| O|  |TAMS 0x0000000083b00000, 0x0000000083b00000| Untracked 
|  29|0x0000000083b00000, 0x0000000083b00000, 0x0000000083c00000|  0%| F|  |TAMS 0x0000000083b00000, 0x0000000083b00000| Untracked 
|  30|0x0000000083c00000, 0x0000000083d00000, 0x0000000083d00000|100%| O|  |TAMS 0x0000000083d00000, 0x0000000083d00000| Untracked 
|  31|0x0000000083d00000, 0x0000000083e00000, 0x0000000083e00000|100%| O|  |TAMS 0x0000000083e00000, 0x0000000083e00000| Untracked 
|  32|0x0000000083e00000, 0x0000000083f00000, 0x0000000083f00000|100%| O|  |TAMS 0x0000000083f00000, 0x0000000083f00000| Untracked 
|  33|0x0000000083f00000, 0x0000000084000000, 0x0000000084000000|100%| O|  |TAMS 0x0000000084000000, 0x0000000084000000| Untracked 
|  34|0x0000000084000000, 0x0000000084100000, 0x0000000084100000|100%| O|  |TAMS 0x0000000084100000, 0x0000000084100000| Untracked 
|  35|0x0000000084100000, 0x0000000084200000, 0x0000000084200000|100%| O|  |TAMS 0x0000000084200000, 0x0000000084200000| Untracked 
|  36|0x0000000084200000, 0x0000000084300000, 0x0000000084300000|100%| O|  |TAMS 0x0000000084300000, 0x0000000084300000| Untracked 
|  37|0x0000000084300000, 0x0000000084400000, 0x0000000084400000|100%| O|  |TAMS 0x0000000084400000, 0x0000000084400000| Untracked 
|  38|0x0000000084400000, 0x0000000084500000, 0x0000000084500000|100%| O|  |TAMS 0x0000000084500000, 0x0000000084500000| Untracked 
|  39|0x0000000084500000, 0x0000000084600000, 0x0000000084600000|100%| O|  |TAMS 0x0000000084600000, 0x0000000084600000| Untracked 
|  40|0x0000000084600000, 0x0000000084700000, 0x0000000084700000|100%| O|  |TAMS 0x0000000084700000, 0x0000000084700000| Untracked 
|  41|0x0000000084700000, 0x0000000084800000, 0x0000000084800000|100%| O|  |TAMS 0x0000000084800000, 0x0000000084800000| Untracked 
|  42|0x0000000084800000, 0x0000000084900000, 0x0000000084900000|100%| O|  |TAMS 0x00000000848f9000, 0x0000000084900000| Untracked 
|  43|0x0000000084900000, 0x0000000084a00000, 0x0000000084a00000|100%| O|  |TAMS 0x0000000084900000, 0x0000000084a00000| Untracked 
|  44|0x0000000084a00000, 0x0000000084b00000, 0x0000000084b00000|100%| O|  |TAMS 0x0000000084a00000, 0x0000000084b00000| Untracked 
|  45|0x0000000084b00000, 0x0000000084c00000, 0x0000000084c00000|100%| O|  |TAMS 0x0000000084b00000, 0x0000000084c00000| Untracked 
|  46|0x0000000084c00000, 0x0000000084d00000, 0x0000000084d00000|100%| O|  |TAMS 0x0000000084c00000, 0x0000000084d00000| Untracked 
|  47|0x0000000084d00000, 0x0000000084e00000, 0x0000000084e00000|100%| O|  |TAMS 0x0000000084d00000, 0x0000000084e00000| Untracked 
|  48|0x0000000084e00000, 0x0000000084ed7e00, 0x0000000084f00000| 84%| O|  |TAMS 0x0000000084e00000, 0x0000000084ed7e00| Untracked 
|  49|0x0000000084f00000, 0x0000000084f00000, 0x0000000085000000|  0%| F|  |TAMS 0x0000000084f00000, 0x0000000084f00000| Untracked 
|  50|0x0000000085000000, 0x0000000085000000, 0x0000000085100000|  0%| F|  |TAMS 0x0000000085000000, 0x0000000085000000| Untracked 
|  51|0x0000000085100000, 0x0000000085100000, 0x0000000085200000|  0%| F|  |TAMS 0x0000000085100000, 0x0000000085100000| Untracked 
|  52|0x0000000085200000, 0x0000000085200000, 0x0000000085300000|  0%| F|  |TAMS 0x0000000085200000, 0x0000000085200000| Untracked 
|  53|0x0000000085300000, 0x0000000085300000, 0x0000000085400000|  0%| F|  |TAMS 0x0000000085300000, 0x0000000085300000| Untracked 
|  54|0x0000000085400000, 0x0000000085400000, 0x0000000085500000|  0%| F|  |TAMS 0x0000000085400000, 0x0000000085400000| Untracked 
|  55|0x0000000085500000, 0x0000000085500000, 0x0000000085600000|  0%| F|  |TAMS 0x0000000085500000, 0x0000000085500000| Untracked 
|  56|0x0000000085600000, 0x0000000085600000, 0x0000000085700000|  0%| F|  |TAMS 0x0000000085600000, 0x0000000085600000| Untracked 
|  57|0x0000000085700000, 0x0000000085700000, 0x0000000085800000|  0%| F|  |TAMS 0x0000000085700000, 0x0000000085700000| Untracked 
|  58|0x0000000085800000, 0x0000000085800000, 0x0000000085900000|  0%| F|  |TAMS 0x0000000085800000, 0x0000000085800000| Untracked 
|  59|0x0000000085900000, 0x0000000085900000, 0x0000000085a00000|  0%| F|  |TAMS 0x0000000085900000, 0x0000000085900000| Untracked 
|  60|0x0000000085a00000, 0x0000000085a7f110, 0x0000000085b00000| 49%| S|CS|TAMS 0x0000000085a00000, 0x0000000085a00000| Complete 
|  61|0x0000000085b00000, 0x0000000085c00000, 0x0000000085c00000|100%| S|CS|TAMS 0x0000000085b00000, 0x0000000085b00000| Complete 
|  62|0x0000000085c00000, 0x0000000085c00000, 0x0000000085d00000|  0%| F|  |TAMS 0x0000000085c00000, 0x0000000085c00000| Untracked 
|  63|0x0000000085d00000, 0x0000000085d00000, 0x0000000085e00000|  0%| F|  |TAMS 0x0000000085d00000, 0x0000000085d00000| Untracked 
|  64|0x0000000085e00000, 0x0000000085e00000, 0x0000000085f00000|  0%| F|  |TAMS 0x0000000085e00000, 0x0000000085e00000| Untracked 
|  65|0x0000000085f00000, 0x0000000085f00000, 0x0000000086000000|  0%| F|  |TAMS 0x0000000085f00000, 0x0000000085f00000| Untracked 
|  66|0x0000000086000000, 0x0000000086000000, 0x0000000086100000|  0%| F|  |TAMS 0x0000000086000000, 0x0000000086000000| Untracked 
|  67|0x0000000086100000, 0x0000000086100000, 0x0000000086200000|  0%| F|  |TAMS 0x0000000086100000, 0x0000000086100000| Untracked 
|  68|0x0000000086200000, 0x0000000086200000, 0x0000000086300000|  0%| F|  |TAMS 0x0000000086200000, 0x0000000086200000| Untracked 
|  69|0x0000000086300000, 0x0000000086300000, 0x0000000086400000|  0%| F|  |TAMS 0x0000000086300000, 0x0000000086300000| Untracked 
|  70|0x0000000086400000, 0x0000000086400000, 0x0000000086500000|  0%| F|  |TAMS 0x0000000086400000, 0x0000000086400000| Untracked 
|  71|0x0000000086500000, 0x0000000086500000, 0x0000000086600000|  0%| F|  |TAMS 0x0000000086500000, 0x0000000086500000| Untracked 
|  72|0x0000000086600000, 0x0000000086600000, 0x0000000086700000|  0%| F|  |TAMS 0x0000000086600000, 0x0000000086600000| Untracked 
|  73|0x0000000086700000, 0x0000000086700000, 0x0000000086800000|  0%| F|  |TAMS 0x0000000086700000, 0x0000000086700000| Untracked 
|  74|0x0000000086800000, 0x0000000086800000, 0x0000000086900000|  0%| F|  |TAMS 0x0000000086800000, 0x0000000086800000| Untracked 
|  75|0x0000000086900000, 0x0000000086900000, 0x0000000086a00000|  0%| F|  |TAMS 0x0000000086900000, 0x0000000086900000| Untracked 
|  76|0x0000000086a00000, 0x0000000086a00000, 0x0000000086b00000|  0%| F|  |TAMS 0x0000000086a00000, 0x0000000086a00000| Untracked 
|  77|0x0000000086b00000, 0x0000000086b00000, 0x0000000086c00000|  0%| F|  |TAMS 0x0000000086b00000, 0x0000000086b00000| Untracked 
|  78|0x0000000086c00000, 0x0000000086c00000, 0x0000000086d00000|  0%| F|  |TAMS 0x0000000086c00000, 0x0000000086c00000| Untracked 
|  79|0x0000000086d00000, 0x0000000086d00000, 0x0000000086e00000|  0%| F|  |TAMS 0x0000000086d00000, 0x0000000086d00000| Untracked 
|  80|0x0000000086e00000, 0x0000000086e00000, 0x0000000086f00000|  0%| F|  |TAMS 0x0000000086e00000, 0x0000000086e00000| Untracked 
|  81|0x0000000086f00000, 0x0000000086f00000, 0x0000000087000000|  0%| F|  |TAMS 0x0000000086f00000, 0x0000000086f00000| Untracked 
|  82|0x0000000087000000, 0x0000000087000000, 0x0000000087100000|  0%| F|  |TAMS 0x0000000087000000, 0x0000000087000000| Untracked 
|  83|0x0000000087100000, 0x0000000087100000, 0x0000000087200000|  0%| F|  |TAMS 0x0000000087100000, 0x0000000087100000| Untracked 
|  84|0x0000000087200000, 0x0000000087200000, 0x0000000087300000|  0%| F|  |TAMS 0x0000000087200000, 0x0000000087200000| Untracked 
|  85|0x0000000087300000, 0x0000000087300000, 0x0000000087400000|  0%| F|  |TAMS 0x0000000087300000, 0x0000000087300000| Untracked 
|  86|0x0000000087400000, 0x0000000087400000, 0x0000000087500000|  0%| F|  |TAMS 0x0000000087400000, 0x0000000087400000| Untracked 
|  87|0x0000000087500000, 0x0000000087500000, 0x0000000087600000|  0%| F|  |TAMS 0x0000000087500000, 0x0000000087500000| Untracked 
|  88|0x0000000087600000, 0x0000000087600000, 0x0000000087700000|  0%| F|  |TAMS 0x0000000087600000, 0x0000000087600000| Untracked 
|  89|0x0000000087700000, 0x0000000087700000, 0x0000000087800000|  0%| F|  |TAMS 0x0000000087700000, 0x0000000087700000| Untracked 
|  90|0x0000000087800000, 0x0000000087800000, 0x0000000087900000|  0%| F|  |TAMS 0x0000000087800000, 0x0000000087800000| Untracked 
|  91|0x0000000087900000, 0x0000000087900000, 0x0000000087a00000|  0%| F|  |TAMS 0x0000000087900000, 0x0000000087900000| Untracked 
|  92|0x0000000087a00000, 0x0000000087a00000, 0x0000000087b00000|  0%| F|  |TAMS 0x0000000087a00000, 0x0000000087a00000| Untracked 
|  93|0x0000000087b00000, 0x0000000087b00000, 0x0000000087c00000|  0%| F|  |TAMS 0x0000000087b00000, 0x0000000087b00000| Untracked 
|  94|0x0000000087c00000, 0x0000000087c00000, 0x0000000087d00000|  0%| F|  |TAMS 0x0000000087c00000, 0x0000000087c00000| Untracked 
|  95|0x0000000087d00000, 0x0000000087d00000, 0x0000000087e00000|  0%| F|  |TAMS 0x0000000087d00000, 0x0000000087d00000| Untracked 
|  96|0x0000000087e00000, 0x0000000087e00000, 0x0000000087f00000|  0%| F|  |TAMS 0x0000000087e00000, 0x0000000087e00000| Untracked 
|  97|0x0000000087f00000, 0x0000000087f00000, 0x0000000088000000|  0%| F|  |TAMS 0x0000000087f00000, 0x0000000087f00000| Untracked 
|  98|0x0000000088000000, 0x0000000088000000, 0x0000000088100000|  0%| F|  |TAMS 0x0000000088000000, 0x0000000088000000| Untracked 
|  99|0x0000000088100000, 0x0000000088100000, 0x0000000088200000|  0%| F|  |TAMS 0x0000000088100000, 0x0000000088100000| Untracked 
| 100|0x0000000088200000, 0x0000000088200000, 0x0000000088300000|  0%| F|  |TAMS 0x0000000088200000, 0x0000000088200000| Untracked 
| 101|0x0000000088300000, 0x0000000088300000, 0x0000000088400000|  0%| F|  |TAMS 0x0000000088300000, 0x0000000088300000| Untracked 
| 102|0x0000000088400000, 0x0000000088400000, 0x0000000088500000|  0%| F|  |TAMS 0x0000000088400000, 0x0000000088400000| Untracked 
| 103|0x0000000088500000, 0x0000000088500000, 0x0000000088600000|  0%| F|  |TAMS 0x0000000088500000, 0x0000000088500000| Untracked 
| 104|0x0000000088600000, 0x0000000088600000, 0x0000000088700000|  0%| F|  |TAMS 0x0000000088600000, 0x0000000088600000| Untracked 
| 105|0x0000000088700000, 0x0000000088700000, 0x0000000088800000|  0%| F|  |TAMS 0x0000000088700000, 0x0000000088700000| Untracked 
| 106|0x0000000088800000, 0x0000000088800000, 0x0000000088900000|  0%| F|  |TAMS 0x0000000088800000, 0x0000000088800000| Untracked 
| 107|0x0000000088900000, 0x0000000088900000, 0x0000000088a00000|  0%| F|  |TAMS 0x0000000088900000, 0x0000000088900000| Untracked 
| 108|0x0000000088a00000, 0x0000000088a00000, 0x0000000088b00000|  0%| F|  |TAMS 0x0000000088a00000, 0x0000000088a00000| Untracked 
| 109|0x0000000088b00000, 0x0000000088b00000, 0x0000000088c00000|  0%| F|  |TAMS 0x0000000088b00000, 0x0000000088b00000| Untracked 
| 110|0x0000000088c00000, 0x0000000088c00000, 0x0000000088d00000|  0%| F|  |TAMS 0x0000000088c00000, 0x0000000088c00000| Untracked 
| 111|0x0000000088d00000, 0x0000000088d00000, 0x0000000088e00000|  0%| F|  |TAMS 0x0000000088d00000, 0x0000000088d00000| Untracked 
| 112|0x0000000088e00000, 0x0000000088e00000, 0x0000000088f00000|  0%| F|  |TAMS 0x0000000088e00000, 0x0000000088e00000| Untracked 
| 113|0x0000000088f00000, 0x0000000088f00000, 0x0000000089000000|  0%| F|  |TAMS 0x0000000088f00000, 0x0000000088f00000| Untracked 
| 114|0x0000000089000000, 0x0000000089000000, 0x0000000089100000|  0%| F|  |TAMS 0x0000000089000000, 0x0000000089000000| Untracked 
| 115|0x0000000089100000, 0x0000000089100000, 0x0000000089200000|  0%| F|  |TAMS 0x0000000089100000, 0x0000000089100000| Untracked 
| 116|0x0000000089200000, 0x0000000089200000, 0x0000000089300000|  0%| F|  |TAMS 0x0000000089200000, 0x0000000089200000| Untracked 
| 117|0x0000000089300000, 0x0000000089300000, 0x0000000089400000|  0%| F|  |TAMS 0x0000000089300000, 0x0000000089300000| Untracked 
| 118|0x0000000089400000, 0x0000000089400000, 0x0000000089500000|  0%| F|  |TAMS 0x0000000089400000, 0x0000000089400000| Untracked 
| 119|0x0000000089500000, 0x0000000089500000, 0x0000000089600000|  0%| F|  |TAMS 0x0000000089500000, 0x0000000089500000| Untracked 
| 120|0x0000000089600000, 0x0000000089600000, 0x0000000089700000|  0%| F|  |TAMS 0x0000000089600000, 0x0000000089600000| Untracked 
| 121|0x0000000089700000, 0x0000000089700000, 0x0000000089800000|  0%| F|  |TAMS 0x0000000089700000, 0x0000000089700000| Untracked 
| 122|0x0000000089800000, 0x0000000089800000, 0x0000000089900000|  0%| F|  |TAMS 0x0000000089800000, 0x0000000089800000| Untracked 
| 123|0x0000000089900000, 0x0000000089900000, 0x0000000089a00000|  0%| F|  |TAMS 0x0000000089900000, 0x0000000089900000| Untracked 
| 124|0x0000000089a00000, 0x0000000089a00000, 0x0000000089b00000|  0%| F|  |TAMS 0x0000000089a00000, 0x0000000089a00000| Untracked 
| 125|0x0000000089b00000, 0x0000000089b00000, 0x0000000089c00000|  0%| F|  |TAMS 0x0000000089b00000, 0x0000000089b00000| Untracked 
| 126|0x0000000089c00000, 0x0000000089c00000, 0x0000000089d00000|  0%| F|  |TAMS 0x0000000089c00000, 0x0000000089c00000| Untracked 
| 127|0x0000000089d00000, 0x0000000089d00000, 0x0000000089e00000|  0%| F|  |TAMS 0x0000000089d00000, 0x0000000089d00000| Untracked 

Card table byte_map: [0x0000026262980000,0x0000026262d80000] _byte_map_base: 0x0000026262571000

Marking Bits (Prev, Next): (CMBitMap*) 0x000002624bd4bcc0, (CMBitMap*) 0x000002624bd4bd00
 Prev Bits: [0x0000026263180000, 0x0000026265108000)
 Next Bits: [0x0000026265110000, 0x0000026267098000)

Polling page: 0x0000026249b00000

Metaspace:

Usage:
  Non-class:     66.54 MB used.
      Class:     10.63 MB used.
       Both:     77.17 MB used.

Virtual space:
  Non-class space:      128.00 MB reserved,      66.88 MB ( 52%) committed,  2 nodes.
      Class space:        1.00 GB reserved,      10.88 MB (  1%) committed,  1 nodes.
             Both:        1.12 GB reserved,      77.75 MB (  7%) committed. 

Chunk freelists:
   Non-Class:  12.78 MB
       Class:  5.13 MB
        Both:  17.91 MB

MaxMetaspaceSize: unlimited
CompressedClassSpaceSize: 1.00 GB
Initial GC threshold: 21.00 MB
Current GC threshold: 127.12 MB
CDS: on
MetaspaceReclaimPolicy: balanced
 - commit_granule_bytes: 65536.
 - commit_granule_words: 8192.
 - virtual_space_node_default_size: 8388608.
 - enlarge_chunks_in_place: 1.
 - new_chunks_are_fully_committed: 0.
 - uncommit_free_chunks: 1.
 - use_allocation_guard: 0.
 - handle_deallocations: 1.


Internal statistics:

num_allocs_failed_limit: 9.
num_arena_births: 846.
num_arena_deaths: 0.
num_vsnodes_births: 3.
num_vsnodes_deaths: 0.
num_space_committed: 1244.
num_space_uncommitted: 0.
num_chunks_returned_to_freelist: 9.
num_chunks_taken_from_freelist: 3700.
num_chunk_merges: 6.
num_chunk_splits: 2673.
num_chunks_enlarged: 2101.
num_inconsistent_stats: 0.

CodeHeap 'non-profiled nmethods': size=120000Kb used=4092Kb max_used=4972Kb free=115907Kb
 bounds [0x000002625b050000, 0x000002625b530000, 0x0000026262580000]
CodeHeap 'profiled nmethods': size=120000Kb used=12587Kb max_used=14186Kb free=107413Kb
 bounds [0x0000026253580000, 0x0000026254360000, 0x000002625aab0000]
CodeHeap 'non-nmethods': size=5760Kb used=1364Kb max_used=1448Kb free=4395Kb
 bounds [0x000002625aab0000, 0x000002625ad20000, 0x000002625b050000]
 total_blobs=6886 nmethods=6188 adapters=608
 compilation: enabled
              stopped_count=0, restarted_count=0
 full_count=0

Compilation events (20 events):
Event: 22.044 Thread 0x0000026269558e00 7494       2       sun.reflect.annotation.AnnotatedTypeFactory::nestingForType (125 bytes)
Event: 22.045 Thread 0x0000026269558e00 nmethod 7494 0x00000262536e2410 code [0x00000262536e2680, 0x00000262536e2e08]
Event: 22.045 Thread 0x0000026269558e00 7495       2       sun.reflect.annotation.AnnotatedTypeFactory::buildAnnotatedType (154 bytes)
Event: 22.047 Thread 0x0000026269558e00 nmethod 7495 0x000002625376b510 code [0x000002625376b7e0, 0x000002625376c378]
Event: 22.047 Thread 0x0000026269558e00 7496       2       org.hibernate.validator.internal.properties.javabean.JavaBeanExecutable::getDeclaringClass (8 bytes)
Event: 22.047 Thread 0x0000026269558e00 nmethod 7496 0x0000026253604010 code [0x00000262536041a0, 0x00000262536042c8]
Event: 22.068 Thread 0x0000026269558e00 7497       2       org.aspectj.apache.bcel.util.ClassLoaderRepository::toURL (69 bytes)
Event: 22.069 Thread 0x0000026269558e00 nmethod 7497 0x0000026253752210 code [0x0000026253752420, 0x0000026253752868]
Event: 22.074 Thread 0x0000026269558e00 7498       2       org.springframework.beans.factory.annotation.InitDestroyAnnotationBeanPostProcessor::buildLifecycleMetadata (155 bytes)
Event: 22.076 Thread 0x0000026269558e00 nmethod 7498 0x0000026253774790 code [0x00000262537749e0, 0x0000026253775488]
Event: 22.076 Thread 0x0000026269558e00 7499       2       org.aspectj.apache.bcel.util.ClassLoaderRepository::storeClassAsReference (46 bytes)
Event: 22.076 Thread 0x0000026269558e00 nmethod 7499 0x000002625384d310 code [0x000002625384d4e0, 0x000002625384d898]
Event: 22.094 Thread 0x0000026269558e00 7501       2       org.springframework.core.annotation.AnnotationTypeMappings$Cache$$Lambda$104/0x00000262010e8000::apply (16 bytes)
Event: 22.094 Thread 0x0000026269558e00 nmethod 7501 0x00000262537b0810 code [0x00000262537b09c0, 0x00000262537b0b28]
Event: 22.094 Thread 0x0000026269558e00 7502       2       org.springframework.core.annotation.AnnotationTypeMappings$Cache::lambda$get$0 (7 bytes)
Event: 22.094 Thread 0x0000026269558e00 nmethod 7502 0x0000026253771a90 code [0x0000026253771c20, 0x0000026253771d48]
Event: 22.094 Thread 0x0000026269558e00 7503       2       org.springframework.core.annotation.AnnotationTypeMappings$Cache::createMappings (18 bytes)
Event: 22.095 Thread 0x0000026269558e00 nmethod 7503 0x000002625388bd90 code [0x000002625388bf20, 0x000002625388c0c8]
Event: 22.139 Thread 0x0000026269558e00 7505       2       org.springframework.context.support.PostProcessorRegistrationDelegate$BeanPostProcessorChecker::isInfrastructureBean (46 bytes)
Event: 22.140 Thread 0x0000026269558e00 nmethod 7505 0x0000026253ab5f90 code [0x0000026253ab6160, 0x0000026253ab64c8]

GC Heap History (20 events):
Event: 15.109 GC heap after
{Heap after GC invocations=16 (full 0):
 garbage-first heap   total 82944K, used 38082K [0x0000000081e00000, 0x0000000100000000)
  region size 1024K, 3 young (3072K), 3 survivors (3072K)
 Metaspace       used 50483K, committed 51008K, reserved 1114112K
  class space    used 6812K, committed 7040K, reserved 1048576K
}
Event: 16.597 GC heap before
{Heap before GC invocations=16 (full 0):
 garbage-first heap   total 82944K, used 64706K [0x0000000081e00000, 0x0000000100000000)
  region size 1024K, 29 young (29696K), 3 survivors (3072K)
 Metaspace       used 59538K, committed 60096K, reserved 1114112K
  class space    used 7925K, committed 8192K, reserved 1048576K
}
Event: 16.606 GC heap after
{Heap after GC invocations=17 (full 0):
 garbage-first heap   total 82944K, used 40802K [0x0000000081e00000, 0x0000000100000000)
  region size 1024K, 4 young (4096K), 4 survivors (4096K)
 Metaspace       used 59538K, committed 60096K, reserved 1114112K
  class space    used 7925K, committed 8192K, reserved 1048576K
}
Event: 17.513 GC heap before
{Heap before GC invocations=17 (full 0):
 garbage-first heap   total 82944K, used 64354K [0x0000000081e00000, 0x0000000100000000)
  region size 1024K, 28 young (28672K), 4 survivors (4096K)
 Metaspace       used 66243K, committed 66752K, reserved 1114112K
  class space    used 8881K, committed 9152K, reserved 1048576K
}
Event: 17.522 GC heap after
{Heap after GC invocations=18 (full 0):
 garbage-first heap   total 82944K, used 42102K [0x0000000081e00000, 0x0000000100000000)
  region size 1024K, 2 young (2048K), 2 survivors (2048K)
 Metaspace       used 66243K, committed 66752K, reserved 1114112K
  class space    used 8881K, committed 9152K, reserved 1048576K
}
Event: 18.594 GC heap before
{Heap before GC invocations=19 (full 0):
 garbage-first heap   total 82944K, used 64630K [0x0000000081e00000, 0x0000000100000000)
  region size 1024K, 25 young (25600K), 2 survivors (2048K)
 Metaspace       used 71017K, committed 71552K, reserved 1114112K
  class space    used 9705K, committed 9984K, reserved 1048576K
}
Event: 18.601 GC heap after
{Heap after GC invocations=20 (full 0):
 garbage-first heap   total 82944K, used 43229K [0x0000000081e00000, 0x0000000100000000)
  region size 1024K, 3 young (3072K), 3 survivors (3072K)
 Metaspace       used 71017K, committed 71552K, reserved 1114112K
  class space    used 9705K, committed 9984K, reserved 1048576K
}
Event: 18.618 GC heap before
{Heap before GC invocations=20 (full 0):
 garbage-first heap   total 82944K, used 44253K [0x0000000081e00000, 0x0000000100000000)
  region size 1024K, 4 young (4096K), 3 survivors (3072K)
 Metaspace       used 71017K, committed 71552K, reserved 1114112K
  class space    used 9705K, committed 9984K, reserved 1048576K
}
Event: 18.623 GC heap after
{Heap after GC invocations=21 (full 0):
 garbage-first heap   total 82944K, used 43422K [0x0000000081e00000, 0x0000000100000000)
  region size 1024K, 1 young (1024K), 1 survivors (1024K)
 Metaspace       used 71017K, committed 71552K, reserved 1114112K
  class space    used 9705K, committed 9984K, reserved 1048576K
}
Event: 19.408 GC heap before
{Heap before GC invocations=21 (full 0):
 garbage-first heap   total 82944K, used 66974K [0x0000000081e00000, 0x0000000100000000)
  region size 1024K, 24 young (24576K), 1 survivors (1024K)
 Metaspace       used 74701K, committed 75328K, reserved 1114112K
  class space    used 10196K, committed 10496K, reserved 1048576K
}
Event: 19.413 GC heap after
{Heap after GC invocations=22 (full 0):
 garbage-first heap   total 82944K, used 44716K [0x0000000081e00000, 0x0000000100000000)
  region size 1024K, 2 young (2048K), 2 survivors (2048K)
 Metaspace       used 74701K, committed 75328K, reserved 1114112K
  class space    used 10196K, committed 10496K, reserved 1048576K
}
Event: 20.314 GC heap before
{Heap before GC invocations=23 (full 0):
 garbage-first heap   total 82944K, used 68268K [0x0000000081e00000, 0x0000000100000000)
  region size 1024K, 25 young (25600K), 2 survivors (2048K)
 Metaspace       used 75777K, committed 76416K, reserved 1179648K
  class space    used 10384K, committed 10688K, reserved 1048576K
}
Event: 20.322 GC heap after
{Heap after GC invocations=24 (full 0):
 garbage-first heap   total 82944K, used 46468K [0x0000000081e00000, 0x0000000100000000)
  region size 1024K, 4 young (4096K), 4 survivors (4096K)
 Metaspace       used 75777K, committed 76416K, reserved 1179648K
  class space    used 10384K, committed 10688K, reserved 1048576K
}
Event: 20.924 GC heap before
{Heap before GC invocations=24 (full 0):
 garbage-first heap   total 82944K, used 67972K [0x0000000081e00000, 0x0000000100000000)
  region size 1024K, 25 young (25600K), 4 survivors (4096K)
 Metaspace       used 77432K, committed 78016K, reserved 1179648K
  class space    used 10614K, committed 10880K, reserved 1048576K
}
Event: 20.933 GC heap after
{Heap after GC invocations=25 (full 0):
 garbage-first heap   total 82944K, used 48226K [0x0000000081e00000, 0x0000000100000000)
  region size 1024K, 4 young (4096K), 4 survivors (4096K)
 Metaspace       used 77432K, committed 78016K, reserved 1179648K
  class space    used 10614K, committed 10880K, reserved 1048576K
}
Event: 21.455 GC heap before
{Heap before GC invocations=26 (full 0):
 garbage-first heap   total 87040K, used 67682K [0x0000000081e00000, 0x0000000100000000)
  region size 1024K, 23 young (23552K), 4 survivors (4096K)
 Metaspace       used 78139K, committed 78720K, reserved 1179648K
  class space    used 10726K, committed 11008K, reserved 1048576K
}
Event: 21.463 GC heap after
{Heap after GC invocations=27 (full 0):
 garbage-first heap   total 87040K, used 49537K [0x0000000081e00000, 0x0000000100000000)
  region size 1024K, 2 young (2048K), 2 survivors (2048K)
 Metaspace       used 78139K, committed 78720K, reserved 1179648K
  class space    used 10726K, committed 11008K, reserved 1048576K
}
Event: 21.509 GC heap before
{Heap before GC invocations=27 (full 0):
 garbage-first heap   total 87040K, used 51585K [0x0000000081e00000, 0x0000000100000000)
  region size 1024K, 4 young (4096K), 2 survivors (2048K)
 Metaspace       used 78151K, committed 78720K, reserved 1179648K
  class space    used 10728K, committed 11008K, reserved 1048576K
}
Event: 21.514 GC heap after
{Heap after GC invocations=28 (full 0):
 garbage-first heap   total 87040K, used 49347K [0x0000000081e00000, 0x0000000100000000)
  region size 1024K, 1 young (1024K), 1 survivors (1024K)
 Metaspace       used 78151K, committed 78720K, reserved 1179648K
  class space    used 10728K, committed 11008K, reserved 1048576K
}
Event: 22.143 GC heap before
{Heap before GC invocations=28 (full 0):
 garbage-first heap   total 87040K, used 71875K [0x0000000081e00000, 0x0000000100000000)
  region size 1024K, 23 young (23552K), 1 survivors (1024K)
 Metaspace       used 79021K, committed 79616K, reserved 1179648K
  class space    used 10882K, committed 11136K, reserved 1048576K
}

Deoptimization events (20 events):
Event: 21.717 Thread 0x000002626ecd2f20 Uncommon trap: trap_request=0xffffffde fr.pc=0x000002625b50a208 relative=0x0000000000000168
Event: 21.717 Thread 0x000002626ecd2f20 Uncommon trap: reason=class_check action=maybe_recompile pc=0x000002625b50a208 method=java.lang.reflect.Method.equals(Ljava/lang/Object;)Z @ 1 c2
Event: 21.717 Thread 0x000002626ecd2f20 DEOPT PACKING pc=0x000002625b50a208 sp=0x000000d9943fa1c0
Event: 21.717 Thread 0x000002626ecd2f20 DEOPT UNPACKING pc=0x000002625ab023a3 sp=0x000000d9943fa148 mode 2
Event: 21.776 Thread 0x000002626ecd2f20 DEOPT PACKING pc=0x00000262542502b3 sp=0x000000d9943fb4b0
Event: 21.776 Thread 0x000002626ecd2f20 DEOPT UNPACKING pc=0x000002625ab02b43 sp=0x000000d9943faa70 mode 0
Event: 21.912 Thread 0x000002626ecd2f20 Uncommon trap: trap_request=0xffffff45 fr.pc=0x000002625b2c5550 relative=0x0000000000000210
Event: 21.912 Thread 0x000002626ecd2f20 Uncommon trap: reason=unstable_if action=reinterpret pc=0x000002625b2c5550 method=org.springframework.beans.factory.support.AbstractAutowireCapableBeanFactory.determineTargetType(Ljava/lang/String;Lorg/springframework/beans/factory/support/RootBeanDefinit
Event: 21.912 Thread 0x000002626ecd2f20 DEOPT PACKING pc=0x000002625b2c5550 sp=0x000000d9943fcf10
Event: 21.913 Thread 0x000002626ecd2f20 DEOPT UNPACKING pc=0x000002625ab023a3 sp=0x000000d9943fcec8 mode 2
Event: 21.926 Thread 0x000002626ecd2f20 Uncommon trap: trap_request=0xffffff45 fr.pc=0x000002625b05a9b0 relative=0x00000000000001b0
Event: 21.926 Thread 0x000002626ecd2f20 Uncommon trap: reason=unstable_if action=reinterpret pc=0x000002625b05a9b0 method=java.lang.String.isLatin1()Z @ 10 c2
Event: 21.926 Thread 0x000002626ecd2f20 DEOPT PACKING pc=0x000002625b05a9b0 sp=0x000000d9943fbbb0
Event: 21.926 Thread 0x000002626ecd2f20 DEOPT UNPACKING pc=0x000002625ab023a3 sp=0x000000d9943fbae0 mode 2
Event: 22.074 Thread 0x000002626ecd2f20 Uncommon trap: trap_request=0xffffffde fr.pc=0x000002625b50a208 relative=0x0000000000000168
Event: 22.074 Thread 0x000002626ecd2f20 Uncommon trap: reason=class_check action=maybe_recompile pc=0x000002625b50a208 method=java.lang.reflect.Method.equals(Ljava/lang/Object;)Z @ 1 c2
Event: 22.074 Thread 0x000002626ecd2f20 DEOPT PACKING pc=0x000002625b50a208 sp=0x000000d9943fd310
Event: 22.074 Thread 0x000002626ecd2f20 DEOPT UNPACKING pc=0x000002625ab023a3 sp=0x000000d9943fd298 mode 2
Event: 22.138 Thread 0x000002626ecd2f20 DEOPT PACKING pc=0x00000262542502b3 sp=0x000000d9943fc650
Event: 22.138 Thread 0x000002626ecd2f20 DEOPT UNPACKING pc=0x000002625ab02b43 sp=0x000000d9943fbbf0 mode 0

Classes unloaded (0 events):
No events

Classes redefined (0 events):
No events

Internal exceptions (20 events):
Event: 19.228 Thread 0x000002626ecd2f20 Exception <a 'java/lang/reflect/InvocationTargetException'{0x0000000085cc5e50}> (0x0000000085cc5e50) 
thrown [s\open\src\hotspot\share\runtime\reflection.cpp, line 1121]
Event: 19.243 Thread 0x000002626ecd2f20 Exception <a 'java/lang/NoSuchMethodError'{0x0000000085b2c300}: 'int java.lang.invoke.DirectMethodHandle$Holder.invokeStatic(java.lang.Object, java.lang.Object, int)'> (0x0000000085b2c300) 
thrown [s\open\src\hotspot\share\interpreter\linkResolver.cpp, line 759]
Event: 19.264 Thread 0x000002626ecd2f20 Exception <a 'java/lang/IncompatibleClassChangeError'{0x0000000085b8ad58}: Found class java.lang.Object, but interface was expected> (0x0000000085b8ad58) 
thrown [s\open\src\hotspot\share\interpreter\linkResolver.cpp, line 826]
Event: 19.265 Thread 0x000002626ecd2f20 Exception <a 'java/lang/IncompatibleClassChangeError'{0x0000000085b91610}: Found class java.lang.Object, but interface was expected> (0x0000000085b91610) 
thrown [s\open\src\hotspot\share\interpreter\linkResolver.cpp, line 826]
Event: 19.343 Thread 0x000002626ecd2f20 Exception <a 'java/lang/NoSuchMethodError'{0x0000000085942b70}: 'java.lang.Object java.lang.invoke.DirectMethodHandle$Holder.invokeStatic(java.lang.Object, int, java.lang.Object)'> (0x0000000085942b70) 
thrown [s\open\src\hotspot\share\interpreter\linkResolver.cpp, line 759]
Event: 19.354 Thread 0x000002626ecd2f20 Exception <a 'java/lang/reflect/InvocationTargetException'{0x0000000085990f68}> (0x0000000085990f68) 
thrown [s\open\src\hotspot\share\runtime\reflection.cpp, line 1121]
Event: 19.514 Thread 0x000002626ecd2f20 Exception <a 'java/lang/reflect/InvocationTargetException'{0x0000000086c18f88}> (0x0000000086c18f88) 
thrown [s\open\src\hotspot\share\runtime\reflection.cpp, line 1121]
Event: 19.680 Thread 0x000002626ecd2f20 Exception <a 'java/lang/NoSuchMethodError'{0x0000000086919d10}: 'java.lang.Object java.lang.invoke.DirectMethodHandle$Holder.newInvokeSpecial(java.lang.Object, java.lang.Object, int, java.lang.Object, java.lang.Object)'> (0x0000000086919d10) 
thrown [s\open\src\hotspot\share\interpreter\linkResolver.cpp, line 759]
Event: 19.682 Thread 0x000002626ecd2f20 Implicit null exception at 0x000002625b1e24d6 to 0x000002625b1e271c
Event: 19.862 Thread 0x000002626ecd2f20 Exception <a 'java/net/BindException'{0x0000000086274c58}: Address already in use: bind> (0x0000000086274c58) 
thrown [s\open\src\hotspot\share\prims\jni.cpp, line 535]
Event: 19.862 Thread 0x000002626ecd2f20 Exception <a 'java/net/SocketException'{0x0000000086275890}: Socket is not connected: shutdown> (0x0000000086275890) 
thrown [s\open\src\hotspot\share\prims\jni.cpp, line 535]
Event: 20.219 Thread 0x000002626ecd2f20 Exception <a 'java/lang/IncompatibleClassChangeError'{0x0000000085a6cda0}: Found class java.lang.Object, but interface was expected> (0x0000000085a6cda0) 
thrown [s\open\src\hotspot\share\interpreter\linkResolver.cpp, line 826]
Event: 20.256 Thread 0x000002626ecd2f20 Exception <a 'java/lang/NoSuchMethodError'{0x000000008592e588}: 'java.lang.Object java.lang.invoke.DirectMethodHandle$Holder.invokeStatic(java.lang.Object, int, java.lang.Object, java.lang.Object, java.lang.Object)'> (0x000000008592e588) 
thrown [s\open\src\hotspot\share\interpreter\linkResolver.cpp, line 759]
Event: 20.292 Thread 0x000002626ecd2f20 Exception <a 'java/lang/reflect/InvocationTargetException'{0x0000000085864360}> (0x0000000085864360) 
thrown [s\open\src\hotspot\share\runtime\reflection.cpp, line 1121]
Event: 21.023 Thread 0x000002626ecd2f20 Exception <a 'sun/nio/fs/WindowsException'{0x0000000086dfe8b0}> (0x0000000086dfe8b0) 
thrown [s\open\src\hotspot\share\prims\jni.cpp, line 516]
Event: 21.228 Thread 0x000002626ecd2f20 Exception <a 'java/lang/IncompatibleClassChangeError'{0x000000008680f4a8}: Found class java.lang.Object, but interface was expected> (0x000000008680f4a8) 
thrown [s\open\src\hotspot\share\interpreter\linkResolver.cpp, line 826]
Event: 21.320 Thread 0x000002626ecd2f20 Exception <a 'java/lang/NoSuchMethodError'{0x00000000865437e8}: 'java.lang.Object java.lang.invoke.DirectMethodHandle$Holder.newInvokeSpecial(java.lang.Object, java.lang.Object, java.lang.Object, java.lang.Object, java.lang.Object, java.lang.Object, java.lang.Object, java.lang.Object, java.lang.Object)'> (0x00000000865437e8) 
thrown [s\open\src\hotspot\share\interpreter\linkResolver.cpp, line 759]
Event: 21.321 Thread 0x000002626ecd2f20 Exception <a 'java/lang/NoSuchMethodError'{0x0000000086548cd8}: 'java.lang.Object java.lang.invoke.Invokers$Holder.linkToTargetMethod(java.lang.Object, java.lang.Object, java.lang.Object, java.lang.Object, java.lang.Object, java.lang.Object, java.lang.Object, java.lang.Object, java.lang.Object)'> (0x0000000086548cd8) 
thrown [s\open\src\hotspot\share\interpreter\linkResolver.cpp, line 759]
Event: 21.339 Thread 0x000002626ecd2f20 Exception <a 'java/lang/NoSuchMethodError'{0x0000000086401c40}: 'int java.lang.invoke.DirectMethodHandle$Holder.invokeStatic(java.lang.Object, java.lang.Object, java.lang.Object, java.lang.Object, java.lang.Object)'> (0x0000000086401c40) 
thrown [s\open\src\hotspot\share\interpreter\linkResolver.cpp, line 759]
Event: 22.035 Thread 0x000002626ecd2f20 Exception <a 'java/lang/NoSuchMethodError'{0x0000000085fc9b20}: 'java.lang.Object java.lang.invoke.DirectMethodHandle$Holder.invokeInterface(java.lang.Object, java.lang.Object, java.lang.Object, java.lang.Object)'> (0x0000000085fc9b20) 
thrown [s\open\src\hotspot\share\interpreter\linkResolver.cpp, line 759]

VM Operations (20 events):
Event: 20.934 Executing VM operation: G1CollectForAllocation done
Event: 21.056 Executing VM operation: G1Concurrent
Event: 21.061 Executing VM operation: G1Concurrent done
Event: 21.120 Executing VM operation: G1Concurrent
Event: 21.120 Executing VM operation: G1Concurrent done
Event: 21.419 Executing VM operation: HandshakeAllThreads
Event: 21.419 Executing VM operation: HandshakeAllThreads done
Event: 21.455 Executing VM operation: G1CollectForAllocation
Event: 21.463 Executing VM operation: G1CollectForAllocation done
Event: 21.490 Executing VM operation: HandshakeAllThreads
Event: 21.490 Executing VM operation: HandshakeAllThreads done
Event: 21.492 Executing VM operation: HandshakeAllThreads
Event: 21.492 Executing VM operation: HandshakeAllThreads done
Event: 21.509 Executing VM operation: G1CollectForAllocation
Event: 21.514 Executing VM operation: G1CollectForAllocation done
Event: 21.636 Executing VM operation: HandshakeAllThreads
Event: 21.636 Executing VM operation: HandshakeAllThreads done
Event: 22.010 Executing VM operation: HandshakeAllThreads
Event: 22.011 Executing VM operation: HandshakeAllThreads done
Event: 22.143 Executing VM operation: G1CollectForAllocation

Events (20 events):
Event: 22.024 Thread 0x000002626955b810 flushing nmethod 0x000002625405ba90
Event: 22.024 Thread 0x000002626955b810 flushing nmethod 0x000002625405c590
Event: 22.024 Thread 0x000002626955b810 flushing nmethod 0x000002625405d890
Event: 22.025 Thread 0x000002626955b810 flushing nmethod 0x000002625406c990
Event: 22.025 Thread 0x000002626955b810 flushing nmethod 0x00000262540e6d90
Event: 22.025 Thread 0x000002626955b810 flushing nmethod 0x000002625412d490
Event: 22.025 Thread 0x000002626955b810 flushing nmethod 0x000002625413c590
Event: 22.025 Thread 0x000002626955b810 flushing nmethod 0x0000026254161d10
Event: 22.025 Thread 0x000002626955b810 flushing nmethod 0x0000026254173410
Event: 22.026 Thread 0x000002626955b810 flushing nmethod 0x00000262541d3f90
Event: 22.026 Thread 0x000002626955b810 flushing nmethod 0x00000262541d5890
Event: 22.026 Thread 0x000002626955b810 flushing nmethod 0x00000262541de810
Event: 22.026 Thread 0x000002626955b810 flushing nmethod 0x00000262541f3310
Event: 22.026 Thread 0x000002626955b810 flushing nmethod 0x0000026254208d10
Event: 22.026 Thread 0x000002626955b810 flushing nmethod 0x0000026254240a10
Event: 22.026 Thread 0x000002626955b810 flushing nmethod 0x000002625425a290
Event: 22.026 Thread 0x000002626955b810 flushing nmethod 0x0000026254265990
Event: 22.026 Thread 0x000002626955b810 flushing nmethod 0x0000026254271a10
Event: 22.027 Thread 0x000002626955b810 flushing nmethod 0x000002625428c390
Event: 22.027 Thread 0x000002626955b810 flushing nmethod 0x00000262542a1b90


Dynamic libraries:
0x00007ff627130000 - 0x00007ff627140000 	C:\Program Files\Java\jdk-17\bin\java.exe
0x00007ffe07190000 - 0x00007ffe07388000 	C:\Windows\SYSTEM32\ntdll.dll
0x00007ffe06030000 - 0x00007ffe060f2000 	C:\Windows\System32\KERNEL32.DLL
0x00007ffe04af0000 - 0x00007ffe04def000 	C:\Windows\System32\KERNELBASE.dll
0x00007ffe05040000 - 0x00007ffe05140000 	C:\Windows\System32\ucrtbase.dll
0x00007ffdf42b0000 - 0x00007ffdf42c9000 	C:\Program Files\Java\jdk-17\bin\jli.dll
0x00007ffdeb460000 - 0x00007ffdeb47b000 	C:\Program Files\Java\jdk-17\bin\VCRUNTIME140.dll
0x00007ffe07040000 - 0x00007ffe070ef000 	C:\Windows\System32\ADVAPI32.dll
0x00007ffe06ae0000 - 0x00007ffe06b7e000 	C:\Windows\System32\msvcrt.dll
0x00007ffe05f90000 - 0x00007ffe0602f000 	C:\Windows\System32\sechost.dll
0x00007ffe061d0000 - 0x00007ffe062f3000 	C:\Windows\System32\RPCRT4.dll
0x00007ffe04ac0000 - 0x00007ffe04ae7000 	C:\Windows\System32\bcrypt.dll
0x00007ffe06d30000 - 0x00007ffe06ecd000 	C:\Windows\System32\USER32.dll
0x00007ffdd8070000 - 0x00007ffdd830a000 	C:\Windows\WinSxS\amd64_microsoft.windows.common-controls_6595b64144ccf1df_6.0.19041.4355_none_60b8b9eb71f62e16\COMCTL32.dll
0x00007ffe04f10000 - 0x00007ffe04f32000 	C:\Windows\System32\win32u.dll
0x00007ffe06560000 - 0x00007ffe0658b000 	C:\Windows\System32\GDI32.dll
0x00007ffe04df0000 - 0x00007ffe04f0a000 	C:\Windows\System32\gdi32full.dll
0x00007ffe04990000 - 0x00007ffe04a2d000 	C:\Windows\System32\msvcp_win.dll
0x00007ffdfe6e0000 - 0x00007ffdfe6ea000 	C:\Windows\SYSTEM32\VERSION.dll
0x00007ffe05570000 - 0x00007ffe0559f000 	C:\Windows\System32\IMM32.DLL
0x00007ffdfd970000 - 0x00007ffdfd97c000 	C:\Program Files\Java\jdk-17\bin\vcruntime140_1.dll
0x00007ffddf7f0000 - 0x00007ffddf87e000 	C:\Program Files\Java\jdk-17\bin\msvcp140.dll
0x00007ffd74fa0000 - 0x00007ffd75b81000 	C:\Program Files\Java\jdk-17\bin\server\jvm.dll
0x00007ffe061c0000 - 0x00007ffe061c8000 	C:\Windows\System32\PSAPI.DLL
0x00007ffdf3a00000 - 0x00007ffdf3a09000 	C:\Windows\SYSTEM32\WSOCK32.dll
0x00007ffdf7680000 - 0x00007ffdf76a7000 	C:\Windows\SYSTEM32\WINMM.dll
0x00007ffe06fb0000 - 0x00007ffe0701b000 	C:\Windows\System32\WS2_32.dll
0x00007ffe03050000 - 0x00007ffe03062000 	C:\Windows\SYSTEM32\kernel.appcore.dll
0x00007ffdf42a0000 - 0x00007ffdf42aa000 	C:\Program Files\Java\jdk-17\bin\jimage.dll
0x00007ffe025a0000 - 0x00007ffe02784000 	C:\Windows\SYSTEM32\DBGHELP.DLL
0x00007ffdfcf10000 - 0x00007ffdfcf44000 	C:\Windows\SYSTEM32\dbgcore.DLL
0x00007ffe04a30000 - 0x00007ffe04ab2000 	C:\Windows\System32\bcryptPrimitives.dll
0x00007ffe00b20000 - 0x00007ffe00b2e000 	C:\Program Files\Java\jdk-17\bin\instrument.dll
0x00007ffde00a0000 - 0x00007ffde00c5000 	C:\Program Files\Java\jdk-17\bin\java.dll
0x00007ffddf710000 - 0x00007ffddf7e7000 	C:\Program Files\Java\jdk-17\bin\jsvml.dll
0x00007ffe05680000 - 0x00007ffe05ded000 	C:\Windows\System32\SHELL32.dll
0x00007ffe02890000 - 0x00007ffe03034000 	C:\Windows\SYSTEM32\windows.storage.dll
0x00007ffe051b0000 - 0x00007ffe05505000 	C:\Windows\System32\combase.dll
0x00007ffe04190000 - 0x00007ffe041bf000 	C:\Windows\SYSTEM32\Wldp.dll
0x00007ffe06590000 - 0x00007ffe0665d000 	C:\Windows\System32\OLEAUT32.dll
0x00007ffe06100000 - 0x00007ffe061ad000 	C:\Windows\System32\SHCORE.dll
0x00007ffe05510000 - 0x00007ffe05565000 	C:\Windows\System32\shlwapi.dll
0x00007ffe04760000 - 0x00007ffe04784000 	C:\Windows\SYSTEM32\profapi.dll
0x00007ffddfc80000 - 0x00007ffddfc98000 	C:\Program Files\Java\jdk-17\bin\zip.dll
0x00007ffdeb440000 - 0x00007ffdeb459000 	C:\Program Files\Java\jdk-17\bin\net.dll
0x00007ffdfbf00000 - 0x00007ffdfc00a000 	C:\Windows\SYSTEM32\WINHTTP.dll
0x00007ffe03ef0000 - 0x00007ffe03f5c000 	C:\Windows\system32\mswsock.dll
0x00007ffddfca0000 - 0x00007ffddfcb6000 	C:\Program Files\Java\jdk-17\bin\nio.dll
0x00007ffdfcdf0000 - 0x00007ffdfce0a000 	C:\Program Files\JetBrains\IntelliJ IDEA Community Edition 2023.3.2\bin\breakgen64.dll
0x00007ffdffb70000 - 0x00007ffdffb7a000 	C:\Program Files\Java\jdk-17\bin\management.dll
0x00007ffdfe0c0000 - 0x00007ffdfe0cb000 	C:\Program Files\Java\jdk-17\bin\management_ext.dll
0x00007ffe03c10000 - 0x00007ffe03cda000 	C:\Windows\SYSTEM32\DNSAPI.dll
0x00007ffe03bd0000 - 0x00007ffe03c0b000 	C:\Windows\SYSTEM32\IPHLPAPI.DLL
0x00007ffe061b0000 - 0x00007ffe061b8000 	C:\Windows\System32\NSI.dll
0x00007ffdfa240000 - 0x00007ffdfa24a000 	C:\Windows\System32\rasadhlp.dll
0x00007ffdfa310000 - 0x00007ffdfa390000 	C:\Windows\System32\fwpuclnt.dll
0x00007ffdfc4e0000 - 0x00007ffdfc4f7000 	C:\Windows\SYSTEM32\dhcpcsvc6.DLL
0x00007ffdfd3a0000 - 0x00007ffdfd3bd000 	C:\Windows\SYSTEM32\dhcpcsvc.DLL
0x00007ffdfdfe0000 - 0x00007ffdfdfee000 	C:\Program Files\Java\jdk-17\bin\sunmscapi.dll
0x00007ffe04830000 - 0x00007ffe0498c000 	C:\Windows\System32\CRYPT32.dll
0x00007ffe04200000 - 0x00007ffe04227000 	C:\Windows\SYSTEM32\ncrypt.dll
0x00007ffe041c0000 - 0x00007ffe041fb000 	C:\Windows\SYSTEM32\NTASN1.dll
0x00007ffe040f0000 - 0x00007ffe04108000 	C:\Windows\SYSTEM32\CRYPTSP.dll
0x00007ffe03810000 - 0x00007ffe03844000 	C:\Windows\system32\rsaenh.dll
0x00007ffe04720000 - 0x00007ffe0474e000 	C:\Windows\SYSTEM32\USERENV.dll
0x00007ffe040e0000 - 0x00007ffe040ec000 	C:\Windows\SYSTEM32\CRYPTBASE.dll
0x00007ffe00530000 - 0x00007ffe00540000 	C:\Program Files\Java\jdk-17\bin\verify.dll

dbghelp: loaded successfully - version: 4.0.5 - missing functions: none
symbol engine: initialized successfully - sym options: 0x614 - pdb path: .;C:\Program Files\Java\jdk-17\bin;C:\Windows\SYSTEM32;C:\Windows\WinSxS\amd64_microsoft.windows.common-controls_6595b64144ccf1df_6.0.19041.4355_none_60b8b9eb71f62e16;C:\Program Files\Java\jdk-17\bin\server;C:\Program Files\JetBrains\IntelliJ IDEA Community Edition 2023.3.2\bin

VM Arguments:
jvm_args: -javaagent:C:\Program Files\JetBrains\IntelliJ IDEA Community Edition 2023.3.2\lib\idea_rt.jar=60914:C:\Program Files\JetBrains\IntelliJ IDEA Community Edition 2023.3.2\bin -Dfile.encoding=UTF-8 
java_command: com.microservices.transaccion_service.TransaccionServiceApplication
java_class_path (initial): C:\Users\catap\Desktop\Delfi\WalletDH\transaccion-service\target\classes;C:\Users\catap\.m2\repository\org\springframework\boot\spring-boot-starter-data-jpa\3.4.0\spring-boot-starter-data-jpa-3.4.0.jar;C:\Users\catap\.m2\repository\org\springframework\boot\spring-boot-starter\3.4.0\spring-boot-starter-3.4.0.jar;C:\Users\catap\.m2\repository\org\springframework\boot\spring-boot-starter-logging\3.4.0\spring-boot-starter-logging-3.4.0.jar;C:\Users\catap\.m2\repository\ch\qos\logback\logback-classic\1.5.12\logback-classic-1.5.12.jar;C:\Users\catap\.m2\repository\ch\qos\logback\logback-core\1.5.12\logback-core-1.5.12.jar;C:\Users\catap\.m2\repository\org\apache\logging\log4j\log4j-to-slf4j\2.24.1\log4j-to-slf4j-2.24.1.jar;C:\Users\catap\.m2\repository\org\apache\logging\log4j\log4j-api\2.24.1\log4j-api-2.24.1.jar;C:\Users\catap\.m2\repository\org\slf4j\jul-to-slf4j\2.0.16\jul-to-slf4j-2.0.16.jar;C:\Users\catap\.m2\repository\jakarta\annotation\jakarta.annotation-api\2.1.1\jakarta.annotation-api-2.1.1.jar;C:\Users\catap\.m2\repository\org\yaml\snakeyaml\2.3\snakeyaml-2.3.jar;C:\Users\catap\.m2\repository\org\springframework\boot\spring-boot-starter-jdbc\3.4.0\spring-boot-starter-jdbc-3.4.0.jar;C:\Users\catap\.m2\repository\com\zaxxer\HikariCP\5.1.0\HikariCP-5.1.0.jar;C:\Users\catap\.m2\repository\org\springframework\spring-jdbc\6.2.0\spring-jdbc-6.2.0.jar;C:\Users\catap\.m2\repository\org\hibernate\orm\hibernate-core\6.6.2.Final\hibernate-core-6.6.2.Final.jar;C:\Users\catap\.m2\repository\jakarta\persistence\jakarta.persistence-api\3.1.0\jakarta.persistence-api-3.1.0.jar;C:\Users\catap\.m2\repository\jakarta\transaction\jakarta.transaction-api\2.0.1\jakarta.transaction-api-2.0.1.jar;C:\Users\catap\.m2\repository\org\jboss\logging\jboss-logging\3.6.1.Final\jboss-logging-3.6.1.Final.jar;C:\Users\catap\.m2\repository\org\hibernate\common\hibernate-commons-annotations\7.0.3.Final\hibernate-commons-annotations-7.0.3.Final.jar;C:\Users\catap\.m2\rep
Launcher Type: SUN_STANDARD

[Global flags]
     intx CICompilerCount                          = 3                                         {product} {ergonomic}
     uint ConcGCThreads                            = 1                                         {product} {ergonomic}
     uint G1ConcRefinementThreads                  = 4                                         {product} {ergonomic}
   size_t G1HeapRegionSize                         = 1048576                                   {product} {ergonomic}
    uintx GCDrainStackTargetSize                   = 64                                        {product} {ergonomic}
   size_t InitialHeapSize                          = 134217728                                 {product} {ergonomic}
   size_t MarkStackSize                            = 4194304                                   {product} {ergonomic}
   size_t MaxHeapSize                              = 2116026368                                {product} {ergonomic}
   size_t MaxNewSize                               = 1268776960                                {product} {ergonomic}
   size_t MinHeapDeltaBytes                        = 1048576                                   {product} {ergonomic}
   size_t MinHeapSize                              = 8388608                                   {product} {ergonomic}
    uintx NonNMethodCodeHeapSize                   = 5832780                                {pd product} {ergonomic}
    uintx NonProfiledCodeHeapSize                  = 122912730                              {pd product} {ergonomic}
    uintx ProfiledCodeHeapSize                     = 122912730                              {pd product} {ergonomic}
    uintx ReservedCodeCacheSize                    = 251658240                              {pd product} {ergonomic}
     bool SegmentedCodeCache                       = true                                      {product} {ergonomic}
   size_t SoftMaxHeapSize                          = 2116026368                             {manageable} {ergonomic}
     bool UseCompressedClassPointers               = true                           {product lp64_product} {ergonomic}
     bool UseCompressedOops                        = true                           {product lp64_product} {ergonomic}
     bool UseG1GC                                  = true                                      {product} {ergonomic}
     bool UseLargePagesIndividualAllocation        = false                                  {pd product} {ergonomic}

Logging:
Log output configuration:
 #0: stdout all=warning uptime,level,tags
 #1: stderr all=off uptime,level,tags

Environment Variables:
JAVA_HOME=C:\Program Files\Java\jdk-17
PATH=C:\Program Files\Common Files\Oracle\Java\javapath;C:\Program Files\Java\jdk-17\bin;C:\Windows\system32;C:\Windows;C:\Windows\System32\Wbem;C:\Windows\System32\WindowsPowerShell\v1.0\;C:\Windows\System32\OpenSSH\;C:\Program Files\Git\cmd;C:\Program Files\Java\jdk1.8.0_202\bin;C:\Program Files\Java\jdk-17\bin;C:\Users\catap\Downloads\flutter\bin;C:\workspace\apache-maven-3.9.6-bin\apache-maven-3.9.6\bin;C:\Program Files\Go\bin;C:\Program Files (x86)\Go\bin;C:\xampp\mysql\bin;C:\Program Files\nodejs\;C:\Program Files\MySQL\MySQL Shell 8.0\bin\;C:\Users\catap\AppData\Local\Microsoft\WindowsApps;C:\Users\catap\AppData\Local\Programs\Microsoft VS Code\bin;C:\Users\catap\go\bin;C:\Users\catap\Downloads\chromedriver-win64;C:\Users\catap\AppData\Roaming\npm
USERNAME=catap
OS=Windows_NT
PROCESSOR_IDENTIFIER=Intel64 Family 6 Model 142 Stepping 9, GenuineIntel



---------------  S Y S T E M  ---------------

OS:
 Windows 10 , 64 bit Build 19041 (10.0.19041.5438)
OS uptime: 11 days 14:42 hours

CPU: total 4 (initial active 4) (2 cores per cpu, 2 threads per core) family 6 model 142 stepping 9 microcode 0xb4, cx8, cmov, fxsr, ht, mmx, 3dnowpref, sse, sse2, sse3, ssse3, sse4.1, sse4.2, popcnt, lzcnt, tsc, tscinvbit, avx, avx2, aes, erms, clmul, bmi1, bmi2, adx, fma, vzeroupper, clflush, clflushopt

Memory: 4k page, system-wide physical 8071M (473M free)
TotalPageFile size 32647M (AvailPageFile size 124M)
current process WorkingSet (physical memory assigned to process): 296M, peak: 310M
current process commit charge ("private bytes"): 372M, peak: 414M

vm_info: Java HotSpot(TM) 64-Bit Server VM (17.0.9+11-LTS-201) for windows-amd64 JRE (17.0.9+11-LTS-201), built on Oct 10 2023 23:16:06 by "mach5one" with MS VC++ 17.1 (VS2022)

END.
